{"C:\\Users\\Test\\Documents\\H.O.P.E\\src\\backend\\src\\app.module.ts": {"path":"C:\\Users\\Test\\Documents\\H.O.P.E\\src\\backend\\src\\app.module.ts","statementMap":{"0":{"start":{"line":1,"column":0},"end":{"line":1,"column":40}},"1":{"start":{"line":2,"column":0},"end":{"line":2,"column":48}},"2":{"start":{"line":3,"column":0},"end":{"line":3,"column":48}},"3":{"start":{"line":4,"column":0},"end":{"line":4,"column":66}},"4":{"start":{"line":5,"column":0},"end":{"line":5,"column":28}},"5":{"start":{"line":6,"column":0},"end":{"line":6,"column":43}},"6":{"start":{"line":7,"column":0},"end":{"line":7,"column":52}},"7":{"start":{"line":8,"column":0},"end":{"line":8,"column":50}},"8":{"start":{"line":9,"column":0},"end":{"line":9,"column":40}},"9":{"start":{"line":10,"column":0},"end":{"line":10,"column":44}},"10":{"start":{"line":11,"column":0},"end":{"line":11,"column":52}},"11":{"start":{"line":12,"column":0},"end":{"line":12,"column":58}},"12":{"start":{"line":13,"column":0},"end":{"line":13,"column":67}},"13":{"start":{"line":14,"column":0},"end":{"line":14,"column":50}},"14":{"start":{"line":15,"column":0},"end":{"line":15,"column":54}},"15":{"start":{"line":16,"column":0},"end":{"line":16,"column":57}},"16":{"start":{"line":17,"column":0},"end":{"line":17,"column":62}},"17":{"start":{"line":18,"column":0},"end":{"line":18,"column":59}},"18":{"start":{"line":19,"column":0},"end":{"line":19,"column":67}},"19":{"start":{"line":20,"column":0},"end":{"line":20,"column":53}},"20":{"start":{"line":21,"column":0},"end":{"line":21,"column":77}},"21":{"start":{"line":22,"column":0},"end":{"line":22,"column":62}},"22":{"start":{"line":23,"column":0},"end":{"line":23,"column":45}},"23":{"start":{"line":62,"column":7},"end":{"line":62,"column":null}},"24":{"start":{"line":62,"column":13},"end":{"line":62,"column":22}},"25":{"start":{"line":62,"column":13},"end":{"line":62,"column":null}}},"fnMap":{},"branchMap":{"0":{"loc":{"start":{"line":36,"column":27},"end":{"line":38,"column":31}},"type":"cond-expr","locations":[{"start":{"line":37,"column":22},"end":{"line":37,"column":76}},{"start":{"line":38,"column":22},"end":{"line":38,"column":31}}]},"1":{"loc":{"start":{"line":39,"column":23},"end":{"line":39,"column":54}},"type":"binary-expr","locations":[{"start":{"line":39,"column":23},"end":{"line":39,"column":44}},{"start":{"line":39,"column":48},"end":{"line":39,"column":54}}]}},"s":{"0":0,"1":0,"2":0,"3":0,"4":0,"5":0,"6":0,"7":0,"8":0,"9":0,"10":0,"11":0,"12":0,"13":0,"14":0,"15":0,"16":0,"17":0,"18":0,"19":0,"20":0,"21":0,"22":0,"23":0,"24":0,"25":0},"f":{},"b":{"0":[0,0],"1":[0,0]}}
,"C:\\Users\\Test\\Documents\\H.O.P.E\\src\\backend\\src\\main.ts": {"path":"C:\\Users\\Test\\Documents\\H.O.P.E\\src\\backend\\src\\main.ts","statementMap":{"0":{"start":{"line":1,"column":0},"end":{"line":1,"column":22}},"1":{"start":{"line":2,"column":0},"end":{"line":2,"column":60}},"2":{"start":{"line":3,"column":0},"end":{"line":3,"column":41}},"3":{"start":{"line":4,"column":0},"end":{"line":4,"column":56}},"4":{"start":{"line":5,"column":0},"end":{"line":5,"column":65}},"5":{"start":{"line":6,"column":0},"end":{"line":6,"column":77}},"6":{"start":{"line":7,"column":0},"end":{"line":7,"column":51}},"7":{"start":{"line":10,"column":16},"end":{"line":10,"column":73}},"8":{"start":{"line":13,"column":4},"end":{"line":13,"column":39}},"9":{"start":{"line":16,"column":4},"end":{"line":20,"column":8}},"10":{"start":{"line":23,"column":24},"end":{"line":23,"column":48}},"11":{"start":{"line":24,"column":4},"end":{"line":24,"column":63}},"12":{"start":{"line":27,"column":19},"end":{"line":32,"column":16}},"13":{"start":{"line":33,"column":21},"end":{"line":33,"column":62}},"14":{"start":{"line":34,"column":4},"end":{"line":34,"column":46}},"15":{"start":{"line":36,"column":17},"end":{"line":36,"column":41}},"16":{"start":{"line":37,"column":19},"end":{"line":37,"column":42}},"17":{"start":{"line":38,"column":4},"end":{"line":38,"column":27}},"18":{"start":{"line":39,"column":4},"end":{"line":39,"column":67}},"19":{"start":{"line":40,"column":4},"end":{"line":40,"column":71}},"20":{"start":{"line":42,"column":0},"end":{"line":42,"column":12}}},"fnMap":{"0":{"name":"bootstrap","decl":{"start":{"line":9,"column":15},"end":{"line":9,"column":24}},"loc":{"start":{"line":9,"column":24},"end":{"line":41,"column":1}}}},"branchMap":{"0":{"loc":{"start":{"line":36,"column":17},"end":{"line":36,"column":41}},"type":"binary-expr","locations":[{"start":{"line":36,"column":17},"end":{"line":36,"column":33}},{"start":{"line":36,"column":37},"end":{"line":36,"column":41}}]}},"s":{"0":0,"1":0,"2":0,"3":0,"4":0,"5":0,"6":0,"7":0,"8":0,"9":0,"10":0,"11":0,"12":0,"13":0,"14":0,"15":0,"16":0,"17":0,"18":0,"19":0,"20":0},"f":{"0":0},"b":{"0":[0,0]}}
,"C:\\Users\\Test\\Documents\\H.O.P.E\\src\\backend\\src\\otel-setup.ts": {"path":"C:\\Users\\Test\\Documents\\H.O.P.E\\src\\backend\\src\\otel-setup.ts","statementMap":{"0":{"start":{"line":1,"column":0},"end":{"line":1,"column":50}},"1":{"start":{"line":2,"column":0},"end":{"line":2,"column":88}},"2":{"start":{"line":3,"column":0},"end":{"line":3,"column":76}},"3":{"start":{"line":7,"column":22},"end":{"line":9,"column":2}},"4":{"start":{"line":11,"column":13},"end":{"line":19,"column":3}},"5":{"start":{"line":22,"column":0},"end":{"line":25,"column":1}},"6":{"start":{"line":23,"column":4},"end":{"line":23,"column":22}},"7":{"start":{"line":24,"column":4},"end":{"line":24,"column":45}},"8":{"start":{"line":28,"column":0},"end":{"line":33,"column":3}},"9":{"start":{"line":29,"column":4},"end":{"line":32,"column":40}},"10":{"start":{"line":30,"column":20},"end":{"line":30,"column":53}},"11":{"start":{"line":31,"column":26},"end":{"line":31,"column":73}},"12":{"start":{"line":32,"column":23},"end":{"line":32,"column":38}}},"fnMap":{"0":{"name":"(anonymous_0)","decl":{"start":{"line":28,"column":22},"end":{"line":28,"column":25}},"loc":{"start":{"line":28,"column":27},"end":{"line":33,"column":1}}},"1":{"name":"(anonymous_1)","decl":{"start":{"line":30,"column":14},"end":{"line":30,"column":17}},"loc":{"start":{"line":30,"column":20},"end":{"line":30,"column":53}}},"2":{"name":"(anonymous_2)","decl":{"start":{"line":31,"column":15},"end":{"line":31,"column":16}},"loc":{"start":{"line":31,"column":26},"end":{"line":31,"column":73}}},"3":{"name":"(anonymous_3)","decl":{"start":{"line":32,"column":17},"end":{"line":32,"column":20}},"loc":{"start":{"line":32,"column":23},"end":{"line":32,"column":38}}}},"branchMap":{"0":{"loc":{"start":{"line":8,"column":9},"end":{"line":8,"column":75}},"type":"binary-expr","locations":[{"start":{"line":8,"column":9},"end":{"line":8,"column":48}},{"start":{"line":8,"column":52},"end":{"line":8,"column":75}}]},"1":{"loc":{"start":{"line":15,"column":34},"end":{"line":15,"column":71}},"type":"binary-expr","locations":[{"start":{"line":15,"column":34},"end":{"line":15,"column":54}},{"start":{"line":15,"column":58},"end":{"line":15,"column":71}}]},"2":{"loc":{"start":{"line":22,"column":0},"end":{"line":25,"column":1}},"type":"if","locations":[{"start":{"line":22,"column":0},"end":{"line":25,"column":1}}]}},"s":{"0":0,"1":0,"2":0,"3":0,"4":0,"5":0,"6":0,"7":0,"8":0,"9":0,"10":0,"11":0,"12":0},"f":{"0":0,"1":0,"2":0,"3":0},"b":{"0":[0,0],"1":[0,0],"2":[0]}}
,"C:\\Users\\Test\\Documents\\H.O.P.E\\src\\backend\\src\\common\\filters\\all-exceptions.filter.ts": {"path":"C:\\Users\\Test\\Documents\\H.O.P.E\\src\\backend\\src\\common\\filters\\all-exceptions.filter.ts","statementMap":{"0":{"start":{"line":2,"column":0},"end":{"line":2,"column":null}},"1":{"start":{"line":10,"column":0},"end":{"line":10,"column":47}},"2":{"start":{"line":13,"column":32},"end":{"line":46,"column":null}},"3":{"start":{"line":16,"column":33},"end":{"line":16,"column":50}},"4":{"start":{"line":14,"column":21},"end":{"line":14,"column":67}},"5":{"start":{"line":21,"column":32},"end":{"line":21,"column":52}},"6":{"start":{"line":23,"column":20},"end":{"line":23,"column":39}},"7":{"start":{"line":26,"column":12},"end":{"line":28,"column":50}},"8":{"start":{"line":30,"column":29},"end":{"line":38,"column":10}},"9":{"start":{"line":40,"column":8},"end":{"line":42,"column":9}},"10":{"start":{"line":41,"column":12},"end":{"line":41,"column":73}},"11":{"start":{"line":44,"column":8},"end":{"line":44,"column":71}},"12":{"start":{"line":13,"column":13},"end":{"line":13,"column":32}},"13":{"start":{"line":13,"column":13},"end":{"line":46,"column":null}}},"fnMap":{"0":{"name":"(anonymous_2)","decl":{"start":{"line":16,"column":4},"end":{"line":16,"column":33}},"loc":{"start":{"line":16,"column":65},"end":{"line":16,"column":70}}},"1":{"name":"(anonymous_3)","decl":{"start":{"line":18,"column":4},"end":{"line":18,"column":9}},"loc":{"start":{"line":18,"column":49},"end":{"line":45,"column":5}}}},"branchMap":{"0":{"loc":{"start":{"line":26,"column":12},"end":{"line":28,"column":50}},"type":"cond-expr","locations":[{"start":{"line":27,"column":18},"end":{"line":27,"column":39}},{"start":{"line":28,"column":18},"end":{"line":28,"column":50}}]},"1":{"loc":{"start":{"line":35,"column":16},"end":{"line":37,"column":45}},"type":"cond-expr","locations":[{"start":{"line":36,"column":22},"end":{"line":36,"column":66}},{"start":{"line":37,"column":22},"end":{"line":37,"column":45}}]},"2":{"loc":{"start":{"line":36,"column":22},"end":{"line":36,"column":66}},"type":"binary-expr","locations":[{"start":{"line":36,"column":22},"end":{"line":36,"column":39}},{"start":{"line":36,"column":43},"end":{"line":36,"column":66}}]},"3":{"loc":{"start":{"line":40,"column":8},"end":{"line":42,"column":9}},"type":"if","locations":[{"start":{"line":40,"column":8},"end":{"line":42,"column":9}}]}},"s":{"0":0,"1":0,"2":0,"3":0,"4":0,"5":0,"6":0,"7":0,"8":0,"9":0,"10":0,"11":0,"12":0,"13":0},"f":{"0":0,"1":0},"b":{"0":[0,0],"1":[0,0],"2":[0,0],"3":[0]}}
,"C:\\Users\\Test\\Documents\\H.O.P.E\\src\\backend\\src\\config\\database.config.ts": {"path":"C:\\Users\\Test\\Documents\\H.O.P.E\\src\\backend\\src\\config\\database.config.ts","statementMap":{"0":{"start":{"line":2,"column":0},"end":{"line":2,"column":28}},"1":{"start":{"line":4,"column":33},"end":{"line":35,"column":1}},"2":{"start":{"line":5,"column":19},"end":{"line":5,"column":50}},"3":{"start":{"line":6,"column":21},"end":{"line":6,"column":53}},"4":{"start":{"line":8,"column":4},"end":{"line":17,"column":5}},"5":{"start":{"line":9,"column":8},"end":{"line":16,"column":10}},"6":{"start":{"line":19,"column":4},"end":{"line":34,"column":6}},"7":{"start":{"line":4,"column":13},"end":{"line":4,"column":33}}},"fnMap":{"0":{"name":"(anonymous_0)","decl":{"start":{"line":4,"column":33},"end":{"line":4,"column":58}},"loc":{"start":{"line":4,"column":60},"end":{"line":35,"column":1}}}},"branchMap":{"0":{"loc":{"start":{"line":8,"column":4},"end":{"line":17,"column":5}},"type":"if","locations":[{"start":{"line":8,"column":4},"end":{"line":17,"column":5}}]},"1":{"loc":{"start":{"line":8,"column":8},"end":{"line":8,"column":26}},"type":"binary-expr","locations":[{"start":{"line":8,"column":8},"end":{"line":8,"column":16}},{"start":{"line":8,"column":20},"end":{"line":8,"column":26}}]},"2":{"loc":{"start":{"line":21,"column":14},"end":{"line":21,"column":48}},"type":"binary-expr","locations":[{"start":{"line":21,"column":14},"end":{"line":21,"column":33}},{"start":{"line":21,"column":37},"end":{"line":21,"column":48}}]},"3":{"loc":{"start":{"line":22,"column":23},"end":{"line":22,"column":52}},"type":"binary-expr","locations":[{"start":{"line":22,"column":23},"end":{"line":22,"column":42}},{"start":{"line":22,"column":46},"end":{"line":22,"column":52}}]},"4":{"loc":{"start":{"line":23,"column":18},"end":{"line":23,"column":51}},"type":"binary-expr","locations":[{"start":{"line":23,"column":18},"end":{"line":23,"column":41}},{"start":{"line":23,"column":45},"end":{"line":23,"column":51}}]},"5":{"loc":{"start":{"line":24,"column":18},"end":{"line":24,"column":60}},"type":"binary-expr","locations":[{"start":{"line":24,"column":18},"end":{"line":24,"column":41}},{"start":{"line":24,"column":45},"end":{"line":24,"column":60}}]},"6":{"loc":{"start":{"line":25,"column":18},"end":{"line":25,"column":54}},"type":"binary-expr","locations":[{"start":{"line":25,"column":18},"end":{"line":25,"column":41}},{"start":{"line":25,"column":45},"end":{"line":25,"column":54}}]},"7":{"loc":{"start":{"line":29,"column":13},"end":{"line":29,"column":82}},"type":"cond-expr","locations":[{"start":{"line":29,"column":45},"end":{"line":29,"column":74}},{"start":{"line":29,"column":77},"end":{"line":29,"column":82}}]},"8":{"loc":{"start":{"line":31,"column":26},"end":{"line":31,"column":58}},"type":"binary-expr","locations":[{"start":{"line":31,"column":26},"end":{"line":31,"column":50}},{"start":{"line":31,"column":54},"end":{"line":31,"column":58}}]}},"s":{"0":0,"1":0,"2":0,"3":0,"4":0,"5":0,"6":0,"7":0},"f":{"0":0},"b":{"0":[0],"1":[0,0],"2":[0,0],"3":[0,0],"4":[0,0],"5":[0,0],"6":[0,0],"7":[0,0],"8":[0,0]}}
,"C:\\Users\\Test\\Documents\\H.O.P.E\\src\\backend\\src\\config\\index.ts": {"path":"C:\\Users\\Test\\Documents\\H.O.P.E\\src\\backend\\src\\config\\index.ts","statementMap":{"0":{"start":{"line":1,"column":0},"end":{"line":1,"column":34}}},"fnMap":{},"branchMap":{},"s":{"0":0},"f":{},"b":{}}
,"C:\\Users\\Test\\Documents\\H.O.P.E\\src\\backend\\src\\database\\migrations\\1706000000000-InitialSchema.ts": {"path":"C:\\Users\\Test\\Documents\\H.O.P.E\\src\\backend\\src\\database\\migrations\\1706000000000-InitialSchema.ts","statementMap":{"0":{"start":{"line":1,"column":0},"end":{"line":1,"column":94}},"1":{"start":{"line":4,"column":4},"end":{"line":4,"column":40}},"2":{"start":{"line":8,"column":8},"end":{"line":10,"column":11}},"3":{"start":{"line":12,"column":8},"end":{"line":14,"column":11}},"4":{"start":{"line":16,"column":8},"end":{"line":18,"column":11}},"5":{"start":{"line":20,"column":8},"end":{"line":22,"column":11}},"6":{"start":{"line":24,"column":8},"end":{"line":26,"column":11}},"7":{"start":{"line":29,"column":8},"end":{"line":95,"column":10}},"8":{"start":{"line":98,"column":8},"end":{"line":209,"column":10}},"9":{"start":{"line":212,"column":8},"end":{"line":293,"column":10}},"10":{"start":{"line":296,"column":8},"end":{"line":346,"column":10}},"11":{"start":{"line":349,"column":8},"end":{"line":355,"column":10}},"12":{"start":{"line":357,"column":8},"end":{"line":363,"column":10}},"13":{"start":{"line":365,"column":8},"end":{"line":371,"column":10}},"14":{"start":{"line":373,"column":8},"end":{"line":379,"column":10}},"15":{"start":{"line":381,"column":8},"end":{"line":387,"column":10}},"16":{"start":{"line":389,"column":8},"end":{"line":395,"column":10}},"17":{"start":{"line":397,"column":8},"end":{"line":403,"column":10}},"18":{"start":{"line":406,"column":8},"end":{"line":415,"column":10}},"19":{"start":{"line":417,"column":8},"end":{"line":426,"column":10}},"20":{"start":{"line":429,"column":8},"end":{"line":429,"column":78}},"21":{"start":{"line":432,"column":8},"end":{"line":438,"column":9}},"22":{"start":{"line":433,"column":12},"end":{"line":435,"column":15}},"23":{"start":{"line":437,"column":12},"end":{"line":437,"column":92}},"24":{"start":{"line":443,"column":8},"end":{"line":443,"column":88}},"25":{"start":{"line":444,"column":8},"end":{"line":444,"column":100}},"26":{"start":{"line":447,"column":8},"end":{"line":447,"column":88}},"27":{"start":{"line":448,"column":8},"end":{"line":448,"column":94}},"28":{"start":{"line":449,"column":8},"end":{"line":449,"column":95}},"29":{"start":{"line":450,"column":8},"end":{"line":450,"column":96}},"30":{"start":{"line":451,"column":8},"end":{"line":451,"column":68}},"31":{"start":{"line":452,"column":8},"end":{"line":452,"column":75}},"32":{"start":{"line":453,"column":8},"end":{"line":453,"column":73}},"33":{"start":{"line":456,"column":8},"end":{"line":456,"column":53}},"34":{"start":{"line":457,"column":8},"end":{"line":457,"column":59}},"35":{"start":{"line":458,"column":8},"end":{"line":458,"column":48}},"36":{"start":{"line":459,"column":8},"end":{"line":459,"column":45}},"37":{"start":{"line":462,"column":8},"end":{"line":462,"column":75}},"38":{"start":{"line":463,"column":8},"end":{"line":463,"column":77}},"39":{"start":{"line":464,"column":8},"end":{"line":464,"column":80}},"40":{"start":{"line":465,"column":8},"end":{"line":465,"column":72}},"41":{"start":{"line":466,"column":8},"end":{"line":466,"column":72}},"42":{"start":{"line":3,"column":0},"end":{"line":3,"column":13}}},"fnMap":{"0":{"name":"(anonymous_0)","decl":{"start":{"line":3,"column":0},"end":{"line":3,"column":13}},"loc":{"start":{"line":3,"column":0},"end":{"line":468,"column":1}}},"1":{"name":"(anonymous_1)","decl":{"start":{"line":6,"column":11},"end":{"line":6,"column":16}},"loc":{"start":{"line":6,"column":44},"end":{"line":439,"column":5}}},"2":{"name":"(anonymous_2)","decl":{"start":{"line":441,"column":11},"end":{"line":441,"column":16}},"loc":{"start":{"line":441,"column":46},"end":{"line":467,"column":5}}}},"branchMap":{},"s":{"0":0,"1":0,"2":0,"3":0,"4":0,"5":0,"6":0,"7":0,"8":0,"9":0,"10":0,"11":0,"12":0,"13":0,"14":0,"15":0,"16":0,"17":0,"18":0,"19":0,"20":0,"21":0,"22":0,"23":0,"24":0,"25":0,"26":0,"27":0,"28":0,"29":0,"30":0,"31":0,"32":0,"33":0,"34":0,"35":0,"36":0,"37":0,"38":0,"39":0,"40":0,"41":0,"42":0},"f":{"0":0,"1":0,"2":0},"b":{}}
,"C:\\Users\\Test\\Documents\\H.O.P.E\\src\\backend\\src\\database\\migrations\\index.ts": {"path":"C:\\Users\\Test\\Documents\\H.O.P.E\\src\\backend\\src\\database\\migrations\\index.ts","statementMap":{"0":{"start":{"line":1,"column":0},"end":{"line":1,"column":46}}},"fnMap":{},"branchMap":{},"s":{"0":0},"f":{},"b":{}}
,"C:\\Users\\Test\\Documents\\H.O.P.E\\src\\backend\\src\\health\\health.controller.ts": {"path":"C:\\Users\\Test\\Documents\\H.O.P.E\\src\\backend\\src\\health\\health.controller.ts","statementMap":{"0":{"start":{"line":1,"column":0},"end":{"line":1,"column":49}},"1":{"start":{"line":2,"column":0},"end":{"line":2,"column":37}},"2":{"start":{"line":3,"column":0},"end":{"line":3,"column":51}},"3":{"start":{"line":16,"column":7},"end":{"line":48,"column":null}},"4":{"start":{"line":21,"column":36},"end":{"line":21,"column":48}},"5":{"start":{"line":17,"column":21},"end":{"line":17,"column":44}},"6":{"start":{"line":18,"column":21},"end":{"line":18,"column":74}},"7":{"start":{"line":26,"column":30},"end":{"line":26,"column":59}},"8":{"start":{"line":28,"column":8},"end":{"line":36,"column":10}},"9":{"start":{"line":41,"column":8},"end":{"line":41,"column":56}},"10":{"start":{"line":46,"column":8},"end":{"line":46,"column":31}},"11":{"start":{"line":16,"column":13},"end":{"line":16,"column":29}},"12":{"start":{"line":25,"column":4},"end":{"line":37,"column":null}},"13":{"start":{"line":40,"column":4},"end":{"line":42,"column":null}},"14":{"start":{"line":45,"column":4},"end":{"line":47,"column":null}},"15":{"start":{"line":16,"column":13},"end":{"line":48,"column":null}}},"fnMap":{"0":{"name":"(anonymous_4)","decl":{"start":{"line":20,"column":4},"end":{"line":20,"column":null}},"loc":{"start":{"line":21,"column":58},"end":{"line":22,"column":9}}},"1":{"name":"(anonymous_5)","decl":{"start":{"line":25,"column":4},"end":{"line":25,"column":9}},"loc":{"start":{"line":25,"column":9},"end":{"line":37,"column":5}}},"2":{"name":"(anonymous_6)","decl":{"start":{"line":40,"column":4},"end":{"line":40,"column":13}},"loc":{"start":{"line":40,"column":13},"end":{"line":42,"column":5}}},"3":{"name":"(anonymous_7)","decl":{"start":{"line":45,"column":4},"end":{"line":45,"column":12}},"loc":{"start":{"line":45,"column":12},"end":{"line":47,"column":5}}}},"branchMap":{"0":{"loc":{"start":{"line":18,"column":31},"end":{"line":18,"column":73}},"type":"binary-expr","locations":[{"start":{"line":18,"column":31},"end":{"line":18,"column":62}},{"start":{"line":18,"column":66},"end":{"line":18,"column":73}}]},"1":{"loc":{"start":{"line":29,"column":20},"end":{"line":29,"column":53}},"type":"cond-expr","locations":[{"start":{"line":29,"column":36},"end":{"line":29,"column":40}},{"start":{"line":29,"column":43},"end":{"line":29,"column":53}}]},"2":{"loc":{"start":{"line":34,"column":24},"end":{"line":34,"column":68}},"type":"cond-expr","locations":[{"start":{"line":34,"column":40},"end":{"line":34,"column":51}},{"start":{"line":34,"column":54},"end":{"line":34,"column":68}}]}},"s":{"0":1,"1":1,"2":1,"3":1,"4":7,"5":7,"6":7,"7":4,"8":4,"9":1,"10":1,"11":1,"12":1,"13":1,"14":1,"15":1},"f":{"0":7,"1":4,"2":1,"3":1},"b":{"0":[7,0],"1":[4,0],"2":[4,0]}}
,"C:\\Users\\Test\\Documents\\H.O.P.E\\src\\backend\\src\\health\\health.module.ts": {"path":"C:\\Users\\Test\\Documents\\H.O.P.E\\src\\backend\\src\\health\\health.module.ts","statementMap":{"0":{"start":{"line":1,"column":0},"end":{"line":1,"column":40}},"1":{"start":{"line":2,"column":0},"end":{"line":2,"column":55}},"2":{"start":{"line":7,"column":7},"end":{"line":7,"column":null}},"3":{"start":{"line":7,"column":13},"end":{"line":7,"column":25}},"4":{"start":{"line":7,"column":13},"end":{"line":7,"column":null}}},"fnMap":{},"branchMap":{},"s":{"0":0,"1":0,"2":0,"3":0,"4":0},"f":{},"b":{}}
,"C:\\Users\\Test\\Documents\\H.O.P.E\\src\\backend\\src\\health\\index.ts": {"path":"C:\\Users\\Test\\Documents\\H.O.P.E\\src\\backend\\src\\health\\index.ts","statementMap":{"0":{"start":{"line":1,"column":0},"end":{"line":1,"column":36}},"1":{"start":{"line":2,"column":0},"end":{"line":2,"column":32}}},"fnMap":{},"branchMap":{},"s":{"0":0,"1":0},"f":{},"b":{}}
,"C:\\Users\\Test\\Documents\\H.O.P.E\\src\\backend\\src\\modules\\assets\\assets.controller.ts": {"path":"C:\\Users\\Test\\Documents\\H.O.P.E\\src\\backend\\src\\modules\\assets\\assets.controller.ts","statementMap":{"0":{"start":{"line":2,"column":0},"end":{"line":2,"column":49}},"1":{"start":{"line":3,"column":0},"end":{"line":3,"column":49}},"2":{"start":{"line":6,"column":7},"end":{"line":18,"column":null}},"3":{"start":{"line":7,"column":33},"end":{"line":7,"column":48}},"4":{"start":{"line":11,"column":8},"end":{"line":11,"column":52}},"5":{"start":{"line":16,"column":8},"end":{"line":16,"column":50}},"6":{"start":{"line":6,"column":13},"end":{"line":6,"column":29}},"7":{"start":{"line":10,"column":4},"end":{"line":12,"column":null}},"8":{"start":{"line":15,"column":10},"end":{"line":17,"column":null}},"9":{"start":{"line":6,"column":13},"end":{"line":18,"column":null}}},"fnMap":{"0":{"name":"(anonymous_2)","decl":{"start":{"line":7,"column":4},"end":{"line":7,"column":33}},"loc":{"start":{"line":7,"column":61},"end":{"line":7,"column":66}}},"1":{"name":"(anonymous_3)","decl":{"start":{"line":10,"column":4},"end":{"line":10,"column":19}},"loc":{"start":{"line":10,"column":19},"end":{"line":12,"column":5}}},"2":{"name":"(anonymous_4)","decl":{"start":{"line":15,"column":4},"end":{"line":15,"column":9}},"loc":{"start":{"line":15,"column":23},"end":{"line":17,"column":5}}}},"branchMap":{},"s":{"0":1,"1":1,"2":1,"3":3,"4":1,"5":1,"6":1,"7":1,"8":1,"9":1},"f":{"0":3,"1":1,"2":1},"b":{}}
,"C:\\Users\\Test\\Documents\\H.O.P.E\\src\\backend\\src\\modules\\assets\\assets.module.ts": {"path":"C:\\Users\\Test\\Documents\\H.O.P.E\\src\\backend\\src\\modules\\assets\\assets.module.ts","statementMap":{"0":{"start":{"line":2,"column":0},"end":{"line":2,"column":40}},"1":{"start":{"line":3,"column":0},"end":{"line":3,"column":48}},"2":{"start":{"line":4,"column":0},"end":{"line":4,"column":55}},"3":{"start":{"line":5,"column":0},"end":{"line":5,"column":49}},"4":{"start":{"line":6,"column":0},"end":{"line":6,"column":65}},"5":{"start":{"line":15,"column":7},"end":{"line":15,"column":null}},"6":{"start":{"line":15,"column":13},"end":{"line":15,"column":25}},"7":{"start":{"line":15,"column":13},"end":{"line":15,"column":null}}},"fnMap":{},"branchMap":{},"s":{"0":0,"1":0,"2":0,"3":0,"4":0,"5":0,"6":0,"7":0},"f":{},"b":{}}
,"C:\\Users\\Test\\Documents\\H.O.P.E\\src\\backend\\src\\modules\\assets\\assets.service.ts": {"path":"C:\\Users\\Test\\Documents\\H.O.P.E\\src\\backend\\src\\modules\\assets\\assets.service.ts","statementMap":{"0":{"start":{"line":2,"column":0},"end":{"line":2,"column":44}},"1":{"start":{"line":3,"column":0},"end":{"line":3,"column":51}},"2":{"start":{"line":4,"column":0},"end":{"line":4,"column":37}},"3":{"start":{"line":5,"column":0},"end":{"line":5,"column":65}},"4":{"start":{"line":8,"column":7},"end":{"line":38,"column":null}},"5":{"start":{"line":15,"column":25},"end":{"line":15,"column":44}},"6":{"start":{"line":19,"column":8},"end":{"line":24,"column":10}},"7":{"start":{"line":28,"column":31},"end":{"line":28,"column":96}},"8":{"start":{"line":30,"column":30},"end":{"line":30,"column":62}},"9":{"start":{"line":32,"column":8},"end":{"line":36,"column":10}},"10":{"start":{"line":8,"column":13},"end":{"line":8,"column":26}},"11":{"start":{"line":8,"column":13},"end":{"line":38,"column":null}}},"fnMap":{"0":{"name":"(anonymous_4)","decl":{"start":{"line":9,"column":4},"end":{"line":9,"column":null}},"loc":{"start":{"line":15,"column":63},"end":{"line":16,"column":9}}},"1":{"name":"(anonymous_5)","decl":{"start":{"line":18,"column":4},"end":{"line":18,"column":19}},"loc":{"start":{"line":18,"column":19},"end":{"line":25,"column":5}}},"2":{"name":"(anonymous_6)","decl":{"start":{"line":27,"column":4},"end":{"line":27,"column":9}},"loc":{"start":{"line":27,"column":23},"end":{"line":37,"column":5}}}},"branchMap":{},"s":{"0":1,"1":1,"2":1,"3":1,"4":1,"5":0,"6":0,"7":0,"8":0,"9":0,"10":1,"11":1},"f":{"0":0,"1":0,"2":0},"b":{}}
,"C:\\Users\\Test\\Documents\\H.O.P.E\\src\\backend\\src\\modules\\auth\\auth.controller.ts": {"path":"C:\\Users\\Test\\Documents\\H.O.P.E\\src\\backend\\src\\modules\\auth\\auth.controller.ts","statementMap":{"0":{"start":{"line":1,"column":0},"end":{"line":1,"column":null}},"1":{"start":{"line":12,"column":0},"end":{"line":12,"column":45}},"2":{"start":{"line":14,"column":0},"end":{"line":14,"column":71}},"3":{"start":{"line":15,"column":0},"end":{"line":15,"column":46}},"4":{"start":{"line":16,"column":0},"end":{"line":16,"column":55}},"5":{"start":{"line":17,"column":0},"end":{"line":17,"column":66}},"6":{"start":{"line":18,"column":0},"end":{"line":18,"column":55}},"7":{"start":{"line":19,"column":0},"end":{"line":19,"column":46}},"8":{"start":{"line":22,"column":7},"end":{"line":103,"column":null}},"9":{"start":{"line":23,"column":33},"end":{"line":23,"column":46}},"10":{"start":{"line":28,"column":8},"end":{"line":28,"column":46}},"11":{"start":{"line":35,"column":8},"end":{"line":35,"column":43}},"12":{"start":{"line":45,"column":8},"end":{"line":45,"column":68}},"13":{"start":{"line":52,"column":8},"end":{"line":52,"column":46}},"14":{"start":{"line":53,"column":8},"end":{"line":53,"column":54}},"15":{"start":{"line":59,"column":61},"end":{"line":59,"column":65}},"16":{"start":{"line":60,"column":8},"end":{"line":60,"column":72}},"17":{"start":{"line":69,"column":8},"end":{"line":69,"column":65}},"18":{"start":{"line":70,"column":8},"end":{"line":70,"column":64}},"19":{"start":{"line":84,"column":23},"end":{"line":84,"column":73}},"20":{"start":{"line":86,"column":8},"end":{"line":86,"column":32}},"21":{"start":{"line":100,"column":23},"end":{"line":100,"column":73}},"22":{"start":{"line":101,"column":8},"end":{"line":101,"column":32}},"23":{"start":{"line":22,"column":13},"end":{"line":22,"column":27}},"24":{"start":{"line":27,"column":10},"end":{"line":29,"column":null}},"25":{"start":{"line":34,"column":10},"end":{"line":36,"column":null}},"26":{"start":{"line":41,"column":10},"end":{"line":46,"column":null}},"27":{"start":{"line":51,"column":10},"end":{"line":54,"column":null}},"28":{"start":{"line":58,"column":10},"end":{"line":61,"column":null}},"29":{"start":{"line":65,"column":10},"end":{"line":71,"column":null}},"30":{"start":{"line":76,"column":10},"end":{"line":78,"column":null}},"31":{"start":{"line":83,"column":10},"end":{"line":87,"column":null}},"32":{"start":{"line":92,"column":10},"end":{"line":94,"column":null}},"33":{"start":{"line":99,"column":10},"end":{"line":102,"column":null}},"34":{"start":{"line":22,"column":13},"end":{"line":103,"column":null}}},"fnMap":{"0":{"name":"(anonymous_4)","decl":{"start":{"line":23,"column":4},"end":{"line":23,"column":33}},"loc":{"start":{"line":23,"column":57},"end":{"line":23,"column":62}}},"1":{"name":"(anonymous_5)","decl":{"start":{"line":27,"column":4},"end":{"line":27,"column":9}},"loc":{"start":{"line":27,"column":43},"end":{"line":29,"column":5}}},"2":{"name":"(anonymous_6)","decl":{"start":{"line":34,"column":4},"end":{"line":34,"column":9}},"loc":{"start":{"line":34,"column":37},"end":{"line":36,"column":5}}},"3":{"name":"(anonymous_7)","decl":{"start":{"line":41,"column":4},"end":{"line":41,"column":9}},"loc":{"start":{"line":43,"column":50},"end":{"line":46,"column":5}}},"4":{"name":"(anonymous_8)","decl":{"start":{"line":51,"column":4},"end":{"line":51,"column":9}},"loc":{"start":{"line":51,"column":50},"end":{"line":54,"column":5}}},"5":{"name":"(anonymous_9)","decl":{"start":{"line":58,"column":4},"end":{"line":58,"column":9}},"loc":{"start":{"line":58,"column":50},"end":{"line":61,"column":5}}},"6":{"name":"(anonymous_10)","decl":{"start":{"line":65,"column":4},"end":{"line":65,"column":9}},"loc":{"start":{"line":67,"column":40},"end":{"line":71,"column":5}}},"7":{"name":"(anonymous_11)","decl":{"start":{"line":76,"column":4},"end":{"line":76,"column":9}},"loc":{"start":{"line":76,"column":31},"end":{"line":78,"column":5}}},"8":{"name":"(anonymous_12)","decl":{"start":{"line":83,"column":4},"end":{"line":83,"column":9}},"loc":{"start":{"line":83,"column":61},"end":{"line":87,"column":5}}},"9":{"name":"(anonymous_13)","decl":{"start":{"line":92,"column":4},"end":{"line":92,"column":9}},"loc":{"start":{"line":92,"column":31},"end":{"line":94,"column":5}}},"10":{"name":"(anonymous_14)","decl":{"start":{"line":99,"column":4},"end":{"line":99,"column":9}},"loc":{"start":{"line":99,"column":61},"end":{"line":102,"column":5}}}},"branchMap":{},"s":{"0":7,"1":7,"2":7,"3":7,"4":7,"5":7,"6":7,"7":7,"8":7,"9":5,"10":1,"11":1,"12":1,"13":1,"14":1,"15":1,"16":1,"17":0,"18":0,"19":0,"20":0,"21":0,"22":0,"23":7,"24":7,"25":7,"26":7,"27":7,"28":7,"29":7,"30":7,"31":7,"32":7,"33":7,"34":7},"f":{"0":5,"1":1,"2":1,"3":1,"4":1,"5":1,"6":0,"7":0,"8":0,"9":0,"10":0},"b":{}}
,"C:\\Users\\Test\\Documents\\H.O.P.E\\src\\backend\\src\\modules\\auth\\auth.module.ts": {"path":"C:\\Users\\Test\\Documents\\H.O.P.E\\src\\backend\\src\\modules\\auth\\auth.module.ts","statementMap":{"0":{"start":{"line":1,"column":0},"end":{"line":1,"column":40}},"1":{"start":{"line":2,"column":0},"end":{"line":2,"column":48}},"2":{"start":{"line":3,"column":0},"end":{"line":3,"column":40}},"3":{"start":{"line":4,"column":0},"end":{"line":4,"column":50}},"4":{"start":{"line":5,"column":0},"end":{"line":5,"column":51}},"5":{"start":{"line":6,"column":0},"end":{"line":6,"column":45}},"6":{"start":{"line":7,"column":0},"end":{"line":7,"column":46}},"7":{"start":{"line":8,"column":0},"end":{"line":8,"column":56}},"8":{"start":{"line":9,"column":0},"end":{"line":9,"column":55}},"9":{"start":{"line":10,"column":0},"end":{"line":10,"column":50}},"10":{"start":{"line":11,"column":0},"end":{"line":11,"column":62}},"11":{"start":{"line":12,"column":0},"end":{"line":12,"column":62}},"12":{"start":{"line":27,"column":7},"end":{"line":27,"column":null}},"13":{"start":{"line":27,"column":13},"end":{"line":27,"column":23}},"14":{"start":{"line":27,"column":13},"end":{"line":27,"column":null}}},"fnMap":{},"branchMap":{"0":{"loc":{"start":{"line":19,"column":20},"end":{"line":19,"column":63}},"type":"binary-expr","locations":[{"start":{"line":19,"column":20},"end":{"line":19,"column":42}},{"start":{"line":19,"column":46},"end":{"line":19,"column":63}}]}},"s":{"0":6,"1":6,"2":6,"3":6,"4":6,"5":6,"6":6,"7":6,"8":6,"9":6,"10":6,"11":6,"12":6,"13":6,"14":6},"f":{},"b":{"0":[6,6]}}
,"C:\\Users\\Test\\Documents\\H.O.P.E\\src\\backend\\src\\modules\\auth\\auth.service.ts": {"path":"C:\\Users\\Test\\Documents\\H.O.P.E\\src\\backend\\src\\modules\\auth\\auth.service.ts","statementMap":{"0":{"start":{"line":1,"column":0},"end":{"line":1,"column":116}},"1":{"start":{"line":2,"column":0},"end":{"line":2,"column":41}},"2":{"start":{"line":3,"column":0},"end":{"line":3,"column":51}},"3":{"start":{"line":4,"column":0},"end":{"line":4,"column":37}},"4":{"start":{"line":5,"column":0},"end":{"line":5,"column":33}},"5":{"start":{"line":6,"column":0},"end":{"line":6,"column":56}},"6":{"start":{"line":26,"column":7},"end":{"line":195,"column":null}},"7":{"start":{"line":29,"column":25},"end":{"line":29,"column":41}},"8":{"start":{"line":30,"column":25},"end":{"line":30,"column":37}},"9":{"start":{"line":34,"column":29},"end":{"line":36,"column":10}},"10":{"start":{"line":38,"column":8},"end":{"line":40,"column":9}},"11":{"start":{"line":39,"column":12},"end":{"line":39,"column":79}},"12":{"start":{"line":42,"column":29},"end":{"line":42,"column":64}},"13":{"start":{"line":44,"column":21},"end":{"line":51,"column":10}},"14":{"start":{"line":53,"column":8},"end":{"line":53,"column":45}},"15":{"start":{"line":55,"column":23},"end":{"line":55,"column":54}},"16":{"start":{"line":56,"column":8},"end":{"line":56,"column":68}},"17":{"start":{"line":58,"column":8},"end":{"line":61,"column":10}},"18":{"start":{"line":65,"column":21},"end":{"line":67,"column":10}},"19":{"start":{"line":69,"column":8},"end":{"line":71,"column":9}},"20":{"start":{"line":70,"column":12},"end":{"line":70,"column":67}},"21":{"start":{"line":73,"column":32},"end":{"line":73,"column":85}},"22":{"start":{"line":75,"column":8},"end":{"line":77,"column":9}},"23":{"start":{"line":76,"column":12},"end":{"line":76,"column":67}},"24":{"start":{"line":79,"column":8},"end":{"line":81,"column":9}},"25":{"start":{"line":80,"column":12},"end":{"line":80,"column":70}},"26":{"start":{"line":83,"column":23},"end":{"line":83,"column":54}},"27":{"start":{"line":84,"column":8},"end":{"line":84,"column":68}},"28":{"start":{"line":87,"column":8},"end":{"line":87,"column":79}},"29":{"start":{"line":89,"column":8},"end":{"line":92,"column":10}},"30":{"start":{"line":96,"column":21},"end":{"line":98,"column":10}},"31":{"start":{"line":100,"column":8},"end":{"line":102,"column":9}},"32":{"start":{"line":101,"column":12},"end":{"line":101,"column":61}},"33":{"start":{"line":104,"column":36},"end":{"line":104,"column":89}},"34":{"start":{"line":106,"column":8},"end":{"line":108,"column":9}},"35":{"start":{"line":107,"column":12},"end":{"line":107,"column":61}},"36":{"start":{"line":110,"column":23},"end":{"line":110,"column":54}},"37":{"start":{"line":111,"column":8},"end":{"line":111,"column":68}},"38":{"start":{"line":113,"column":8},"end":{"line":113,"column":22}},"39":{"start":{"line":117,"column":8},"end":{"line":117,"column":73}},"40":{"start":{"line":121,"column":8},"end":{"line":121,"column":84}},"41":{"start":{"line":125,"column":8},"end":{"line":127,"column":11}},"42":{"start":{"line":131,"column":8},"end":{"line":131,"column":62}},"43":{"start":{"line":135,"column":47},"end":{"line":135,"column":54}},"44":{"start":{"line":136,"column":19},"end":{"line":136,"column":74}},"45":{"start":{"line":138,"column":8},"end":{"line":149,"column":9}},"46":{"start":{"line":140,"column":12},"end":{"line":147,"column":15}},"47":{"start":{"line":148,"column":12},"end":{"line":148,"column":49}},"48":{"start":{"line":151,"column":8},"end":{"line":153,"column":9}},"49":{"start":{"line":152,"column":12},"end":{"line":152,"column":70}},"50":{"start":{"line":155,"column":23},"end":{"line":155,"column":54}},"51":{"start":{"line":156,"column":8},"end":{"line":156,"column":68}},"52":{"start":{"line":158,"column":8},"end":{"line":161,"column":10}},"53":{"start":{"line":165,"column":38},"end":{"line":170,"column":10}},"54":{"start":{"line":172,"column":44},"end":{"line":181,"column":10}},"55":{"start":{"line":183,"column":8},"end":{"line":183,"column":45}},"56":{"start":{"line":187,"column":35},"end":{"line":187,"column":70}},"57":{"start":{"line":188,"column":8},"end":{"line":188,"column":87}},"58":{"start":{"line":192,"column":61},"end":{"line":192,"column":65}},"59":{"start":{"line":193,"column":8},"end":{"line":193,"column":72}},"60":{"start":{"line":26,"column":13},"end":{"line":26,"column":24}},"61":{"start":{"line":26,"column":13},"end":{"line":195,"column":null}}},"fnMap":{"0":{"name":"(anonymous_4)","decl":{"start":{"line":27,"column":4},"end":{"line":27,"column":null}},"loc":{"start":{"line":30,"column":47},"end":{"line":31,"column":9}}},"1":{"name":"(anonymous_5)","decl":{"start":{"line":33,"column":4},"end":{"line":33,"column":9}},"loc":{"start":{"line":33,"column":35},"end":{"line":62,"column":5}}},"2":{"name":"(anonymous_6)","decl":{"start":{"line":64,"column":4},"end":{"line":64,"column":9}},"loc":{"start":{"line":64,"column":29},"end":{"line":93,"column":5}}},"3":{"name":"(anonymous_7)","decl":{"start":{"line":95,"column":4},"end":{"line":95,"column":9}},"loc":{"start":{"line":95,"column":60},"end":{"line":114,"column":5}}},"4":{"name":"(anonymous_8)","decl":{"start":{"line":116,"column":4},"end":{"line":116,"column":9}},"loc":{"start":{"line":116,"column":31},"end":{"line":118,"column":5}}},"5":{"name":"(anonymous_9)","decl":{"start":{"line":120,"column":4},"end":{"line":120,"column":9}},"loc":{"start":{"line":120,"column":58},"end":{"line":122,"column":5}}},"6":{"name":"(anonymous_10)","decl":{"start":{"line":124,"column":4},"end":{"line":124,"column":9}},"loc":{"start":{"line":124,"column":44},"end":{"line":128,"column":5}}},"7":{"name":"(anonymous_11)","decl":{"start":{"line":130,"column":4},"end":{"line":130,"column":9}},"loc":{"start":{"line":130,"column":29},"end":{"line":132,"column":5}}},"8":{"name":"(anonymous_12)","decl":{"start":{"line":134,"column":4},"end":{"line":134,"column":9}},"loc":{"start":{"line":134,"column":40},"end":{"line":162,"column":5}}},"9":{"name":"(anonymous_13)","decl":{"start":{"line":164,"column":12},"end":{"line":164,"column":17}},"loc":{"start":{"line":164,"column":43},"end":{"line":184,"column":5}}},"10":{"name":"(anonymous_14)","decl":{"start":{"line":186,"column":12},"end":{"line":186,"column":17}},"loc":{"start":{"line":186,"column":73},"end":{"line":189,"column":5}}},"11":{"name":"(anonymous_15)","decl":{"start":{"line":191,"column":12},"end":{"line":191,"column":24}},"loc":{"start":{"line":191,"column":35},"end":{"line":194,"column":5}}}},"branchMap":{"0":{"loc":{"start":{"line":38,"column":8},"end":{"line":40,"column":9}},"type":"if","locations":[{"start":{"line":38,"column":8},"end":{"line":40,"column":9}}]},"1":{"loc":{"start":{"line":69,"column":8},"end":{"line":71,"column":9}},"type":"if","locations":[{"start":{"line":69,"column":8},"end":{"line":71,"column":9}}]},"2":{"loc":{"start":{"line":75,"column":8},"end":{"line":77,"column":9}},"type":"if","locations":[{"start":{"line":75,"column":8},"end":{"line":77,"column":9}}]},"3":{"loc":{"start":{"line":79,"column":8},"end":{"line":81,"column":9}},"type":"if","locations":[{"start":{"line":79,"column":8},"end":{"line":81,"column":9}}]},"4":{"loc":{"start":{"line":100,"column":8},"end":{"line":102,"column":9}},"type":"if","locations":[{"start":{"line":100,"column":8},"end":{"line":102,"column":9}}]},"5":{"loc":{"start":{"line":100,"column":12},"end":{"line":100,"column":39}},"type":"binary-expr","locations":[{"start":{"line":100,"column":12},"end":{"line":100,"column":17}},{"start":{"line":100,"column":21},"end":{"line":100,"column":39}}]},"6":{"loc":{"start":{"line":106,"column":8},"end":{"line":108,"column":9}},"type":"if","locations":[{"start":{"line":106,"column":8},"end":{"line":108,"column":9}}]},"7":{"loc":{"start":{"line":138,"column":8},"end":{"line":149,"column":9}},"type":"if","locations":[{"start":{"line":138,"column":8},"end":{"line":149,"column":9}}]},"8":{"loc":{"start":{"line":142,"column":27},"end":{"line":142,"column":59}},"type":"binary-expr","locations":[{"start":{"line":142,"column":27},"end":{"line":142,"column":36}},{"start":{"line":142,"column":40},"end":{"line":142,"column":59}}]},"9":{"loc":{"start":{"line":143,"column":26},"end":{"line":143,"column":40}},"type":"binary-expr","locations":[{"start":{"line":143,"column":26},"end":{"line":143,"column":34}},{"start":{"line":143,"column":38},"end":{"line":143,"column":40}}]},"10":{"loc":{"start":{"line":151,"column":8},"end":{"line":153,"column":9}},"type":"if","locations":[{"start":{"line":151,"column":8},"end":{"line":153,"column":9}}]},"11":{"loc":{"start":{"line":174,"column":24},"end":{"line":174,"column":67}},"type":"binary-expr","locations":[{"start":{"line":174,"column":24},"end":{"line":174,"column":46}},{"start":{"line":174,"column":50},"end":{"line":174,"column":67}}]},"12":{"loc":{"start":{"line":178,"column":24},"end":{"line":178,"column":79}},"type":"binary-expr","locations":[{"start":{"line":178,"column":24},"end":{"line":178,"column":54}},{"start":{"line":178,"column":58},"end":{"line":178,"column":79}}]}},"s":{"0":8,"1":8,"2":8,"3":8,"4":8,"5":8,"6":8,"7":14,"8":14,"9":3,"10":3,"11":2,"12":1,"13":1,"14":1,"15":1,"16":1,"17":1,"18":7,"19":7,"20":2,"21":5,"22":5,"23":2,"24":3,"25":2,"26":1,"27":1,"28":1,"29":1,"30":3,"31":3,"32":1,"33":2,"34":2,"35":1,"36":1,"37":1,"38":1,"39":1,"40":0,"41":2,"42":2,"43":0,"44":0,"45":0,"46":0,"47":0,"48":0,"49":0,"50":0,"51":0,"52":0,"53":3,"54":3,"55":3,"56":3,"57":3,"58":2,"59":2,"60":8,"61":8},"f":{"0":14,"1":3,"2":7,"3":3,"4":1,"5":0,"6":2,"7":2,"8":0,"9":3,"10":3,"11":2},"b":{"0":[2],"1":[2],"2":[2],"3":[2],"4":[1],"5":[3,2],"6":[1],"7":[0],"8":[0,0],"9":[0,0],"10":[0],"11":[3,3],"12":[3,3]}}
,"C:\\Users\\Test\\Documents\\H.O.P.E\\src\\backend\\src\\modules\\auth\\index.ts": {"path":"C:\\Users\\Test\\Documents\\H.O.P.E\\src\\backend\\src\\modules\\auth\\index.ts","statementMap":{"0":{"start":{"line":1,"column":0},"end":{"line":1,"column":30}},"1":{"start":{"line":2,"column":0},"end":{"line":2,"column":31}},"2":{"start":{"line":3,"column":0},"end":{"line":3,"column":34}},"3":{"start":{"line":4,"column":0},"end":{"line":4,"column":39}},"4":{"start":{"line":5,"column":0},"end":{"line":5,"column":22}},"5":{"start":{"line":6,"column":0},"end":{"line":6,"column":40}},"6":{"start":{"line":7,"column":0},"end":{"line":7,"column":37}},"7":{"start":{"line":8,"column":0},"end":{"line":8,"column":46}},"8":{"start":{"line":9,"column":0},"end":{"line":9,"column":45}},"9":{"start":{"line":10,"column":0},"end":{"line":10,"column":52}}},"fnMap":{},"branchMap":{},"s":{"0":6,"1":6,"2":6,"3":6,"4":6,"5":6,"6":6,"7":6,"8":6,"9":6},"f":{},"b":{}}
,"C:\\Users\\Test\\Documents\\H.O.P.E\\src\\backend\\src\\modules\\auth\\decorators\\current-user.decorator.ts": {"path":"C:\\Users\\Test\\Documents\\H.O.P.E\\src\\backend\\src\\modules\\auth\\decorators\\current-user.decorator.ts","statementMap":{"0":{"start":{"line":1,"column":0},"end":{"line":1,"column":72}},"1":{"start":{"line":2,"column":0},"end":{"line":2,"column":54}},"2":{"start":{"line":5,"column":13},"end":{"line":13,"column":2}},"3":{"start":{"line":7,"column":20},"end":{"line":7,"column":55}},"4":{"start":{"line":8,"column":24},"end":{"line":8,"column":83}},"5":{"start":{"line":9,"column":21},"end":{"line":9,"column":41}},"6":{"start":{"line":11,"column":8},"end":{"line":11,"column":42}}},"fnMap":{"0":{"name":"(anonymous_0)","decl":{"start":{"line":6,"column":4},"end":{"line":6,"column":5}},"loc":{"start":{"line":6,"column":64},"end":{"line":12,"column":5}}}},"branchMap":{"0":{"loc":{"start":{"line":8,"column":24},"end":{"line":8,"column":83}},"type":"binary-expr","locations":[{"start":{"line":8,"column":24},"end":{"line":8,"column":44}},{"start":{"line":8,"column":48},"end":{"line":8,"column":83}}]},"1":{"loc":{"start":{"line":11,"column":15},"end":{"line":11,"column":41}},"type":"cond-expr","locations":[{"start":{"line":11,"column":22},"end":{"line":11,"column":34}},{"start":{"line":11,"column":37},"end":{"line":11,"column":41}}]}},"s":{"0":7,"1":7,"2":7,"3":0,"4":0,"5":0,"6":0},"f":{"0":0},"b":{"0":[0,0],"1":[0,0]}}
,"C:\\Users\\Test\\Documents\\H.O.P.E\\src\\backend\\src\\modules\\auth\\decorators\\public.decorator.ts": {"path":"C:\\Users\\Test\\Documents\\H.O.P.E\\src\\backend\\src\\modules\\auth\\decorators\\public.decorator.ts","statementMap":{"0":{"start":{"line":1,"column":0},"end":{"line":1,"column":45}},"1":{"start":{"line":3,"column":13},"end":{"line":3,"column":40}},"2":{"start":{"line":4,"column":22},"end":{"line":4,"column":60}},"3":{"start":{"line":4,"column":28},"end":{"line":4,"column":60}},"4":{"start":{"line":4,"column":13},"end":{"line":4,"column":22}}},"fnMap":{"0":{"name":"(anonymous_0)","decl":{"start":{"line":4,"column":22},"end":{"line":4,"column":25}},"loc":{"start":{"line":4,"column":28},"end":{"line":4,"column":60}}}},"branchMap":{},"s":{"0":8,"1":8,"2":8,"3":42,"4":8},"f":{"0":42},"b":{}}
,"C:\\Users\\Test\\Documents\\H.O.P.E\\src\\backend\\src\\modules\\auth\\decorators\\roles.decorator.ts": {"path":"C:\\Users\\Test\\Documents\\H.O.P.E\\src\\backend\\src\\modules\\auth\\decorators\\roles.decorator.ts","statementMap":{"0":{"start":{"line":1,"column":0},"end":{"line":1,"column":45}},"1":{"start":{"line":4,"column":13},"end":{"line":4,"column":33}},"2":{"start":{"line":5,"column":21},"end":{"line":5,"column":76}},"3":{"start":{"line":5,"column":47},"end":{"line":5,"column":76}},"4":{"start":{"line":5,"column":13},"end":{"line":5,"column":21}}},"fnMap":{"0":{"name":"(anonymous_0)","decl":{"start":{"line":5,"column":21},"end":{"line":5,"column":22}},"loc":{"start":{"line":5,"column":47},"end":{"line":5,"column":76}}}},"branchMap":{},"s":{"0":7,"1":7,"2":7,"3":21,"4":7},"f":{"0":21},"b":{}}
,"C:\\Users\\Test\\Documents\\H.O.P.E\\src\\backend\\src\\modules\\auth\\dto\\index.ts": {"path":"C:\\Users\\Test\\Documents\\H.O.P.E\\src\\backend\\src\\modules\\auth\\dto\\index.ts","statementMap":{"0":{"start":{"line":1,"column":0},"end":{"line":1,"column":28}},"1":{"start":{"line":2,"column":0},"end":{"line":2,"column":31}}},"fnMap":{},"branchMap":{},"s":{"0":7,"1":7},"f":{},"b":{}}
,"C:\\Users\\Test\\Documents\\H.O.P.E\\src\\backend\\src\\modules\\auth\\dto\\login.dto.ts": {"path":"C:\\Users\\Test\\Documents\\H.O.P.E\\src\\backend\\src\\modules\\auth\\dto\\login.dto.ts","statementMap":{"0":{"start":{"line":1,"column":0},"end":{"line":1,"column":52}},"1":{"start":{"line":3,"column":0},"end":{"line":3,"column":13}},"2":{"start":{"line":5,"column":4},"end":{"line":5,"column":null}},"3":{"start":{"line":8,"column":4},"end":{"line":8,"column":null}}},"fnMap":{},"branchMap":{},"s":{"0":7,"1":7,"2":7,"3":7},"f":{},"b":{}}
,"C:\\Users\\Test\\Documents\\H.O.P.E\\src\\backend\\src\\modules\\auth\\dto\\register.dto.ts": {"path":"C:\\Users\\Test\\Documents\\H.O.P.E\\src\\backend\\src\\modules\\auth\\dto\\register.dto.ts","statementMap":{"0":{"start":{"line":1,"column":0},"end":{"line":1,"column":83}},"1":{"start":{"line":2,"column":0},"end":{"line":2,"column":51}},"2":{"start":{"line":4,"column":0},"end":{"line":4,"column":13}},"3":{"start":{"line":6,"column":4},"end":{"line":6,"column":null}},"4":{"start":{"line":10,"column":4},"end":{"line":10,"column":null}},"5":{"start":{"line":13,"column":4},"end":{"line":13,"column":null}},"6":{"start":{"line":16,"column":4},"end":{"line":16,"column":null}},"7":{"start":{"line":20,"column":4},"end":{"line":20,"column":null}},"8":{"start":{"line":24,"column":4},"end":{"line":24,"column":null}}},"fnMap":{},"branchMap":{},"s":{"0":7,"1":7,"2":7,"3":7,"4":7,"5":7,"6":7,"7":7,"8":7},"f":{},"b":{}}
,"C:\\Users\\Test\\Documents\\H.O.P.E\\src\\backend\\src\\modules\\auth\\entities\\user.entity.ts": {"path":"C:\\Users\\Test\\Documents\\H.O.P.E\\src\\backend\\src\\modules\\auth\\entities\\user.entity.ts","statementMap":{"0":{"start":{"line":1,"column":0},"end":{"line":1,"column":null}},"1":{"start":{"line":8,"column":0},"end":{"line":8,"column":74}},"2":{"start":{"line":10,"column":0},"end":{"line":10,"column":null}},"3":{"start":{"line":11,"column":4},"end":{"line":11,"column":null}},"4":{"start":{"line":12,"column":4},"end":{"line":12,"column":null}},"5":{"start":{"line":13,"column":4},"end":{"line":13,"column":null}},"6":{"start":{"line":14,"column":4},"end":{"line":14,"column":null}},"7":{"start":{"line":17,"column":0},"end":{"line":19,"column":3}},"8":{"start":{"line":23,"column":7},"end":{"line":78,"column":null}},"9":{"start":{"line":76,"column":8},"end":{"line":76,"column":52}},"10":{"start":{"line":23,"column":13},"end":{"line":23,"column":17}},"11":{"start":{"line":26,"column":4},"end":{"line":26,"column":null}},"12":{"start":{"line":24,"column":17},"end":{"line":24,"column":19}},"13":{"start":{"line":30,"column":4},"end":{"line":30,"column":null}},"14":{"start":{"line":33,"column":4},"end":{"line":33,"column":null}},"15":{"start":{"line":37,"column":4},"end":{"line":37,"column":null}},"16":{"start":{"line":41,"column":4},"end":{"line":41,"column":null}},"17":{"start":{"line":45,"column":4},"end":{"line":45,"column":null}},"18":{"start":{"line":43,"column":17},"end":{"line":43,"column":25}},"19":{"start":{"line":49,"column":4},"end":{"line":49,"column":null}},"20":{"start":{"line":53,"column":4},"end":{"line":53,"column":null}},"21":{"start":{"line":56,"column":4},"end":{"line":56,"column":null}},"22":{"start":{"line":60,"column":4},"end":{"line":60,"column":null}},"23":{"start":{"line":64,"column":4},"end":{"line":64,"column":null}},"24":{"start":{"line":68,"column":4},"end":{"line":68,"column":null}},"25":{"start":{"line":72,"column":4},"end":{"line":72,"column":null}},"26":{"start":{"line":74,"column":4},"end":{"line":77,"column":null}},"27":{"start":{"line":23,"column":13},"end":{"line":78,"column":null}}},"fnMap":{"0":{"name":"(anonymous_2)","decl":{"start":{"line":10,"column":0},"end":{"line":10,"column":12}},"loc":{"start":{"line":10,"column":20},"end":{"line":15,"column":1}}},"1":{"name":"(anonymous_3)","decl":{"start":{"line":74,"column":4},"end":{"line":74,"column":5}},"loc":{"start":{"line":75,"column":16},"end":{"line":77,"column":5}}},"2":{"name":"(anonymous_4)","decl":{"start":{"line":24,"column":11},"end":{"line":24,"column":14}},"loc":{"start":{"line":24,"column":17},"end":{"line":24,"column":19}}},"3":{"name":"(anonymous_5)","decl":{"start":{"line":43,"column":11},"end":{"line":43,"column":14}},"loc":{"start":{"line":43,"column":17},"end":{"line":43,"column":25}}}},"branchMap":{"0":{"loc":{"start":{"line":10,"column":12},"end":{"line":10,"column":null}},"type":"binary-expr","locations":[{"start":{"line":10,"column":12},"end":{"line":10,"column":20}},{"start":{"line":10,"column":20},"end":{"line":10,"column":null}}]}},"s":{"0":12,"1":12,"2":12,"3":12,"4":12,"5":12,"6":12,"7":12,"8":12,"9":0,"10":12,"11":12,"12":0,"13":12,"14":12,"15":12,"16":12,"17":12,"18":0,"19":12,"20":12,"21":12,"22":12,"23":12,"24":12,"25":12,"26":12,"27":12},"f":{"0":12,"1":0,"2":0,"3":0},"b":{"0":[12,12]}}
,"C:\\Users\\Test\\Documents\\H.O.P.E\\src\\backend\\src\\modules\\auth\\guards\\jwt-auth.guard.ts": {"path":"C:\\Users\\Test\\Documents\\H.O.P.E\\src\\backend\\src\\modules\\auth\\guards\\jwt-auth.guard.ts","statementMap":{"0":{"start":{"line":1,"column":0},"end":{"line":1,"column":62}},"1":{"start":{"line":2,"column":0},"end":{"line":2,"column":45}},"2":{"start":{"line":3,"column":0},"end":{"line":3,"column":41}},"3":{"start":{"line":4,"column":0},"end":{"line":4,"column":54}},"4":{"start":{"line":5,"column":0},"end":{"line":5,"column":63}},"5":{"start":{"line":8,"column":7},"end":{"line":30,"column":null}},"6":{"start":{"line":10,"column":8},"end":{"line":10,"column":16}},"7":{"start":{"line":9,"column":24},"end":{"line":9,"column":35}},"8":{"start":{"line":14,"column":25},"end":{"line":17,"column":10}},"9":{"start":{"line":19,"column":8},"end":{"line":21,"column":9}},"10":{"start":{"line":20,"column":12},"end":{"line":20,"column":24}},"11":{"start":{"line":23,"column":8},"end":{"line":23,"column":42}},"12":{"start":{"line":27,"column":20},"end":{"line":27,"column":55}},"13":{"start":{"line":28,"column":8},"end":{"line":28,"column":75}},"14":{"start":{"line":8,"column":13},"end":{"line":8,"column":25}},"15":{"start":{"line":8,"column":13},"end":{"line":30,"column":null}}},"fnMap":{"0":{"name":"(anonymous_2)","decl":{"start":{"line":9,"column":4},"end":{"line":9,"column":24}},"loc":{"start":{"line":9,"column":44},"end":{"line":11,"column":5}}},"1":{"name":"(anonymous_3)","decl":{"start":{"line":13,"column":4},"end":{"line":13,"column":15}},"loc":{"start":{"line":13,"column":41},"end":{"line":24,"column":5}}},"2":{"name":"(anonymous_4)","decl":{"start":{"line":26,"column":4},"end":{"line":26,"column":14}},"loc":{"start":{"line":26,"column":40},"end":{"line":29,"column":5}}}},"branchMap":{"0":{"loc":{"start":{"line":19,"column":8},"end":{"line":21,"column":9}},"type":"if","locations":[{"start":{"line":19,"column":8},"end":{"line":21,"column":9}}]},"1":{"loc":{"start":{"line":28,"column":15},"end":{"line":28,"column":74}},"type":"binary-expr","locations":[{"start":{"line":28,"column":15},"end":{"line":28,"column":35}},{"start":{"line":28,"column":39},"end":{"line":28,"column":74}}]}},"s":{"0":8,"1":8,"2":8,"3":8,"4":8,"5":8,"6":66,"7":66,"8":1,"9":1,"10":1,"11":0,"12":0,"13":0,"14":8,"15":8},"f":{"0":66,"1":1,"2":0},"b":{"0":[1],"1":[0,0]}}
,"C:\\Users\\Test\\Documents\\H.O.P.E\\src\\backend\\src\\modules\\auth\\guards\\roles.guard.ts": {"path":"C:\\Users\\Test\\Documents\\H.O.P.E\\src\\backend\\src\\modules\\auth\\guards\\roles.guard.ts","statementMap":{"0":{"start":{"line":1,"column":0},"end":{"line":1,"column":75}},"1":{"start":{"line":2,"column":0},"end":{"line":2,"column":41}},"2":{"start":{"line":4,"column":0},"end":{"line":4,"column":58}},"3":{"start":{"line":7,"column":7},"end":{"line":23,"column":null}},"4":{"start":{"line":8,"column":24},"end":{"line":8,"column":35}},"5":{"start":{"line":11,"column":30},"end":{"line":14,"column":10}},"6":{"start":{"line":16,"column":8},"end":{"line":18,"column":9}},"7":{"start":{"line":17,"column":12},"end":{"line":17,"column":24}},"8":{"start":{"line":20,"column":25},"end":{"line":20,"column":60}},"9":{"start":{"line":21,"column":8},"end":{"line":21,"column":49}},"10":{"start":{"line":7,"column":13},"end":{"line":7,"column":23}},"11":{"start":{"line":7,"column":13},"end":{"line":23,"column":null}}},"fnMap":{"0":{"name":"(anonymous_2)","decl":{"start":{"line":8,"column":4},"end":{"line":8,"column":24}},"loc":{"start":{"line":8,"column":44},"end":{"line":8,"column":48}}},"1":{"name":"(anonymous_3)","decl":{"start":{"line":10,"column":4},"end":{"line":10,"column":15}},"loc":{"start":{"line":10,"column":41},"end":{"line":22,"column":5}}}},"branchMap":{"0":{"loc":{"start":{"line":16,"column":8},"end":{"line":18,"column":9}},"type":"if","locations":[{"start":{"line":16,"column":8},"end":{"line":18,"column":9}}]}},"s":{"0":7,"1":7,"2":7,"3":7,"4":58,"5":3,"6":3,"7":1,"8":2,"9":2,"10":7,"11":7},"f":{"0":58,"1":3},"b":{"0":[1]}}
,"C:\\Users\\Test\\Documents\\H.O.P.E\\src\\backend\\src\\modules\\auth\\strategies\\github.strategy.ts": {"path":"C:\\Users\\Test\\Documents\\H.O.P.E\\src\\backend\\src\\modules\\auth\\strategies\\github.strategy.ts","statementMap":{"0":{"start":{"line":1,"column":0},"end":{"line":1,"column":44}},"1":{"start":{"line":2,"column":0},"end":{"line":2,"column":52}},"2":{"start":{"line":3,"column":0},"end":{"line":3,"column":44}},"3":{"start":{"line":6,"column":7},"end":{"line":26,"column":null}},"4":{"start":{"line":8,"column":8},"end":{"line":13,"column":11}},"5":{"start":{"line":17,"column":45},"end":{"line":17,"column":52}},"6":{"start":{"line":18,"column":21},"end":{"line":23,"column":10}},"7":{"start":{"line":24,"column":8},"end":{"line":24,"column":25}},"8":{"start":{"line":6,"column":13},"end":{"line":6,"column":27}},"9":{"start":{"line":6,"column":13},"end":{"line":26,"column":null}}},"fnMap":{"0":{"name":"(anonymous_2)","decl":{"start":{"line":7,"column":4},"end":{"line":7,"column":null}},"loc":{"start":{"line":7,"column":4},"end":{"line":14,"column":5}}},"1":{"name":"(anonymous_3)","decl":{"start":{"line":16,"column":4},"end":{"line":16,"column":9}},"loc":{"start":{"line":16,"column":85},"end":{"line":25,"column":5}}}},"branchMap":{"0":{"loc":{"start":{"line":9,"column":22},"end":{"line":9,"column":71}},"type":"binary-expr","locations":[{"start":{"line":9,"column":22},"end":{"line":9,"column":50}},{"start":{"line":9,"column":54},"end":{"line":9,"column":71}}]},"1":{"loc":{"start":{"line":10,"column":26},"end":{"line":10,"column":83}},"type":"binary-expr","locations":[{"start":{"line":10,"column":26},"end":{"line":10,"column":58}},{"start":{"line":10,"column":62},"end":{"line":10,"column":83}}]}},"s":{"0":6,"1":6,"2":6,"3":6,"4":0,"5":0,"6":0,"7":0,"8":6,"9":6},"f":{"0":0,"1":0},"b":{"0":[0,0],"1":[0,0]}}
,"C:\\Users\\Test\\Documents\\H.O.P.E\\src\\backend\\src\\modules\\auth\\strategies\\google.strategy.ts": {"path":"C:\\Users\\Test\\Documents\\H.O.P.E\\src\\backend\\src\\modules\\auth\\strategies\\google.strategy.ts","statementMap":{"0":{"start":{"line":1,"column":0},"end":{"line":1,"column":44}},"1":{"start":{"line":2,"column":0},"end":{"line":2,"column":52}},"2":{"start":{"line":3,"column":0},"end":{"line":3,"column":67}},"3":{"start":{"line":6,"column":7},"end":{"line":27,"column":null}},"4":{"start":{"line":8,"column":8},"end":{"line":13,"column":11}},"5":{"start":{"line":17,"column":41},"end":{"line":17,"column":48}},"6":{"start":{"line":18,"column":21},"end":{"line":24,"column":10}},"7":{"start":{"line":25,"column":8},"end":{"line":25,"column":25}},"8":{"start":{"line":6,"column":13},"end":{"line":6,"column":27}},"9":{"start":{"line":6,"column":13},"end":{"line":27,"column":null}}},"fnMap":{"0":{"name":"(anonymous_2)","decl":{"start":{"line":7,"column":4},"end":{"line":7,"column":null}},"loc":{"start":{"line":7,"column":4},"end":{"line":14,"column":5}}},"1":{"name":"(anonymous_3)","decl":{"start":{"line":16,"column":4},"end":{"line":16,"column":9}},"loc":{"start":{"line":16,"column":96},"end":{"line":26,"column":5}}}},"branchMap":{"0":{"loc":{"start":{"line":9,"column":22},"end":{"line":9,"column":71}},"type":"binary-expr","locations":[{"start":{"line":9,"column":22},"end":{"line":9,"column":50}},{"start":{"line":9,"column":54},"end":{"line":9,"column":71}}]},"1":{"loc":{"start":{"line":10,"column":26},"end":{"line":10,"column":83}},"type":"binary-expr","locations":[{"start":{"line":10,"column":26},"end":{"line":10,"column":58}},{"start":{"line":10,"column":62},"end":{"line":10,"column":83}}]}},"s":{"0":6,"1":6,"2":6,"3":6,"4":0,"5":0,"6":0,"7":0,"8":6,"9":6},"f":{"0":0,"1":0},"b":{"0":[0,0],"1":[0,0]}}
,"C:\\Users\\Test\\Documents\\H.O.P.E\\src\\backend\\src\\modules\\auth\\strategies\\jwt.strategy.ts": {"path":"C:\\Users\\Test\\Documents\\H.O.P.E\\src\\backend\\src\\modules\\auth\\strategies\\jwt.strategy.ts","statementMap":{"0":{"start":{"line":1,"column":0},"end":{"line":1,"column":67}},"1":{"start":{"line":2,"column":0},"end":{"line":2,"column":52}},"2":{"start":{"line":3,"column":0},"end":{"line":3,"column":52}},"3":{"start":{"line":4,"column":0},"end":{"line":4,"column":60}},"4":{"start":{"line":7,"column":7},"end":{"line":25,"column":null}},"5":{"start":{"line":9,"column":8},"end":{"line":13,"column":11}},"6":{"start":{"line":8,"column":33},"end":{"line":8,"column":46}},"7":{"start":{"line":17,"column":21},"end":{"line":17,"column":65}},"8":{"start":{"line":19,"column":8},"end":{"line":21,"column":9}},"9":{"start":{"line":20,"column":12},"end":{"line":20,"column":46}},"10":{"start":{"line":23,"column":8},"end":{"line":23,"column":20}},"11":{"start":{"line":7,"column":13},"end":{"line":7,"column":24}},"12":{"start":{"line":7,"column":13},"end":{"line":25,"column":null}}},"fnMap":{"0":{"name":"(anonymous_2)","decl":{"start":{"line":8,"column":4},"end":{"line":8,"column":33}},"loc":{"start":{"line":8,"column":57},"end":{"line":14,"column":5}}},"1":{"name":"(anonymous_3)","decl":{"start":{"line":16,"column":4},"end":{"line":16,"column":9}},"loc":{"start":{"line":16,"column":40},"end":{"line":24,"column":5}}}},"branchMap":{"0":{"loc":{"start":{"line":12,"column":25},"end":{"line":12,"column":68}},"type":"binary-expr","locations":[{"start":{"line":12,"column":25},"end":{"line":12,"column":47}},{"start":{"line":12,"column":51},"end":{"line":12,"column":68}}]},"1":{"loc":{"start":{"line":19,"column":8},"end":{"line":21,"column":9}},"type":"if","locations":[{"start":{"line":19,"column":8},"end":{"line":21,"column":9}}]}},"s":{"0":6,"1":6,"2":6,"3":6,"4":6,"5":0,"6":0,"7":0,"8":0,"9":0,"10":0,"11":6,"12":6},"f":{"0":0,"1":0},"b":{"0":[0,0],"1":[0]}}
,"C:\\Users\\Test\\Documents\\H.O.P.E\\src\\backend\\src\\modules\\cms\\cms.controller.ts": {"path":"C:\\Users\\Test\\Documents\\H.O.P.E\\src\\backend\\src\\modules\\cms\\cms.controller.ts","statementMap":{"0":{"start":{"line":1,"column":0},"end":{"line":1,"column":91}},"1":{"start":{"line":2,"column":0},"end":{"line":2,"column":57}},"2":{"start":{"line":3,"column":0},"end":{"line":3,"column":55}},"3":{"start":{"line":4,"column":0},"end":{"line":4,"column":61}},"4":{"start":{"line":9,"column":7},"end":{"line":26,"column":null}},"5":{"start":{"line":10,"column":33},"end":{"line":10,"column":45}},"6":{"start":{"line":14,"column":8},"end":{"line":14,"column":47}},"7":{"start":{"line":19,"column":8},"end":{"line":19,"column":62}},"8":{"start":{"line":24,"column":8},"end":{"line":24,"column":50}},"9":{"start":{"line":9,"column":13},"end":{"line":9,"column":26}},"10":{"start":{"line":13,"column":10},"end":{"line":15,"column":null}},"11":{"start":{"line":18,"column":10},"end":{"line":20,"column":null}},"12":{"start":{"line":23,"column":10},"end":{"line":25,"column":null}},"13":{"start":{"line":9,"column":13},"end":{"line":26,"column":null}}},"fnMap":{"0":{"name":"(anonymous_4)","decl":{"start":{"line":10,"column":4},"end":{"line":10,"column":33}},"loc":{"start":{"line":10,"column":55},"end":{"line":10,"column":60}}},"1":{"name":"(anonymous_5)","decl":{"start":{"line":13,"column":4},"end":{"line":13,"column":9}},"loc":{"start":{"line":13,"column":23},"end":{"line":15,"column":5}}},"2":{"name":"(anonymous_6)","decl":{"start":{"line":18,"column":4},"end":{"line":18,"column":9}},"loc":{"start":{"line":18,"column":66},"end":{"line":20,"column":5}}},"3":{"name":"(anonymous_7)","decl":{"start":{"line":23,"column":4},"end":{"line":23,"column":9}},"loc":{"start":{"line":23,"column":48},"end":{"line":25,"column":5}}}},"branchMap":{},"s":{"0":0,"1":0,"2":0,"3":0,"4":0,"5":0,"6":0,"7":0,"8":0,"9":0,"10":0,"11":0,"12":0,"13":0},"f":{"0":0,"1":0,"2":0,"3":0},"b":{}}
,"C:\\Users\\Test\\Documents\\H.O.P.E\\src\\backend\\src\\modules\\cms\\cms.module.ts": {"path":"C:\\Users\\Test\\Documents\\H.O.P.E\\src\\backend\\src\\modules\\cms\\cms.module.ts","statementMap":{"0":{"start":{"line":1,"column":0},"end":{"line":1,"column":40}},"1":{"start":{"line":2,"column":0},"end":{"line":2,"column":52}},"2":{"start":{"line":3,"column":0},"end":{"line":3,"column":43}},"3":{"start":{"line":4,"column":0},"end":{"line":4,"column":49}},"4":{"start":{"line":17,"column":7},"end":{"line":17,"column":null}},"5":{"start":{"line":17,"column":13},"end":{"line":17,"column":22}},"6":{"start":{"line":17,"column":13},"end":{"line":17,"column":null}}},"fnMap":{},"branchMap":{},"s":{"0":0,"1":0,"2":0,"3":0,"4":0,"5":0,"6":0},"f":{},"b":{}}
,"C:\\Users\\Test\\Documents\\H.O.P.E\\src\\backend\\src\\modules\\cms\\cms.service.ts": {"path":"C:\\Users\\Test\\Documents\\H.O.P.E\\src\\backend\\src\\modules\\cms\\cms.service.ts","statementMap":{"0":{"start":{"line":1,"column":0},"end":{"line":1,"column":52}},"1":{"start":{"line":12,"column":23},"end":{"line":47,"column":null}},"2":{"start":{"line":13,"column":21},"end":{"line":13,"column":58}},"3":{"start":{"line":16,"column":12},"end":{"line":31,"column":6}},"4":{"start":{"line":34,"column":8},"end":{"line":34,"column":52}},"5":{"start":{"line":36,"column":8},"end":{"line":36,"column":32}},"6":{"start":{"line":40,"column":8},"end":{"line":40,"column":74}},"7":{"start":{"line":41,"column":8},"end":{"line":41,"column":69}},"8":{"start":{"line":41,"column":44},"end":{"line":41,"column":67}},"9":{"start":{"line":45,"column":8},"end":{"line":45,"column":55}},"10":{"start":{"line":45,"column":42},"end":{"line":45,"column":53}},"11":{"start":{"line":12,"column":13},"end":{"line":12,"column":23}},"12":{"start":{"line":12,"column":13},"end":{"line":47,"column":null}}},"fnMap":{"0":{"name":"(anonymous_1)","decl":{"start":{"line":12,"column":7},"end":{"line":12,"column":13}},"loc":{"start":{"line":12,"column":7},"end":{"line":47,"column":1}}},"1":{"name":"(anonymous_2)","decl":{"start":{"line":33,"column":4},"end":{"line":33,"column":9}},"loc":{"start":{"line":33,"column":23},"end":{"line":37,"column":5}}},"2":{"name":"(anonymous_3)","decl":{"start":{"line":39,"column":4},"end":{"line":39,"column":9}},"loc":{"start":{"line":39,"column":47},"end":{"line":42,"column":5}}},"3":{"name":"(anonymous_4)","decl":{"start":{"line":41,"column":39},"end":{"line":41,"column":40}},"loc":{"start":{"line":41,"column":44},"end":{"line":41,"column":67}}},"4":{"name":"(anonymous_5)","decl":{"start":{"line":44,"column":4},"end":{"line":44,"column":9}},"loc":{"start":{"line":44,"column":35},"end":{"line":46,"column":5}}},"5":{"name":"(anonymous_6)","decl":{"start":{"line":45,"column":37},"end":{"line":45,"column":38}},"loc":{"start":{"line":45,"column":42},"end":{"line":45,"column":53}}}},"branchMap":{},"s":{"0":1,"1":1,"2":3,"3":3,"4":1,"5":1,"6":1,"7":1,"8":2,"9":0,"10":0,"11":1,"12":1},"f":{"0":3,"1":1,"2":1,"3":2,"4":0,"5":0},"b":{}}
,"C:\\Users\\Test\\Documents\\H.O.P.E\\src\\backend\\src\\modules\\customers\\customers.controller.ts": {"path":"C:\\Users\\Test\\Documents\\H.O.P.E\\src\\backend\\src\\modules\\customers\\customers.controller.ts","statementMap":{"0":{"start":{"line":1,"column":0},"end":{"line":1,"column":null}},"1":{"start":{"line":13,"column":0},"end":{"line":13,"column":75}},"2":{"start":{"line":14,"column":0},"end":{"line":14,"column":61}},"3":{"start":{"line":15,"column":0},"end":{"line":15,"column":68}},"4":{"start":{"line":16,"column":0},"end":{"line":16,"column":71}},"5":{"start":{"line":17,"column":0},"end":{"line":17,"column":62}},"6":{"start":{"line":21,"column":7},"end":{"line":93,"column":null}},"7":{"start":{"line":22,"column":33},"end":{"line":22,"column":51}},"8":{"start":{"line":30,"column":8},"end":{"line":30,"column":64}},"9":{"start":{"line":42,"column":8},"end":{"line":49,"column":11}},"10":{"start":{"line":55,"column":8},"end":{"line":55,"column":61}},"11":{"start":{"line":63,"column":8},"end":{"line":63,"column":64}},"12":{"start":{"line":71,"column":8},"end":{"line":71,"column":71}},"13":{"start":{"line":81,"column":8},"end":{"line":81,"column":68}},"14":{"start":{"line":90,"column":8},"end":{"line":90,"column":62}},"15":{"start":{"line":91,"column":8},"end":{"line":91,"column":60}},"16":{"start":{"line":21,"column":13},"end":{"line":21,"column":32}},"17":{"start":{"line":26,"column":10},"end":{"line":31,"column":null}},"18":{"start":{"line":34,"column":10},"end":{"line":50,"column":null}},"19":{"start":{"line":54,"column":10},"end":{"line":56,"column":null}},"20":{"start":{"line":59,"column":10},"end":{"line":64,"column":null}},"21":{"start":{"line":67,"column":10},"end":{"line":72,"column":null}},"22":{"start":{"line":76,"column":10},"end":{"line":82,"column":null}},"23":{"start":{"line":86,"column":10},"end":{"line":92,"column":null}},"24":{"start":{"line":21,"column":13},"end":{"line":93,"column":null}}},"fnMap":{"0":{"name":"(anonymous_4)","decl":{"start":{"line":22,"column":4},"end":{"line":22,"column":33}},"loc":{"start":{"line":22,"column":67},"end":{"line":22,"column":71}}},"1":{"name":"(anonymous_5)","decl":{"start":{"line":26,"column":4},"end":{"line":26,"column":9}},"loc":{"start":{"line":28,"column":38},"end":{"line":31,"column":5}}},"2":{"name":"(anonymous_6)","decl":{"start":{"line":34,"column":4},"end":{"line":34,"column":9}},"loc":{"start":{"line":40,"column":34},"end":{"line":50,"column":5}}},"3":{"name":"(anonymous_7)","decl":{"start":{"line":54,"column":4},"end":{"line":54,"column":9}},"loc":{"start":{"line":54,"column":44},"end":{"line":56,"column":5}}},"4":{"name":"(anonymous_8)","decl":{"start":{"line":59,"column":4},"end":{"line":59,"column":9}},"loc":{"start":{"line":61,"column":46},"end":{"line":64,"column":5}}},"5":{"name":"(anonymous_9)","decl":{"start":{"line":67,"column":4},"end":{"line":67,"column":9}},"loc":{"start":{"line":69,"column":37},"end":{"line":72,"column":5}}},"6":{"name":"(anonymous_10)","decl":{"start":{"line":76,"column":4},"end":{"line":76,"column":9}},"loc":{"start":{"line":79,"column":38},"end":{"line":82,"column":5}}},"7":{"name":"(anonymous_11)","decl":{"start":{"line":86,"column":4},"end":{"line":86,"column":9}},"loc":{"start":{"line":88,"column":46},"end":{"line":92,"column":5}}}},"branchMap":{"0":{"loc":{"start":{"line":39,"column":23},"end":{"line":39,"column":31}},"type":"default-arg","locations":[{"start":{"line":39,"column":30},"end":{"line":39,"column":31}}]},"1":{"loc":{"start":{"line":40,"column":24},"end":{"line":40,"column":34}},"type":"default-arg","locations":[{"start":{"line":40,"column":32},"end":{"line":40,"column":34}}]}},"s":{"0":1,"1":1,"2":1,"3":1,"4":1,"5":1,"6":1,"7":14,"8":2,"9":5,"10":1,"11":1,"12":2,"13":2,"14":1,"15":1,"16":1,"17":1,"18":1,"19":1,"20":1,"21":1,"22":1,"23":1,"24":1},"f":{"0":14,"1":2,"2":5,"3":1,"4":1,"5":2,"6":2,"7":1},"b":{"0":[4],"1":[4]}}
,"C:\\Users\\Test\\Documents\\H.O.P.E\\src\\backend\\src\\modules\\customers\\customers.module.ts": {"path":"C:\\Users\\Test\\Documents\\H.O.P.E\\src\\backend\\src\\modules\\customers\\customers.module.ts","statementMap":{"0":{"start":{"line":1,"column":0},"end":{"line":1,"column":40}},"1":{"start":{"line":2,"column":0},"end":{"line":2,"column":48}},"2":{"start":{"line":3,"column":0},"end":{"line":3,"column":61}},"3":{"start":{"line":4,"column":0},"end":{"line":4,"column":55}},"4":{"start":{"line":5,"column":0},"end":{"line":5,"column":54}},"5":{"start":{"line":6,"column":0},"end":{"line":6,"column":37}},"6":{"start":{"line":14,"column":7},"end":{"line":14,"column":null}},"7":{"start":{"line":14,"column":13},"end":{"line":14,"column":28}},"8":{"start":{"line":14,"column":13},"end":{"line":14,"column":null}}},"fnMap":{},"branchMap":{},"s":{"0":0,"1":0,"2":0,"3":0,"4":0,"5":0,"6":0,"7":0,"8":0},"f":{},"b":{}}
,"C:\\Users\\Test\\Documents\\H.O.P.E\\src\\backend\\src\\modules\\customers\\customers.service.ts": {"path":"C:\\Users\\Test\\Documents\\H.O.P.E\\src\\backend\\src\\modules\\customers\\customers.service.ts","statementMap":{"0":{"start":{"line":1,"column":0},"end":{"line":1,"column":82}},"1":{"start":{"line":2,"column":0},"end":{"line":2,"column":51}},"2":{"start":{"line":3,"column":0},"end":{"line":3,"column":37}},"3":{"start":{"line":4,"column":0},"end":{"line":4,"column":68}},"4":{"start":{"line":25,"column":7},"end":{"line":170,"column":null}},"5":{"start":{"line":28,"column":25},"end":{"line":28,"column":45}},"6":{"start":{"line":32,"column":33},"end":{"line":34,"column":10}},"7":{"start":{"line":36,"column":8},"end":{"line":38,"column":9}},"8":{"start":{"line":37,"column":12},"end":{"line":37,"column":91}},"9":{"start":{"line":40,"column":25},"end":{"line":43,"column":10}},"10":{"start":{"line":45,"column":8},"end":{"line":45,"column":54}},"11":{"start":{"line":49,"column":71},"end":{"line":49,"column":78}},"12":{"start":{"line":51,"column":29},"end":{"line":54,"column":74}},"13":{"start":{"line":56,"column":8},"end":{"line":58,"column":9}},"14":{"start":{"line":57,"column":12},"end":{"line":57,"column":69}},"15":{"start":{"line":60,"column":8},"end":{"line":65,"column":9}},"16":{"start":{"line":61,"column":12},"end":{"line":64,"column":14}},"17":{"start":{"line":67,"column":8},"end":{"line":69,"column":9}},"18":{"start":{"line":68,"column":12},"end":{"line":68,"column":99}},"19":{"start":{"line":71,"column":22},"end":{"line":71,"column":51}},"20":{"start":{"line":72,"column":22},"end":{"line":77,"column":22}},"21":{"start":{"line":79,"column":8},"end":{"line":85,"column":10}},"22":{"start":{"line":89,"column":25},"end":{"line":91,"column":10}},"23":{"start":{"line":93,"column":8},"end":{"line":95,"column":9}},"24":{"start":{"line":94,"column":12},"end":{"line":94,"column":76}},"25":{"start":{"line":97,"column":8},"end":{"line":97,"column":24}},"26":{"start":{"line":101,"column":8},"end":{"line":103,"column":11}},"27":{"start":{"line":107,"column":25},"end":{"line":107,"column":57}},"28":{"start":{"line":109,"column":8},"end":{"line":117,"column":9}},"29":{"start":{"line":110,"column":37},"end":{"line":112,"column":14}},"30":{"start":{"line":114,"column":12},"end":{"line":116,"column":13}},"31":{"start":{"line":115,"column":16},"end":{"line":115,"column":95}},"32":{"start":{"line":119,"column":8},"end":{"line":119,"column":37}},"33":{"start":{"line":121,"column":8},"end":{"line":121,"column":54}},"34":{"start":{"line":125,"column":25},"end":{"line":125,"column":57}},"35":{"start":{"line":127,"column":8},"end":{"line":127,"column":34}},"36":{"start":{"line":128,"column":8},"end":{"line":128,"column":53}},"37":{"start":{"line":137,"column":22},"end":{"line":139,"column":10}},"38":{"start":{"line":141,"column":23},"end":{"line":148,"column":25}},"39":{"start":{"line":150,"column":23},"end":{"line":160,"column":25}},"40":{"start":{"line":162,"column":32},"end":{"line":166,"column":10}},"41":{"start":{"line":168,"column":8},"end":{"line":168,"column":58}},"42":{"start":{"line":25,"column":13},"end":{"line":25,"column":29}},"43":{"start":{"line":25,"column":13},"end":{"line":170,"column":null}}},"fnMap":{"0":{"name":"(anonymous_4)","decl":{"start":{"line":26,"column":4},"end":{"line":26,"column":null}},"loc":{"start":{"line":28,"column":65},"end":{"line":29,"column":8}}},"1":{"name":"(anonymous_5)","decl":{"start":{"line":31,"column":4},"end":{"line":31,"column":9}},"loc":{"start":{"line":31,"column":57},"end":{"line":46,"column":5}}},"2":{"name":"(anonymous_6)","decl":{"start":{"line":48,"column":4},"end":{"line":48,"column":9}},"loc":{"start":{"line":48,"column":48},"end":{"line":86,"column":5}}},"3":{"name":"(anonymous_7)","decl":{"start":{"line":88,"column":4},"end":{"line":88,"column":9}},"loc":{"start":{"line":88,"column":46},"end":{"line":98,"column":5}}},"4":{"name":"(anonymous_8)","decl":{"start":{"line":100,"column":4},"end":{"line":100,"column":9}},"loc":{"start":{"line":100,"column":53},"end":{"line":104,"column":5}}},"5":{"name":"(anonymous_9)","decl":{"start":{"line":106,"column":4},"end":{"line":106,"column":9}},"loc":{"start":{"line":106,"column":69},"end":{"line":122,"column":5}}},"6":{"name":"(anonymous_10)","decl":{"start":{"line":124,"column":4},"end":{"line":124,"column":9}},"loc":{"start":{"line":124,"column":45},"end":{"line":129,"column":5}}},"7":{"name":"(anonymous_11)","decl":{"start":{"line":131,"column":4},"end":{"line":131,"column":9}},"loc":{"start":{"line":131,"column":35},"end":{"line":169,"column":5}}}},"branchMap":{"0":{"loc":{"start":{"line":36,"column":8},"end":{"line":38,"column":9}},"type":"if","locations":[{"start":{"line":36,"column":8},"end":{"line":38,"column":9}}]},"1":{"loc":{"start":{"line":49,"column":46},"end":{"line":49,"column":54}},"type":"default-arg","locations":[{"start":{"line":49,"column":53},"end":{"line":49,"column":54}}]},"2":{"loc":{"start":{"line":49,"column":56},"end":{"line":49,"column":66}},"type":"default-arg","locations":[{"start":{"line":49,"column":64},"end":{"line":49,"column":66}}]},"3":{"loc":{"start":{"line":56,"column":8},"end":{"line":58,"column":9}},"type":"if","locations":[{"start":{"line":56,"column":8},"end":{"line":58,"column":9}}]},"4":{"loc":{"start":{"line":60,"column":8},"end":{"line":65,"column":9}},"type":"if","locations":[{"start":{"line":60,"column":8},"end":{"line":65,"column":9}}]},"5":{"loc":{"start":{"line":67,"column":8},"end":{"line":69,"column":9}},"type":"if","locations":[{"start":{"line":67,"column":8},"end":{"line":69,"column":9}}]},"6":{"loc":{"start":{"line":93,"column":8},"end":{"line":95,"column":9}},"type":"if","locations":[{"start":{"line":93,"column":8},"end":{"line":95,"column":9}}]},"7":{"loc":{"start":{"line":109,"column":8},"end":{"line":117,"column":9}},"type":"if","locations":[{"start":{"line":109,"column":8},"end":{"line":117,"column":9}}]},"8":{"loc":{"start":{"line":109,"column":12},"end":{"line":109,"column":53}},"type":"binary-expr","locations":[{"start":{"line":109,"column":12},"end":{"line":109,"column":21}},{"start":{"line":109,"column":25},"end":{"line":109,"column":53}}]},"9":{"loc":{"start":{"line":114,"column":12},"end":{"line":116,"column":13}},"type":"if","locations":[{"start":{"line":114,"column":12},"end":{"line":116,"column":13}}]},"10":{"loc":{"start":{"line":114,"column":16},"end":{"line":114,"column":62}},"type":"binary-expr","locations":[{"start":{"line":114,"column":16},"end":{"line":114,"column":32}},{"start":{"line":114,"column":36},"end":{"line":114,"column":62}}]}},"s":{"0":2,"1":2,"2":2,"3":2,"4":2,"5":21,"6":4,"7":4,"8":2,"9":2,"10":2,"11":5,"12":5,"13":5,"14":1,"15":5,"16":1,"17":5,"18":1,"19":5,"20":5,"21":5,"22":11,"23":11,"24":5,"25":6,"26":2,"27":5,"28":4,"29":3,"30":3,"31":1,"32":3,"33":3,"34":2,"35":1,"36":1,"37":1,"38":1,"39":1,"40":1,"41":1,"42":2,"43":2},"f":{"0":21,"1":4,"2":5,"3":11,"4":2,"5":5,"6":2,"7":1},"b":{"0":[2],"1":[3],"2":[3],"3":[1],"4":[1],"5":[1],"6":[5],"7":[3],"8":[4,3],"9":[1],"10":[3,2]}}
,"C:\\Users\\Test\\Documents\\H.O.P.E\\src\\backend\\src\\modules\\customers\\index.ts": {"path":"C:\\Users\\Test\\Documents\\H.O.P.E\\src\\backend\\src\\modules\\customers\\index.ts","statementMap":{"0":{"start":{"line":1,"column":0},"end":{"line":1,"column":35}},"1":{"start":{"line":2,"column":0},"end":{"line":2,"column":36}},"2":{"start":{"line":3,"column":0},"end":{"line":3,"column":39}},"3":{"start":{"line":4,"column":0},"end":{"line":4,"column":43}},"4":{"start":{"line":5,"column":0},"end":{"line":5,"column":22}}},"fnMap":{},"branchMap":{},"s":{"0":0,"1":0,"2":0,"3":0,"4":0},"f":{},"b":{}}
[...]
,"C:\\Users\\Test\\Documents\\H.O.P.E\\src\\backend\\src\\modules\\wiki-fix\\wiki-fix.service.ts": {"path":"C:\\Users\\Test\\Documents\\H.O.P.E\\src\\backend\\src\\modules\\wiki-fix\\wiki-fix.service.ts","statementMap":{"0":{"start":{"line":1,"column":0},"end":{"line":1,"column":63}},"1":{"start":{"line":2,"column":0},"end":{"line":2,"column":51}},"2":{"start":{"line":3,"column":0},"end":{"line":3,"column":47}},"3":{"start":{"line":4,"column":0},"end":{"line":4,"column":55}},"4":{"start":{"line":5,"column":0},"end":{"line":5,"column":65}},"5":{"start":{"line":9,"column":7},"end":{"line":69,"column":null}},"6":{"start":{"line":12,"column":25},"end":{"line":12,"column":41}},"7":{"start":{"line":14,"column":25},"end":{"line":14,"column":44}},"8":{"start":{"line":18,"column":21},"end":{"line":21,"column":10}},"9":{"start":{"line":22,"column":8},"end":{"line":22,"column":46}},"10":{"start":{"line":26,"column":53},"end":{"line":26,"column":56}},"11":{"start":{"line":27,"column":21},"end":{"line":27,"column":39}},"12":{"start":{"line":29,"column":29},"end":{"line":31,"column":59}},"13":{"start":{"line":33,"column":8},"end":{"line":35,"column":9}},"14":{"start":{"line":34,"column":12},"end":{"line":34,"column":105}},"15":{"start":{"line":37,"column":8},"end":{"line":39,"column":9}},"16":{"start":{"line":38,"column":12},"end":{"line":38,"column":84}},"17":{"start":{"line":41,"column":31},"end":{"line":45,"column":30}},"18":{"start":{"line":47,"column":8},"end":{"line":52,"column":10}},"19":{"start":{"line":56,"column":21},"end":{"line":59,"column":10}},"20":{"start":{"line":60,"column":8},"end":{"line":60,"column":65}},"21":{"start":{"line":60,"column":19},"end":{"line":60,"column":65}},"22":{"start":{"line":61,"column":8},"end":{"line":61,"column":20}},"23":{"start":{"line":65,"column":21},"end":{"line":65,"column":43}},"24":{"start":{"line":66,"column":8},"end":{"line":66,"column":26}},"25":{"start":{"line":67,"column":8},"end":{"line":67,"column":46}},"26":{"start":{"line":9,"column":13},"end":{"line":9,"column":27}},"27":{"start":{"line":9,"column":13},"end":{"line":69,"column":null}}},"fnMap":{"0":{"name":"(anonymous_4)","decl":{"start":{"line":10,"column":4},"end":{"line":10,"column":null}},"loc":{"start":{"line":14,"column":69},"end":{"line":15,"column":9}}},"1":{"name":"(anonymous_5)","decl":{"start":{"line":17,"column":4},"end":{"line":17,"column":9}},"loc":{"start":{"line":17,"column":59},"end":{"line":23,"column":5}}},"2":{"name":"(anonymous_6)","decl":{"start":{"line":25,"column":4},"end":{"line":25,"column":9}},"loc":{"start":{"line":25,"column":39},"end":{"line":53,"column":5}}},"3":{"name":"(anonymous_7)","decl":{"start":{"line":55,"column":4},"end":{"line":55,"column":9}},"loc":{"start":{"line":55,"column":28},"end":{"line":62,"column":5}}},"4":{"name":"(anonymous_8)","decl":{"start":{"line":64,"column":4},"end":{"line":64,"column":9}},"loc":{"start":{"line":64,"column":27},"end":{"line":68,"column":5}}}},"branchMap":{"0":{"loc":{"start":{"line":26,"column":28},"end":{"line":26,"column":36}},"type":"default-arg","locations":[{"start":{"line":26,"column":35},"end":{"line":26,"column":36}}]},"1":{"loc":{"start":{"line":26,"column":38},"end":{"line":26,"column":48}},"type":"default-arg","locations":[{"start":{"line":26,"column":46},"end":{"line":26,"column":48}}]},"2":{"loc":{"start":{"line":33,"column":8},"end":{"line":35,"column":9}},"type":"if","locations":[{"start":{"line":33,"column":8},"end":{"line":35,"column":9}}]},"3":{"loc":{"start":{"line":37,"column":8},"end":{"line":39,"column":9}},"type":"if","locations":[{"start":{"line":37,"column":8},"end":{"line":39,"column":9}}]},"4":{"loc":{"start":{"line":60,"column":8},"end":{"line":60,"column":65}},"type":"if","locations":[{"start":{"line":60,"column":8},"end":{"line":60,"column":65}}]}},"s":{"0":2,"1":2,"2":2,"3":2,"4":2,"5":2,"6":7,"7":7,"8":1,"9":1,"10":3,"11":3,"12":3,"13":3,"14":1,"15":3,"16":1,"17":3,"18":3,"19":3,"20":3,"21":1,"22":2,"23":1,"24":1,"25":1,"26":2,"27":2},"f":{"0":7,"1":1,"2":3,"3":3,"4":1},"b":{"0":[2],"1":[2],"2":[1],"3":[1],"4":[1]}}
,"C:\\Users\\Test\\Documents\\H.O.P.E\\src\\backend\\src\\modules\\wiki-fix\\dto\\wiki-fix.dto.ts": {"path":"C:\\Users\\Test\\Documents\\H.O.P.E\\src\\backend\\src\\modules\\wiki-fix\\dto\\wiki-fix.dto.ts","statementMap":{"0":{"start":{"line":1,"column":0},"end":{"line":1,"column":76}},"1":{"start":{"line":3,"column":0},"end":{"line":3,"column":13}},"2":{"start":{"line":6,"column":4},"end":{"line":6,"column":null}},"3":{"start":{"line":10,"column":4},"end":{"line":10,"column":null}},"4":{"start":{"line":15,"column":4},"end":{"line":15,"column":null}},"5":{"start":{"line":18,"column":0},"end":{"line":18,"column":13}},"6":{"start":{"line":21,"column":4},"end":{"line":21,"column":null}},"7":{"start":{"line":25,"column":4},"end":{"line":25,"column":null}},"8":{"start":{"line":28,"column":4},"end":{"line":28,"column":null}},"9":{"start":{"line":31,"column":4},"end":{"line":31,"column":null}}},"fnMap":{},"branchMap":{},"s":{"0":1,"1":1,"2":1,"3":1,"4":1,"5":1,"6":1,"7":1,"8":1,"9":1},"f":{},"b":{}}
,"C:\\Users\\Test\\Documents\\H.O.P.E\\src\\backend\\src\\modules\\wiki-fix\\entities\\knowledge-edge.entity.ts": {"path":"C:\\Users\\Test\\Documents\\H.O.P.E\\src\\backend\\src\\modules\\wiki-fix\\entities\\knowledge-edge.entity.ts","statementMap":{"0":{"start":{"line":1,"column":0},"end":{"line":1,"column":76}},"1":{"start":{"line":2,"column":0},"end":{"line":2,"column":74}},"2":{"start":{"line":3,"column":0},"end":{"line":3,"column":56}},"3":{"start":{"line":5,"column":0},"end":{"line":5,"column":null}},"4":{"start":{"line":6,"column":4},"end":{"line":6,"column":null}},"5":{"start":{"line":7,"column":4},"end":{"line":7,"column":null}},"6":{"start":{"line":8,"column":4},"end":{"line":8,"column":null}},"7":{"start":{"line":9,"column":4},"end":{"line":9,"column":null}},"8":{"start":{"line":10,"column":4},"end":{"line":10,"column":null}},"9":{"start":{"line":13,"column":0},"end":{"line":13,"column":49}},"10":{"start":{"line":17,"column":7},"end":{"line":37,"column":null}},"11":{"start":{"line":17,"column":13},"end":{"line":17,"column":26}},"12":{"start":{"line":20,"column":4},"end":{"line":20,"column":null}},"13":{"start":{"line":18,"column":17},"end":{"line":18,"column":19}},"14":{"start":{"line":24,"column":4},"end":{"line":24,"column":null}},"15":{"start":{"line":22,"column":17},"end":{"line":22,"column":30}},"16":{"start":{"line":23,"column":21},"end":{"line":23,"column":34}},"17":{"start":{"line":23,"column":46},"end":{"line":23,"column":59}},"18":{"start":{"line":28,"column":4},"end":{"line":28,"column":null}},"19":{"start":{"line":26,"column":17},"end":{"line":26,"column":30}},"20":{"start":{"line":27,"column":21},"end":{"line":27,"column":34}},"21":{"start":{"line":27,"column":46},"end":{"line":27,"column":58}},"22":{"start":{"line":32,"column":4},"end":{"line":32,"column":null}},"23":{"start":{"line":30,"column":17},"end":{"line":30,"column":25}},"24":{"start":{"line":36,"column":4},"end":{"line":36,"column":null}},"25":{"start":{"line":17,"column":13},"end":{"line":37,"column":null}}},"fnMap":{"0":{"name":"(anonymous_2)","decl":{"start":{"line":5,"column":0},"end":{"line":5,"column":12}},"loc":{"start":{"line":5,"column":20},"end":{"line":11,"column":1}}},"1":{"name":"(anonymous_3)","decl":{"start":{"line":18,"column":11},"end":{"line":18,"column":14}},"loc":{"start":{"line":18,"column":17},"end":{"line":18,"column":19}}},"2":{"name":"(anonymous_4)","decl":{"start":{"line":22,"column":11},"end":{"line":22,"column":14}},"loc":{"start":{"line":22,"column":17},"end":{"line":22,"column":30}}},"3":{"name":"(anonymous_5)","decl":{"start":{"line":23,"column":15},"end":{"line":23,"column":18}},"loc":{"start":{"line":23,"column":21},"end":{"line":23,"column":34}}},"4":{"name":"(anonymous_6)","decl":{"start":{"line":23,"column":36},"end":{"line":23,"column":37}},"loc":{"start":{"line":23,"column":46},"end":{"line":23,"column":59}}},"5":{"name":"(anonymous_7)","decl":{"start":{"line":26,"column":11},"end":{"line":26,"column":14}},"loc":{"start":{"line":26,"column":17},"end":{"line":26,"column":30}}},"6":{"name":"(anonymous_8)","decl":{"start":{"line":27,"column":15},"end":{"line":27,"column":18}},"loc":{"start":{"line":27,"column":21},"end":{"line":27,"column":34}}},"7":{"name":"(anonymous_9)","decl":{"start":{"line":27,"column":36},"end":{"line":27,"column":37}},"loc":{"start":{"line":27,"column":46},"end":{"line":27,"column":58}}},"8":{"name":"(anonymous_10)","decl":{"start":{"line":30,"column":11},"end":{"line":30,"column":14}},"loc":{"start":{"line":30,"column":17},"end":{"line":30,"column":25}}}},"branchMap":{"0":{"loc":{"start":{"line":5,"column":12},"end":{"line":5,"column":null}},"type":"binary-expr","locations":[{"start":{"line":5,"column":12},"end":{"line":5,"column":20}},{"start":{"line":5,"column":20},"end":{"line":5,"column":null}}]}},"s":{"0":1,"1":1,"2":1,"3":1,"4":1,"5":1,"6":1,"7":1,"8":1,"9":1,"10":1,"11":1,"12":1,"13":0,"14":1,"15":0,"16":0,"17":0,"18":1,"19":0,"20":0,"21":0,"22":1,"23":0,"24":1,"25":1},"f":{"0":1,"1":0,"2":0,"3":0,"4":0,"5":0,"6":0,"7":0,"8":0},"b":{"0":[1,1]}}
,"C:\\Users\\Test\\Documents\\H.O.P.E\\src\\backend\\src\\modules\\wiki-fix\\entities\\knowledge-node.entity.ts": {"path":"C:\\Users\\Test\\Documents\\H.O.P.E\\src\\backend\\src\\modules\\wiki-fix\\entities\\knowledge-node.entity.ts","statementMap":{"0":{"start":{"line":1,"column":0},"end":{"line":1,"column":112}},"1":{"start":{"line":2,"column":0},"end":{"line":2,"column":81}},"2":{"start":{"line":5,"column":0},"end":{"line":5,"column":null}},"3":{"start":{"line":6,"column":4},"end":{"line":6,"column":null}},"4":{"start":{"line":7,"column":4},"end":{"line":7,"column":null}},"5":{"start":{"line":8,"column":4},"end":{"line":8,"column":null}},"6":{"start":{"line":9,"column":4},"end":{"line":9,"column":null}},"7":{"start":{"line":10,"column":4},"end":{"line":10,"column":null}},"8":{"start":{"line":13,"column":0},"end":{"line":13,"column":49}},"9":{"start":{"line":17,"column":7},"end":{"line":53,"column":null}},"10":{"start":{"line":17,"column":13},"end":{"line":17,"column":26}},"11":{"start":{"line":20,"column":4},"end":{"line":20,"column":null}},"12":{"start":{"line":18,"column":17},"end":{"line":18,"column":19}},"13":{"start":{"line":24,"column":4},"end":{"line":24,"column":null}},"14":{"start":{"line":28,"column":4},"end":{"line":28,"column":null}},"15":{"start":{"line":26,"column":17},"end":{"line":26,"column":25}},"16":{"start":{"line":32,"column":4},"end":{"line":32,"column":null}},"17":{"start":{"line":36,"column":4},"end":{"line":36,"column":null}},"18":{"start":{"line":34,"column":17},"end":{"line":34,"column":21}},"19":{"start":{"line":40,"column":4},"end":{"line":40,"column":null}},"20":{"start":{"line":38,"column":17},"end":{"line":38,"column":21}},"21":{"start":{"line":44,"column":4},"end":{"line":44,"column":null}},"22":{"start":{"line":42,"column":17},"end":{"line":42,"column":24}},"23":{"start":{"line":48,"column":4},"end":{"line":48,"column":null}},"24":{"start":{"line":52,"column":4},"end":{"line":52,"column":null}},"25":{"start":{"line":17,"column":13},"end":{"line":53,"column":null}}},"fnMap":{"0":{"name":"(anonymous_2)","decl":{"start":{"line":5,"column":0},"end":{"line":5,"column":12}},"loc":{"start":{"line":5,"column":20},"end":{"line":11,"column":1}}},"1":{"name":"(anonymous_3)","decl":{"start":{"line":18,"column":11},"end":{"line":18,"column":14}},"loc":{"start":{"line":18,"column":17},"end":{"line":18,"column":19}}},"2":{"name":"(anonymous_4)","decl":{"start":{"line":26,"column":11},"end":{"line":26,"column":14}},"loc":{"start":{"line":26,"column":17},"end":{"line":26,"column":25}}},"3":{"name":"(anonymous_5)","decl":{"start":{"line":34,"column":11},"end":{"line":34,"column":14}},"loc":{"start":{"line":34,"column":17},"end":{"line":34,"column":21}}},"4":{"name":"(anonymous_6)","decl":{"start":{"line":38,"column":11},"end":{"line":38,"column":14}},"loc":{"start":{"line":38,"column":17},"end":{"line":38,"column":21}}},"5":{"name":"(anonymous_7)","decl":{"start":{"line":42,"column":11},"end":{"line":42,"column":14}},"loc":{"start":{"line":42,"column":17},"end":{"line":42,"column":24}}}},"branchMap":{"0":{"loc":{"start":{"line":5,"column":12},"end":{"line":5,"column":null}},"type":"binary-expr","locations":[{"start":{"line":5,"column":12},"end":{"line":5,"column":20}},{"start":{"line":5,"column":20},"end":{"line":5,"column":null}}]}},"s":{"0":1,"1":1,"2":1,"3":1,"4":1,"5":1,"6":1,"7":1,"8":1,"9":1,"10":1,"11":1,"12":0,"13":1,"14":1,"15":0,"16":1,"17":1,"18":0,"19":1,"20":0,"21":1,"22":0,"23":1,"24":1,"25":1},"f":{"0":1,"1":0,"2":0,"3":0,"4":0,"5":0},"b":{"0":[1,1]}}
,"C:\\Users\\Test\\Documents\\H.O.P.E\\src\\backend\\src\\modules\\wiki-fix\\entities\\repair-pattern.entity.ts": {"path":"C:\\Users\\Test\\Documents\\H.O.P.E\\src\\backend\\src\\modules\\wiki-fix\\entities\\repair-pattern.entity.ts","statementMap":{"0":{"start":{"line":1,"column":0},"end":{"line":1,"column":88}},"1":{"start":{"line":2,"column":0},"end":{"line":2,"column":63}},"2":{"start":{"line":3,"column":0},"end":{"line":3,"column":46}},"3":{"start":{"line":7,"column":7},"end":{"line":36,"column":null}},"4":{"start":{"line":7,"column":13},"end":{"line":7,"column":26}},"5":{"start":{"line":10,"column":4},"end":{"line":10,"column":null}},"6":{"start":{"line":8,"column":17},"end":{"line":8,"column":19}},"7":{"start":{"line":14,"column":4},"end":{"line":14,"column":null}},"8":{"start":{"line":19,"column":4},"end":{"line":19,"column":null}},"9":{"start":{"line":16,"column":17},"end":{"line":16,"column":25}},"10":{"start":{"line":23,"column":4},"end":{"line":23,"column":null}},"11":{"start":{"line":27,"column":4},"end":{"line":27,"column":null}},"12":{"start":{"line":25,"column":17},"end":{"line":25,"column":22}},"13":{"start":{"line":31,"column":4},"end":{"line":31,"column":null}},"14":{"start":{"line":29,"column":17},"end":{"line":29,"column":23}},"15":{"start":{"line":35,"column":4},"end":{"line":35,"column":null}},"16":{"start":{"line":33,"column":17},"end":{"line":33,"column":22}},"17":{"start":{"line":7,"column":13},"end":{"line":36,"column":null}}},"fnMap":{"0":{"name":"(anonymous_2)","decl":{"start":{"line":8,"column":11},"end":{"line":8,"column":14}},"loc":{"start":{"line":8,"column":17},"end":{"line":8,"column":19}}},"1":{"name":"(anonymous_3)","decl":{"start":{"line":16,"column":11},"end":{"line":16,"column":14}},"loc":{"start":{"line":16,"column":17},"end":{"line":16,"column":25}}},"2":{"name":"(anonymous_4)","decl":{"start":{"line":25,"column":11},"end":{"line":25,"column":14}},"loc":{"start":{"line":25,"column":17},"end":{"line":25,"column":22}}},"3":{"name":"(anonymous_5)","decl":{"start":{"line":29,"column":11},"end":{"line":29,"column":14}},"loc":{"start":{"line":29,"column":17},"end":{"line":29,"column":23}}},"4":{"name":"(anonymous_6)","decl":{"start":{"line":33,"column":11},"end":{"line":33,"column":14}},"loc":{"start":{"line":33,"column":17},"end":{"line":33,"column":22}}}},"branchMap":{},"s":{"0":2,"1":2,"2":2,"3":2,"4":2,"5":2,"6":0,"7":2,"8":2,"9":0,"10":2,"11":2,"12":0,"13":2,"14":0,"15":2,"16":0,"17":2},"f":{"0":0,"1":0,"2":0,"3":0,"4":0},"b":{}}
,"C:\\Users\\Test\\Documents\\H.O.P.E\\src\\backend\\src\\modules\\wiki-fix\\entities\\wiki-post.entity.ts": {"path":"C:\\Users\\Test\\Documents\\H.O.P.E\\src\\backend\\src\\modules\\wiki-fix\\entities\\wiki-post.entity.ts","statementMap":{"0":{"start":{"line":1,"column":0},"end":{"line":1,"column":135}},"1":{"start":{"line":2,"column":0},"end":{"line":2,"column":61}},"2":{"start":{"line":3,"column":0},"end":{"line":3,"column":55}},"3":{"start":{"line":4,"column":0},"end":{"line":4,"column":56}},"4":{"start":{"line":8,"column":7},"end":{"line":53,"column":null}},"5":{"start":{"line":8,"column":13},"end":{"line":8,"column":21}},"6":{"start":{"line":11,"column":4},"end":{"line":11,"column":null}},"7":{"start":{"line":9,"column":17},"end":{"line":9,"column":19}},"8":{"start":{"line":15,"column":4},"end":{"line":15,"column":null}},"9":{"start":{"line":19,"column":4},"end":{"line":19,"column":null}},"10":{"start":{"line":23,"column":4},"end":{"line":23,"column":null}},"11":{"start":{"line":21,"column":17},"end":{"line":21,"column":25}},"12":{"start":{"line":27,"column":4},"end":{"line":27,"column":null}},"13":{"start":{"line":25,"column":17},"end":{"line":25,"column":20}},"14":{"start":{"line":31,"column":4},"end":{"line":31,"column":null}},"15":{"start":{"line":29,"column":17},"end":{"line":29,"column":20}},"16":{"start":{"line":35,"column":4},"end":{"line":35,"column":null}},"17":{"start":{"line":40,"column":4},"end":{"line":40,"column":null}},"18":{"start":{"line":37,"column":17},"end":{"line":37,"column":21}},"19":{"start":{"line":38,"column":21},"end":{"line":38,"column":25}},"20":{"start":{"line":44,"column":4},"end":{"line":44,"column":null}},"21":{"start":{"line":42,"column":17},"end":{"line":42,"column":32}},"22":{"start":{"line":48,"column":4},"end":{"line":48,"column":null}},"23":{"start":{"line":52,"column":4},"end":{"line":52,"column":null}},"24":{"start":{"line":8,"column":13},"end":{"line":53,"column":null}}},"fnMap":{"0":{"name":"(anonymous_2)","decl":{"start":{"line":9,"column":11},"end":{"line":9,"column":14}},"loc":{"start":{"line":9,"column":17},"end":{"line":9,"column":19}}},"1":{"name":"(anonymous_3)","decl":{"start":{"line":21,"column":11},"end":{"line":21,"column":14}},"loc":{"start":{"line":21,"column":17},"end":{"line":21,"column":25}}},"2":{"name":"(anonymous_4)","decl":{"start":{"line":25,"column":11},"end":{"line":25,"column":14}},"loc":{"start":{"line":25,"column":17},"end":{"line":25,"column":20}}},"3":{"name":"(anonymous_5)","decl":{"start":{"line":29,"column":11},"end":{"line":29,"column":14}},"loc":{"start":{"line":29,"column":17},"end":{"line":29,"column":20}}},"4":{"name":"(anonymous_6)","decl":{"start":{"line":37,"column":11},"end":{"line":37,"column":14}},"loc":{"start":{"line":37,"column":17},"end":{"line":37,"column":21}}},"5":{"name":"(anonymous_7)","decl":{"start":{"line":38,"column":15},"end":{"line":38,"column":18}},"loc":{"start":{"line":38,"column":21},"end":{"line":38,"column":25}}},"6":{"name":"(anonymous_8)","decl":{"start":{"line":42,"column":11},"end":{"line":42,"column":14}},"loc":{"start":{"line":42,"column":17},"end":{"line":42,"column":32}}}},"branchMap":{},"s":{"0":2,"1":2,"2":2,"3":2,"4":2,"5":2,"6":2,"7":0,"8":2,"9":2,"10":2,"11":0,"12":2,"13":0,"14":2,"15":0,"16":2,"17":2,"18":0,"19":0,"20":2,"21":0,"22":2,"23":2,"24":2},"f":{"0":0,"1":0,"2":0,"3":0,"4":0,"5":0,"6":0},"b":{}}
}
