TN:
SF:src\app.module.ts
FNF:0
FNH:0
DA:1,0
DA:2,0
DA:3,0
DA:4,0
DA:5,0
DA:6,0
DA:7,0
DA:8,0
DA:9,0
DA:10,0
DA:11,0
DA:12,0
DA:13,0
DA:14,0
DA:15,0
DA:16,0
DA:17,0
DA:18,0
DA:19,0
DA:20,0
DA:21,0
DA:22,0
DA:23,0
DA:62,0
LF:24
LH:0
BRDA:36,0,0,0
BRDA:36,0,1,0
BRDA:39,1,0,0
BRDA:39,1,1,0
BRF:4
BRH:0
end_of_record
TN:
SF:src\main.ts
FN:9,bootstrap
FNF:1
FNH:0
FNDA:0,bootstrap
DA:1,0
DA:2,0
DA:3,0
DA:4,0
DA:5,0
DA:6,0
DA:7,0
DA:10,0
DA:13,0
DA:16,0
DA:23,0
DA:24,0
DA:27,0
DA:33,0
DA:34,0
DA:36,0
DA:37,0
DA:38,0
DA:39,0
DA:40,0
DA:42,0
LF:21
LH:0
BRDA:36,0,0,0
BRDA:36,0,1,0
BRF:2
BRH:0
end_of_record
TN:
SF:src\otel-setup.ts
FN:28,(anonymous_0)
FN:30,(anonymous_1)
FN:31,(anonymous_2)
FN:32,(anonymous_3)
FNF:4
FNH:0
FNDA:0,(anonymous_0)
FNDA:0,(anonymous_1)
FNDA:0,(anonymous_2)
FNDA:0,(anonymous_3)
DA:1,0
DA:2,0
DA:3,0
DA:7,0
DA:11,0
DA:22,0
DA:23,0
DA:24,0
DA:28,0
DA:29,0
DA:30,0
DA:31,0
DA:32,0
LF:13
LH:0
BRDA:8,0,0,0
BRDA:8,0,1,0
BRDA:15,1,0,0
BRDA:15,1,1,0
BRDA:22,2,0,0
BRF:5
BRH:0
end_of_record
TN:
SF:src\common\filters\all-exceptions.filter.ts
FN:16,(anonymous_2)
FN:18,(anonymous_3)
FNF:2
FNH:0
FNDA:0,(anonymous_2)
FNDA:0,(anonymous_3)
DA:2,0
DA:10,0
DA:13,0
DA:14,0
DA:16,0
DA:21,0
DA:23,0
DA:26,0
DA:30,0
DA:40,0
DA:41,0
DA:44,0
LF:12
LH:0
BRDA:26,0,0,0
BRDA:26,0,1,0
BRDA:35,1,0,0
BRDA:35,1,1,0
BRDA:36,2,0,0
BRDA:36,2,1,0
BRDA:40,3,0,0
BRF:7
BRH:0
end_of_record
TN:
SF:src\config\database.config.ts
FN:4,(anonymous_0)
FNF:1
FNH:0
FNDA:0,(anonymous_0)
DA:2,0
DA:4,0
DA:5,0
DA:6,0
DA:8,0
DA:9,0
DA:19,0
LF:7
LH:0
BRDA:8,0,0,0
BRDA:8,1,0,0
BRDA:8,1,1,0
BRDA:21,2,0,0
BRDA:21,2,1,0
BRDA:22,3,0,0
BRDA:22,3,1,0
BRDA:23,4,0,0
BRDA:23,4,1,0
BRDA:24,5,0,0
BRDA:24,5,1,0
BRDA:25,6,0,0
BRDA:25,6,1,0
BRDA:29,7,0,0
BRDA:29,7,1,0
BRDA:31,8,0,0
BRDA:31,8,1,0
BRF:17
BRH:0
end_of_record
TN:
SF:src\config\index.ts
FNF:0
FNH:0
DA:1,0
LF:1
LH:0
BRF:0
BRH:0
end_of_record
TN:
SF:src\database\migrations\1706000000000-InitialSchema.ts
FN:3,(anonymous_0)
FN:6,(anonymous_1)
FN:441,(anonymous_2)
FNF:3
FNH:0
FNDA:0,(anonymous_0)
FNDA:0,(anonymous_1)
FNDA:0,(anonymous_2)
DA:1,0
DA:3,0
DA:4,0
DA:8,0
DA:12,0
DA:16,0
DA:20,0
DA:24,0
DA:29,0
DA:98,0
DA:212,0
DA:296,0
DA:349,0
DA:357,0
DA:365,0
DA:373,0
DA:381,0
DA:389,0
DA:397,0
DA:406,0
DA:417,0
DA:429,0
DA:432,0
DA:433,0
DA:437,0
DA:443,0
DA:444,0
DA:447,0
DA:448,0
DA:449,0
DA:450,0
DA:451,0
DA:452,0
DA:453,0
DA:456,0
DA:457,0
DA:458,0
DA:459,0
DA:462,0
DA:463,0
DA:464,0
DA:465,0
DA:466,0
LF:43
LH:0
BRF:0
BRH:0
end_of_record
TN:
SF:src\database\migrations\index.ts
FNF:0
FNH:0
DA:1,0
LF:1
LH:0
BRF:0
BRH:0
end_of_record
TN:
SF:src\health\health.controller.ts
FN:20,(anonymous_4)
FN:25,(anonymous_5)
FN:40,(anonymous_6)
FN:45,(anonymous_7)
FNF:4
FNH:4
FNDA:7,(anonymous_4)
FNDA:4,(anonymous_5)
FNDA:1,(anonymous_6)
FNDA:1,(anonymous_7)
DA:1,1
DA:2,1
DA:3,1
DA:16,1
DA:17,7
DA:18,7
DA:21,7
DA:25,1
DA:26,4
DA:28,4
DA:40,1
DA:41,1
DA:45,1
DA:46,1
LF:14
LH:14
BRDA:18,0,0,7
BRDA:18,0,1,0
BRDA:29,1,0,4
BRDA:29,1,1,0
BRDA:34,2,0,4
BRDA:34,2,1,0
BRF:6
BRH:3
end_of_record
TN:
SF:src\health\health.module.ts
FNF:0
FNH:0
DA:1,0
DA:2,0
DA:7,0
LF:3
LH:0
BRF:0
BRH:0
end_of_record
TN:
SF:src\health\index.ts
FNF:0
FNH:0
DA:1,0
DA:2,0
LF:2
LH:0
BRF:0
BRH:0
end_of_record
TN:
SF:src\modules\assets\assets.controller.ts
FN:7,(anonymous_2)
FN:10,(anonymous_3)
FN:15,(anonymous_4)
FNF:3
FNH:3
FNDA:3,(anonymous_2)
FNDA:1,(anonymous_3)
FNDA:1,(anonymous_4)
DA:2,1
DA:3,1
DA:6,1
DA:7,3
DA:10,1
DA:11,1
DA:15,1
DA:16,1
LF:8
LH:8
BRF:0
BRH:0
end_of_record
TN:
SF:src\modules\assets\assets.module.ts
FNF:0
FNH:0
DA:2,0
DA:3,0
DA:4,0
DA:5,0
DA:6,0
DA:15,0
LF:6
LH:0
BRF:0
BRH:0
end_of_record
TN:
SF:src\modules\assets\assets.service.ts
FN:9,(anonymous_4)
FN:18,(anonymous_5)
FN:27,(anonymous_6)
FNF:3
FNH:0
FNDA:0,(anonymous_4)
FNDA:0,(anonymous_5)
FNDA:0,(anonymous_6)
DA:2,1
DA:3,1
DA:4,1
DA:5,1
DA:8,1
DA:15,0
DA:19,0
DA:28,0
DA:30,0
DA:32,0
LF:10
LH:5
BRF:0
BRH:0
end_of_record
TN:
SF:src\modules\auth\auth.controller.ts
FN:23,(anonymous_4)
FN:27,(anonymous_5)
FN:34,(anonymous_6)
FN:41,(anonymous_7)
FN:51,(anonymous_8)
FN:58,(anonymous_9)
FN:65,(anonymous_10)
FN:76,(anonymous_11)
FN:83,(anonymous_12)
FN:92,(anonymous_13)
FN:99,(anonymous_14)
FNF:11
FNH:6
FNDA:5,(anonymous_4)
FNDA:1,(anonymous_5)
FNDA:1,(anonymous_6)
FNDA:1,(anonymous_7)
FNDA:1,(anonymous_8)
FNDA:1,(anonymous_9)
FNDA:0,(anonymous_10)
FNDA:0,(anonymous_11)
FNDA:0,(anonymous_12)
FNDA:0,(anonymous_13)
FNDA:0,(anonymous_14)
DA:1,7
DA:12,7
DA:14,7
DA:15,7
DA:16,7
DA:17,7
DA:18,7
DA:19,7
DA:22,7
DA:23,5
DA:27,7
DA:28,1
DA:34,7
DA:35,1
DA:41,7
DA:45,1
DA:51,7
DA:52,1
DA:53,1
DA:58,7
DA:59,1
DA:60,1
DA:65,7
DA:69,0
DA:70,0
DA:76,7
DA:83,7
DA:84,0
DA:86,0
DA:92,7
DA:99,7
DA:100,0
DA:101,0
LF:33
LH:27
BRF:0
BRH:0
end_of_record
TN:
SF:src\modules\auth\auth.module.ts
FNF:0
FNH:0
DA:1,6
DA:2,6
DA:3,6
DA:4,6
DA:5,6
DA:6,6
DA:7,6
DA:8,6
DA:9,6
DA:10,6
DA:11,6
DA:12,6
DA:27,6
LF:13
LH:13
BRDA:19,0,0,6
BRDA:19,0,1,6
BRF:2
BRH:2
end_of_record
TN:
SF:src\modules\auth\auth.service.ts
FN:27,(anonymous_4)
FN:33,(anonymous_5)
FN:64,(anonymous_6)
FN:95,(anonymous_7)
FN:116,(anonymous_8)
FN:120,(anonymous_9)
FN:124,(anonymous_10)
FN:130,(anonymous_11)
FN:134,(anonymous_12)
FN:164,(anonymous_13)
FN:186,(anonymous_14)
FN:191,(anonymous_15)
FNF:12
FNH:10
FNDA:14,(anonymous_4)
FNDA:3,(anonymous_5)
FNDA:7,(anonymous_6)
FNDA:3,(anonymous_7)
FNDA:1,(anonymous_8)
FNDA:0,(anonymous_9)
FNDA:2,(anonymous_10)
FNDA:2,(anonymous_11)
FNDA:0,(anonymous_12)
FNDA:3,(anonymous_13)
FNDA:3,(anonymous_14)
FNDA:2,(anonymous_15)
DA:1,8
DA:2,8
DA:3,8
DA:4,8
DA:5,8
DA:6,8
DA:26,8
DA:29,14
DA:30,14
DA:34,3
DA:38,3
DA:39,2
DA:42,1
DA:44,1
DA:53,1
DA:55,1
DA:56,1
DA:58,1
DA:65,7
DA:69,7
DA:70,2
DA:73,5
DA:75,5
DA:76,2
DA:79,3
DA:80,2
DA:83,1
DA:84,1
DA:87,1
DA:89,1
DA:96,3
DA:100,3
DA:101,1
DA:104,2
DA:106,2
DA:107,1
DA:110,1
DA:111,1
DA:113,1
DA:117,1
DA:121,0
DA:125,2
DA:131,2
DA:135,0
DA:136,0
DA:138,0
DA:140,0
DA:148,0
DA:151,0
DA:152,0
DA:155,0
DA:156,0
DA:158,0
DA:165,3
DA:172,3
DA:183,3
DA:187,3
DA:188,3
DA:192,2
DA:193,2
LF:60
LH:49
BRDA:38,0,0,2
BRDA:69,1,0,2
BRDA:75,2,0,2
BRDA:79,3,0,2
BRDA:100,4,0,1
BRDA:100,5,0,3
BRDA:100,5,1,2
BRDA:106,6,0,1
BRDA:138,7,0,0
BRDA:142,8,0,0
BRDA:142,8,1,0
BRDA:143,9,0,0
BRDA:143,9,1,0
BRDA:151,10,0,0
BRDA:174,11,0,3
BRDA:174,11,1,3
BRDA:178,12,0,3
BRDA:178,12,1,3
BRF:18
BRH:12
end_of_record
TN:
SF:src\modules\auth\index.ts
FNF:0
FNH:0
DA:1,6
DA:2,6
DA:3,6
DA:4,6
DA:5,6
DA:6,6
DA:7,6
DA:8,6
DA:9,6
DA:10,6
LF:10
LH:10
BRF:0
BRH:0
end_of_record
TN:
SF:src\modules\auth\decorators\current-user.decorator.ts
FN:6,(anonymous_0)
FNF:1
FNH:0
FNDA:0,(anonymous_0)
DA:1,7
DA:2,7
DA:5,7
DA:7,0
DA:8,0
DA:9,0
DA:11,0
LF:7
LH:3
BRDA:8,0,0,0
BRDA:8,0,1,0
BRDA:11,1,0,0
BRDA:11,1,1,0
BRF:4
BRH:0
end_of_record
TN:
SF:src\modules\auth\decorators\public.decorator.ts
FN:4,(anonymous_0)
FNF:1
FNH:1
FNDA:42,(anonymous_0)
DA:1,8
DA:3,8
DA:4,42
LF:3
LH:3
BRF:0
BRH:0
end_of_record
TN:
SF:src\modules\auth\decorators\roles.decorator.ts
FN:5,(anonymous_0)
FNF:1
FNH:1
FNDA:21,(anonymous_0)
DA:1,7
DA:4,7
DA:5,21
LF:3
LH:3
BRF:0
BRH:0
end_of_record
TN:
SF:src\modules\auth\dto\index.ts
FNF:0
FNH:0
DA:1,7
DA:2,7
LF:2
LH:2
BRF:0
BRH:0
end_of_record
TN:
SF:src\modules\auth\dto\login.dto.ts
FNF:0
FNH:0
DA:1,7
DA:3,7
DA:5,7
DA:8,7
LF:4
LH:4
BRF:0
BRH:0
end_of_record
TN:
SF:src\modules\auth\dto\register.dto.ts
FNF:0
FNH:0
DA:1,7
DA:2,7
DA:4,7
DA:6,7
DA:10,7
DA:13,7
DA:16,7
DA:20,7
DA:24,7
LF:9
LH:9
BRF:0
BRH:0
end_of_record
TN:
SF:src\modules\auth\entities\user.entity.ts
FN:10,(anonymous_2)
FN:74,(anonymous_3)
FN:24,(anonymous_4)
FN:43,(anonymous_5)
FNF:4
FNH:1
FNDA:12,(anonymous_2)
FNDA:0,(anonymous_3)
FNDA:0,(anonymous_4)
FNDA:0,(anonymous_5)
DA:1,12
DA:8,12
DA:10,12
DA:11,12
DA:12,12
DA:13,12
DA:14,12
DA:17,12
DA:23,12
DA:24,0
DA:26,12
DA:30,12
DA:33,12
DA:37,12
DA:41,12
DA:43,0
DA:45,12
DA:49,12
DA:53,12
DA:56,12
DA:60,12
DA:64,12
DA:68,12
DA:72,12
DA:74,12
DA:76,0
LF:26
LH:23
BRDA:10,0,0,12
BRDA:10,0,1,12
BRF:2
BRH:2
end_of_record
TN:
SF:src\modules\auth\guards\jwt-auth.guard.ts
FN:9,(anonymous_2)
FN:13,(anonymous_3)
FN:26,(anonymous_4)
FNF:3
FNH:2
FNDA:66,(anonymous_2)
FNDA:1,(anonymous_3)
FNDA:0,(anonymous_4)
DA:1,8
DA:2,8
DA:3,8
DA:4,8
DA:5,8
DA:8,8
DA:9,66
DA:10,66
DA:14,1
DA:19,1
DA:20,1
DA:23,0
DA:27,0
DA:28,0
LF:14
LH:11
BRDA:19,0,0,1
BRDA:28,1,0,0
BRDA:28,1,1,0
BRF:3
BRH:1
end_of_record
TN:
SF:src\modules\auth\guards\roles.guard.ts
FN:8,(anonymous_2)
FN:10,(anonymous_3)
FNF:2
FNH:2
FNDA:58,(anonymous_2)
FNDA:3,(anonymous_3)
DA:1,7
DA:2,7
DA:4,7
DA:7,7
DA:8,58
DA:11,3
DA:16,3
DA:17,1
DA:20,2
DA:21,2
LF:10
LH:10
BRDA:16,0,0,1
BRF:1
BRH:1
end_of_record
TN:
SF:src\modules\auth\strategies\github.strategy.ts
FN:7,(anonymous_2)
FN:16,(anonymous_3)
FNF:2
FNH:0
FNDA:0,(anonymous_2)
FNDA:0,(anonymous_3)
DA:1,6
DA:2,6
DA:3,6
DA:6,6
DA:8,0
DA:17,0
DA:18,0
DA:24,0
LF:8
LH:4
BRDA:9,0,0,0
BRDA:9,0,1,0
BRDA:10,1,0,0
BRDA:10,1,1,0
BRF:4
BRH:0
end_of_record
TN:
SF:src\modules\auth\strategies\google.strategy.ts
FN:7,(anonymous_2)
FN:16,(anonymous_3)
FNF:2
FNH:0
FNDA:0,(anonymous_2)
FNDA:0,(anonymous_3)
DA:1,6
DA:2,6
DA:3,6
DA:6,6
DA:8,0
DA:17,0
DA:18,0
DA:25,0
LF:8
LH:4
BRDA:9,0,0,0
BRDA:9,0,1,0
BRDA:10,1,0,0
BRDA:10,1,1,0
BRF:4
BRH:0
end_of_record
TN:
SF:src\modules\auth\strategies\jwt.strategy.ts
FN:8,(anonymous_2)
FN:16,(anonymous_3)
FNF:2
FNH:0
FNDA:0,(anonymous_2)
FNDA:0,(anonymous_3)
DA:1,6
DA:2,6
DA:3,6
DA:4,6
DA:7,6
DA:8,0
DA:9,0
DA:17,0
DA:19,0
DA:20,0
DA:23,0
LF:11
LH:5
BRDA:12,0,0,0
BRDA:12,0,1,0
BRDA:19,1,0,0
BRF:3
BRH:0
end_of_record
TN:
SF:src\modules\cms\cms.controller.ts
FN:10,(anonymous_4)
FN:13,(anonymous_5)
FN:18,(anonymous_6)
FN:23,(anonymous_7)
FNF:4
FNH:0
FNDA:0,(anonymous_4)
FNDA:0,(anonymous_5)
FNDA:0,(anonymous_6)
FNDA:0,(anonymous_7)
DA:1,0
DA:2,0
DA:3,0
DA:4,0
DA:9,0
DA:10,0
DA:13,0
DA:14,0
DA:18,0
DA:19,0
DA:23,0
DA:24,0
LF:12
LH:0
BRF:0
BRH:0
end_of_record
TN:
SF:src\modules\cms\cms.module.ts
FNF:0
FNH:0
DA:1,0
DA:2,0
DA:3,0
DA:4,0
DA:17,0
LF:5
LH:0
BRF:0
BRH:0
end_of_record
TN:
SF:src\modules\cms\cms.service.ts
FN:12,(anonymous_1)
FN:33,(anonymous_2)
FN:39,(anonymous_3)
FN:41,(anonymous_4)
FN:44,(anonymous_5)
FN:45,(anonymous_6)
FNF:6
FNH:4
FNDA:3,(anonymous_1)
FNDA:1,(anonymous_2)
FNDA:1,(anonymous_3)
FNDA:2,(anonymous_4)
FNDA:0,(anonymous_5)
FNDA:0,(anonymous_6)
DA:1,1
DA:12,1
DA:13,3
DA:16,3
DA:34,1
DA:36,1
DA:40,1
DA:41,2
DA:45,0
LF:9
LH:8
BRF:0
BRH:0
end_of_record
TN:
SF:src\modules\customers\customers.controller.ts
FN:22,(anonymous_4)
FN:26,(anonymous_5)
FN:34,(anonymous_6)
FN:54,(anonymous_7)
FN:59,(anonymous_8)
FN:67,(anonymous_9)
FN:76,(anonymous_10)
FN:86,(anonymous_11)
FNF:8
FNH:8
FNDA:14,(anonymous_4)
FNDA:2,(anonymous_5)
FNDA:5,(anonymous_6)
FNDA:1,(anonymous_7)
FNDA:1,(anonymous_8)
FNDA:2,(anonymous_9)
FNDA:2,(anonymous_10)
FNDA:1,(anonymous_11)
DA:1,1
DA:13,1
DA:14,1
DA:15,1
DA:16,1
DA:17,1
DA:21,1
DA:22,14
DA:26,1
DA:30,2
DA:34,1
DA:42,5
DA:54,1
DA:55,1
DA:59,1
DA:63,1
DA:67,1
DA:71,2
DA:76,1
DA:81,2
DA:86,1
DA:90,1
DA:91,1
LF:23
LH:23
BRDA:39,0,0,4
BRDA:40,1,0,4
BRF:2
BRH:2
end_of_record
TN:
SF:src\modules\customers\customers.module.ts
FNF:0
FNH:0
DA:1,0
DA:2,0
DA:3,0
DA:4,0
DA:5,0
DA:6,0
DA:14,0
LF:7
LH:0
BRF:0
BRH:0
end_of_record
TN:
SF:src\modules\customers\customers.service.ts
FN:26,(anonymous_4)
FN:31,(anonymous_5)
FN:48,(anonymous_6)
FN:88,(anonymous_7)
FN:100,(anonymous_8)
FN:106,(anonymous_9)
FN:124,(anonymous_10)
FN:131,(anonymous_11)
FNF:8
FNH:8
FNDA:21,(anonymous_4)
FNDA:4,(anonymous_5)
FNDA:5,(anonymous_6)
FNDA:11,(anonymous_7)
FNDA:2,(anonymous_8)
FNDA:5,(anonymous_9)
FNDA:2,(anonymous_10)
FNDA:1,(anonymous_11)
DA:1,2
DA:2,2
DA:3,2
DA:4,2
DA:25,2
DA:28,21
DA:32,4
DA:36,4
DA:37,2
DA:40,2
DA:45,2
DA:49,5
DA:51,5
DA:56,5
DA:57,1
DA:60,5
DA:61,1
DA:67,5
DA:68,1
DA:71,5
DA:72,5
DA:79,5
DA:89,11
DA:93,11
DA:94,5
DA:97,6
DA:101,2
DA:107,5
DA:109,4
DA:110,3
DA:114,3
DA:115,1
DA:119,3
DA:121,3
DA:125,2
DA:127,1
DA:128,1
DA:137,1
DA:141,1
DA:150,1
DA:162,1
DA:168,1
LF:42
LH:42
BRDA:36,0,0,2
BRDA:49,1,0,3
BRDA:49,2,0,3
BRDA:56,3,0,1
BRDA:60,4,0,1
BRDA:67,5,0,1
BRDA:93,6,0,5
BRDA:109,7,0,3
BRDA:109,8,0,4
BRDA:109,8,1,3
BRDA:114,9,0,1
BRDA:114,10,0,3
BRDA:114,10,1,2
BRF:13
BRH:13
end_of_record
TN:
SF:src\modules\customers\index.ts
FNF:0
FNH:0
DA:1,0
DA:2,0
DA:3,0
DA:4,0
DA:5,0
LF:5
LH:0
BRF:0
BRH:0
end_of_record
TN:
SF:src\modules\customers\dto\create-customer.dto.ts
FNF:0
FNH:0
DA:1,1
DA:9,1
DA:11,1
DA:14,1
DA:18,1
DA:22,1
DA:25,1
DA:28,1
DA:31,1
DA:34,1
DA:38,1
DA:41,1
DA:45,1
DA:49,1
DA:53,1
DA:57,1
DA:61,1
DA:65,1
DA:69,1
DA:73,1
DA:77,1
DA:81,1
LF:22
LH:22
BRF:0
BRH:0
end_of_record
TN:
SF:src\modules\customers\dto\index.ts
FNF:0
FNH:0
DA:1,1
DA:2,1
LF:2
LH:2
BRF:0
BRH:0
end_of_record
TN:
SF:src\modules\customers\dto\update-customer.dto.ts
FNF:0
FNH:0
DA:1,1
DA:2,1
DA:4,1
LF:3
LH:3
BRF:0
BRH:0
end_of_record
TN:
SF:src\modules\customers\entities\customer.entity.ts
FN:10,(anonymous_2)
FN:105,(anonymous_3)
FN:110,(anonymous_4)
FN:21,(anonymous_5)
FN:29,(anonymous_6)
FN:85,(anonymous_7)
FNF:6
FNH:1
FNDA:2,(anonymous_2)
FNDA:0,(anonymous_3)
FNDA:0,(anonymous_4)
FNDA:0,(anonymous_5)
FNDA:0,(anonymous_6)
FNDA:0,(anonymous_7)
DA:1,2
DA:8,2
DA:10,2
DA:11,2
DA:12,2
DA:13,2
DA:16,2
DA:20,2
DA:21,0
DA:23,2
DA:27,2
DA:29,0
DA:31,2
DA:35,2
DA:39,2
DA:43,2
DA:47,2
DA:51,2
DA:55,2
DA:59,2
DA:63,2
DA:67,2
DA:71,2
DA:75,2
DA:79,2
DA:83,2
DA:85,0
DA:87,2
DA:95,2
DA:99,2
DA:103,2
DA:105,2
DA:107,0
DA:110,2
DA:112,0
LF:35
LH:30
BRDA:10,0,0,2
BRDA:10,0,1,2
BRDA:112,1,0,0
BRDA:112,1,1,0
BRF:4
BRH:2
end_of_record
TN:
SF:src\modules\diagnostics\diagnostics.controller.ts
FN:21,(anonymous_4)
FN:25,(anonymous_5)
FN:33,(anonymous_6)
FN:58,(anonymous_7)
FN:67,(anonymous_8)
FN:77,(anonymous_9)
FN:86,(anonymous_10)
FN:92,(anonymous_11)
FN:97,(anonymous_12)
FN:113,(anonymous_13)
FN:122,(anonymous_14)
FNF:11
FNH:11
FNDA:11,(anonymous_4)
FNDA:1,(anonymous_5)
FNDA:2,(anonymous_6)
FNDA:1,(anonymous_7)
FNDA:1,(anonymous_8)
FNDA:1,(anonymous_9)
FNDA:1,(anonymous_10)
FNDA:1,(anonymous_11)
FNDA:1,(anonymous_12)
FNDA:1,(anonymous_13)
FNDA:1,(anonymous_14)
DA:1,1
DA:11,1
DA:12,1
DA:13,1
DA:15,1
DA:16,1
DA:20,1
DA:21,11
DA:25,1
DA:29,1
DA:33,1
DA:44,2
DA:58,1
DA:62,1
DA:67,1
DA:72,1
DA:77,1
DA:81,1
DA:86,1
DA:87,1
DA:92,1
DA:93,1
DA:97,1
DA:104,1
DA:113,1
DA:116,1
DA:117,1
DA:122,1
DA:127,1
LF:29
LH:29
BRDA:41,0,0,2
BRDA:42,1,0,2
BRDA:50,2,0,0
BRDA:50,2,1,2
BRDA:51,3,0,0
BRDA:51,3,1,2
BRDA:106,4,0,0
BRDA:106,4,1,1
BRDA:107,5,0,0
BRDA:107,5,1,1
BRDA:108,6,0,0
BRDA:108,6,1,1
BRF:12
BRH:7
end_of_record
TN:
SF:src\modules\diagnostics\diagnostics.module.ts
FNF:0
FNH:0
DA:1,0
DA:2,0
DA:3,0
DA:4,0
DA:5,0
DA:6,0
DA:7,0
DA:18,0
LF:8
LH:0
BRF:0
BRH:0
end_of_record
TN:
SF:src\modules\diagnostics\diagnostics.service.ts
FN:39,(anonymous_4)
FN:46,(anonymous_5)
FN:65,(anonymous_6)
FN:121,(anonymous_7)
FN:133,(anonymous_8)
FN:163,(anonymous_9)
FN:176,(anonymous_10)
FN:190,(anonymous_11)
FN:191,(anonymous_12)
FN:206,(anonymous_13)
FN:239,(anonymous_14)
FN:256,(anonymous_15)
FN:301,(anonymous_16)
FN:302,(anonymous_17)
FN:304,(anonymous_18)
FN:305,(anonymous_19)
FNF:16
FNH:16
FNDA:30,(anonymous_4)
FNDA:3,(anonymous_5)
FNDA:7,(anonymous_6)
FNDA:9,(anonymous_7)
FNDA:4,(anonymous_8)
FNDA:2,(anonymous_9)
FNDA:2,(anonymous_10)
FNDA:1,(anonymous_11)
FNDA:2,(anonymous_12)
FNDA:4,(anonymous_13)
FNDA:1,(anonymous_14)
FNDA:5,(anonymous_15)
FNDA:4,(anonymous_16)
FNDA:6,(anonymous_17)
FNDA:20,(anonymous_18)
FNDA:17,(anonymous_19)
DA:1,2
DA:2,2
DA:3,2
DA:4,2
DA:5,2
DA:38,2
DA:41,30
DA:43,30
DA:51,3
DA:62,3
DA:76,7
DA:78,7
DA:82,7
DA:83,1
DA:86,7
DA:87,1
DA:90,7
DA:91,1
DA:94,7
DA:95,1
DA:98,7
DA:99,1
DA:105,7
DA:106,7
DA:112,7
DA:122,9
DA:126,9
DA:127,2
DA:130,7
DA:138,4
DA:140,4
DA:141,2
DA:144,2
DA:145,2
DA:147,2
DA:148,1
DA:150,2
DA:151,2
DA:153,2
DA:154,1
DA:156,2
DA:157,0
DA:160,2
DA:164,2
DA:166,2
DA:167,1
DA:170,1
DA:171,1
DA:173,1
DA:177,2
DA:187,2
DA:191,1
DA:192,2
DA:203,1
DA:215,4
DA:219,4
DA:220,1
DA:223,4
DA:224,1
DA:230,4
DA:232,4
DA:233,1
DA:236,4
DA:240,1
DA:246,1
DA:247,1
DA:248,4
DA:249,2
DA:253,1
DA:261,5
DA:268,5
DA:269,5
DA:271,5
DA:272,5
DA:273,5
DA:275,5
DA:277,8
DA:278,4
DA:284,8
DA:287,8
DA:290,8
DA:291,4
DA:292,21
DA:297,5
DA:301,4
DA:302,6
DA:304,20
DA:305,17
LF:88
LH:87
BRDA:55,0,0,3
BRDA:55,0,1,1
BRDA:74,1,0,5
BRDA:75,2,0,5
BRDA:82,3,0,1
BRDA:86,4,0,1
BRDA:90,5,0,1
BRDA:94,6,0,1
BRDA:98,7,0,1
BRDA:98,8,0,7
BRDA:98,8,1,1
BRDA:126,9,0,2
BRDA:140,10,0,2
BRDA:147,11,0,1
BRDA:150,12,0,2
BRDA:153,13,0,1
BRDA:156,14,0,0
BRDA:166,15,0,1
BRDA:179,16,0,1
BRDA:179,16,1,1
BRDA:194,17,0,0
BRDA:194,17,1,2
BRDA:219,18,0,1
BRDA:223,19,0,1
BRDA:223,20,0,4
BRDA:223,20,1,1
BRDA:232,21,0,1
BRDA:248,22,0,2
BRDA:277,23,0,4
BRDA:284,24,0,8
BRDA:284,24,1,4
BRDA:287,25,0,8
BRDA:287,25,1,6
BRDA:290,26,0,4
BRDA:292,27,0,21
BRDA:292,27,1,20
BRDA:300,28,0,4
BRDA:300,28,1,1
BRF:38
BRH:36
end_of_record
TN:
SF:src\modules\diagnostics\index.ts
FNF:0
FNH:0
DA:1,0
DA:2,0
DA:3,0
DA:4,0
DA:5,0
DA:6,0
LF:6
LH:0
BRF:0
BRH:0
end_of_record
TN:
SF:src\modules\diagnostics\dto\create-session.dto.ts
FNF:0
FNH:0
DA:1,1
DA:11,1
DA:13,1
DA:15,1
DA:19,1
DA:24,1
DA:28,1
LF:7
LH:7
BRF:0
BRH:0
end_of_record
TN:
SF:src\modules\diagnostics\dto\end-session.dto.ts
FNF:0
FNH:0
DA:1,1
DA:8,1
DA:11,1
DA:15,1
DA:19,1
DA:28,1
LF:6
LH:6
BRF:0
BRH:0
end_of_record
TN:
SF:src\modules\diagnostics\dto\index.ts
FNF:0
FNH:0
DA:1,1
DA:2,1
DA:3,1
LF:3
LH:3
BRF:0
BRH:0
end_of_record
TN:
SF:src\modules\diagnostics\dto\log-reading.dto.ts
FN:40,(anonymous_2)
FNF:1
FNH:0
FNDA:0,(anonymous_2)
DA:1,1
DA:10,1
DA:12,1
DA:14,1
DA:18,1
DA:21,1
DA:24,1
DA:27,1
DA:30,1
DA:34,1
DA:37,1
DA:40,0
DA:41,1
LF:13
LH:12
BRF:0
BRH:0
end_of_record
TN:
SF:src\modules\diagnostics\entities\diagnostic-session.entity.ts
FN:10,(anonymous_2)
FN:16,(anonymous_3)
FN:94,(anonymous_4)
FN:29,(anonymous_5)
FN:45,(anonymous_6)
FN:49,(anonymous_7)
FN:69,(anonymous_8)
FN:73,(anonymous_9)
FN:77,(anonymous_10)
FNF:9
FNH:2
FNDA:2,(anonymous_2)
FNDA:2,(anonymous_3)
FNDA:0,(anonymous_4)
FNDA:0,(anonymous_5)
FNDA:0,(anonymous_6)
FNDA:0,(anonymous_7)
FNDA:0,(anonymous_8)
FNDA:0,(anonymous_9)
FNDA:0,(anonymous_10)
DA:1,2
DA:8,2
DA:10,2
DA:11,2
DA:12,2
DA:13,2
DA:16,2
DA:17,2
DA:18,2
DA:19,2
DA:20,2
DA:23,2
DA:24,2
DA:28,2
DA:29,0
DA:31,2
DA:35,2
DA:39,2
DA:43,2
DA:45,0
DA:47,2
DA:49,0
DA:51,2
DA:55,2
DA:59,2
DA:63,2
DA:67,2
DA:69,0
DA:71,2
DA:73,0
DA:75,2
DA:77,0
DA:79,2
DA:88,2
DA:92,2
DA:94,2
DA:96,0
DA:97,0
LF:38
LH:30
BRDA:10,0,0,2
BRDA:10,0,1,2
BRDA:16,1,0,2
BRDA:16,1,1,2
BRDA:96,2,0,0
BRF:5
BRH:4
end_of_record
TN:
SF:src\modules\diagnostics\entities\obd2-reading.entity.ts
FN:15,(anonymous_2)
FN:35,(anonymous_3)
FNF:2
FNH:0
FNDA:0,(anonymous_2)
FNDA:0,(anonymous_3)
DA:1,2
DA:8,2
DA:14,2
DA:15,0
DA:17,2
DA:21,2
DA:25,2
DA:29,2
DA:33,2
DA:35,0
DA:37,2
DA:41,2
DA:45,2
DA:49,2
LF:14
LH:12
BRF:0
BRH:0
end_of_record
TN:
SF:src\modules\ecu-calibrations\ecu-calibrations.controller.ts
FN:26,(anonymous_4)
FN:31,(anonymous_5)
FN:49,(anonymous_6)
FN:68,(anonymous_7)
FN:76,(anonymous_8)
FN:85,(anonymous_9)
FN:94,(anonymous_10)
FN:104,(anonymous_11)
FNF:8
FNH:8
FNDA:11,(anonymous_4)
FNDA:3,(anonymous_5)
FNDA:4,(anonymous_6)
FNDA:1,(anonymous_7)
FNDA:1,(anonymous_8)
FNDA:1,(anonymous_9)
FNDA:1,(anonymous_10)
FNDA:1,(anonymous_11)
DA:1,1
DA:16,1
DA:17,1
DA:18,1
DA:19,1
DA:20,1
DA:21,1
DA:25,1
DA:26,11
DA:31,1
DA:36,3
DA:37,2
DA:40,1
DA:49,1
DA:57,4
DA:68,1
DA:72,1
DA:76,1
DA:80,1
DA:81,1
DA:85,1
DA:89,1
DA:94,1
DA:99,1
DA:104,1
DA:108,1
DA:109,1
LF:27
LH:27
BRDA:36,0,0,2
BRDA:54,1,0,3
BRDA:55,2,0,3
BRF:3
BRH:3
end_of_record
TN:
SF:src\modules\ecu-calibrations\ecu-calibrations.module.ts
FNF:0
FNH:0
DA:1,0
DA:2,0
DA:3,0
DA:4,0
DA:5,0
DA:6,0
DA:14,0
LF:7
LH:0
BRF:0
BRH:0
end_of_record
TN:
SF:src\modules\ecu-calibrations\ecu-calibrations.service.ts
FN:29,(anonymous_4)
FN:39,(anonymous_5)
FN:89,(anonymous_6)
FN:130,(anonymous_7)
FN:142,(anonymous_8)
FN:153,(anonymous_9)
FN:161,(anonymous_10)
FN:177,(anonymous_11)
FNF:8
FNH:8
FNDA:20,(anonymous_4)
FNDA:3,(anonymous_5)
FNDA:6,(anonymous_6)
FNDA:10,(anonymous_7)
FNDA:3,(anonymous_8)
FNDA:2,(anonymous_9)
FNDA:2,(anonymous_10)
FNDA:2,(anonymous_11)
DA:1,2
DA:2,2
DA:3,2
DA:4,2
DA:5,2
DA:6,2
DA:25,2
DA:31,20
DA:33,20
DA:34,20
DA:40,3
DA:43,3
DA:44,3
DA:46,3
DA:48,3
DA:63,2
DA:64,2
DA:65,1
DA:68,1
DA:69,1
DA:74,2
DA:83,2
DA:85,1
DA:97,6
DA:99,6
DA:103,6
DA:104,1
DA:107,6
DA:108,1
DA:111,6
DA:112,1
DA:115,6
DA:121,6
DA:131,10
DA:135,10
DA:136,5
DA:139,5
DA:143,3
DA:145,2
DA:150,2
DA:154,2
DA:156,1
DA:158,1
DA:162,2
DA:165,1
DA:166,1
DA:178,2
LF:47
LH:47
BRDA:33,0,0,20
BRDA:33,0,1,20
BRDA:35,1,0,20
BRDA:35,1,1,20
BRDA:64,2,0,1
BRDA:68,3,0,1
BRDA:97,4,0,4
BRDA:97,5,0,4
BRDA:103,6,0,1
BRDA:107,7,0,1
BRDA:111,8,0,1
BRDA:135,9,0,5
BRDA:142,10,0,2
BRF:13
BRH:13
end_of_record
TN:
SF:src\modules\ecu-calibrations\index.ts
FNF:0
FNH:0
DA:1,0
DA:2,0
DA:3,0
DA:4,0
DA:5,0
LF:5
LH:0
BRF:0
BRH:0
end_of_record
TN:
SF:src\modules\ecu-calibrations\dto\create-ecu-calibration.dto.ts
FNF:0
FNH:0
DA:1,1
DA:2,1
DA:4,1
DA:6,1
DA:10,1
DA:13,1
DA:16,1
DA:20,1
DA:23,1
DA:26,1
DA:30,1
DA:34,1
DA:38,1
DA:42,1
DA:46,1
LF:15
LH:15
BRF:0
BRH:0
end_of_record
TN:
SF:src\modules\ecu-calibrations\dto\index.ts
FNF:0
FNH:0
DA:1,1
DA:2,1
LF:2
LH:2
BRF:0
BRH:0
end_of_record
TN:
SF:src\modules\ecu-calibrations\dto\update-ecu-calibration.dto.ts
FNF:0
FNH:0
DA:1,1
DA:2,1
DA:3,1
DA:5,1
DA:8,1
LF:5
LH:5
BRF:0
BRH:0
end_of_record
TN:
SF:src\modules\ecu-calibrations\entities\ecu-calibration.entity.ts
FN:10,(anonymous_2)
FN:18,(anonymous_3)
FN:31,(anonymous_4)
FN:59,(anonymous_5)
FN:63,(anonymous_6)
FN:67,(anonymous_7)
FN:75,(anonymous_8)
FN:95,(anonymous_9)
FNF:8
FNH:2
FNDA:2,(anonymous_2)
FNDA:2,(anonymous_3)
FNDA:0,(anonymous_4)
FNDA:0,(anonymous_5)
FNDA:0,(anonymous_6)
FNDA:0,(anonymous_7)
FNDA:0,(anonymous_8)
FNDA:0,(anonymous_9)
DA:1,2
DA:8,2
DA:10,2
DA:11,2
DA:12,2
DA:13,2
DA:14,2
DA:15,2
DA:18,2
DA:19,2
DA:20,2
DA:21,2
DA:22,2
DA:25,2
DA:26,2
DA:30,2
DA:31,0
DA:33,2
DA:37,2
DA:41,2
DA:45,2
DA:49,2
DA:53,2
DA:57,2
DA:59,0
DA:61,2
DA:63,0
DA:65,2
DA:67,0
DA:69,2
DA:73,2
DA:75,0
DA:77,2
DA:81,2
DA:85,2
DA:89,2
DA:93,2
DA:95,0
DA:97,2
DA:108,2
DA:112,2
DA:116,2
DA:120,2
LF:43
LH:37
BRDA:10,0,0,2
BRDA:10,0,1,2
BRDA:18,1,0,2
BRDA:18,1,1,2
BRF:4
BRH:4
end_of_record
TN:
SF:src\modules\infra\backup.service.ts
FN:16,(anonymous_2)
FN:27,(anonymous_3)
FN:36,(anonymous_4)
FNF:3
FNH:0
FNDA:0,(anonymous_2)
FNDA:0,(anonymous_3)
FNDA:0,(anonymous_4)
DA:1,0
DA:2,0
DA:3,0
DA:4,0
DA:5,0
DA:6,0
DA:7,0
DA:9,0
DA:12,0
DA:13,0
DA:17,0
DA:27,0
DA:28,0
DA:29,0
DA:30,0
DA:32,0
DA:37,0
DA:38,0
DA:39,0
DA:42,0
DA:43,0
DA:46,0
DA:47,0
DA:48,0
DA:52,0
DA:54,0
DA:58,0
DA:70,0
LF:28
LH:0
BRDA:18,0,0,0
BRDA:18,0,1,0
BRDA:20,1,0,0
BRDA:20,1,1,0
BRDA:21,2,0,0
BRDA:21,2,1,0
BRDA:42,3,0,0
BRDA:46,4,0,0
BRDA:46,4,1,0
BRDA:47,5,0,0
BRDA:47,5,1,0
BRDA:48,6,0,0
BRDA:48,6,1,0
BRF:13
BRH:0
end_of_record
TN:
SF:src\modules\infra\config.controller.ts
FN:6,(anonymous_2)
FN:9,(anonymous_3)
FNF:2
FNH:0
FNDA:0,(anonymous_2)
FNDA:0,(anonymous_3)
DA:1,0
DA:2,0
DA:5,0
DA:6,0
DA:9,0
DA:10,0
LF:6
LH:0
BRF:0
BRH:0
end_of_record
TN:
SF:src\modules\infra\config.service.ts
FN:4,(anonymous_1)
FN:13,(anonymous_2)
FN:17,(anonymous_3)
FNF:3
FNH:0
FNDA:0,(anonymous_1)
FNDA:0,(anonymous_2)
FNDA:0,(anonymous_3)
DA:1,0
DA:4,0
DA:5,0
DA:14,0
DA:18,0
LF:5
LH:0
BRF:0
BRH:0
end_of_record
TN:
SF:src\modules\infra\infra.module.ts
FNF:0
FNH:0
DA:1,0
DA:2,0
DA:3,0
DA:4,0
DA:11,0
LF:5
LH:0
BRF:0
BRH:0
end_of_record
TN:
SF:src\modules\marketplace\marketplace.controller.ts
FN:9,(anonymous_4)
FN:12,(anonymous_5)
FN:17,(anonymous_6)
FNF:3
FNH:2
FNDA:5,(anonymous_4)
FNDA:0,(anonymous_5)
FNDA:4,(anonymous_6)
DA:1,1
DA:2,1
DA:4,1
DA:5,1
DA:8,1
DA:9,5
DA:12,1
DA:13,0
DA:17,1
DA:22,4
DA:23,1
DA:27,3
DA:28,3
DA:29,1
DA:33,2
DA:34,2
DA:35,1
DA:44,1
DA:45,1
DA:46,1
DA:48,1
DA:50,0
DA:53,1
DA:54,1
DA:58,1
LF:25
LH:23
BRDA:22,0,0,1
BRDA:28,1,0,1
BRDA:34,2,0,1
BRDA:44,3,0,1
BRDA:44,3,1,0
BRDA:48,4,0,0
BRF:6
BRH:4
end_of_record
TN:
SF:src\modules\marketplace\marketplace.module.ts
FNF:0
FNH:0
DA:1,0
DA:2,0
DA:3,0
DA:4,0
DA:5,0
DA:6,0
DA:7,0
DA:8,0
DA:9,0
DA:20,0
LF:10
LH:0
BRF:0
BRH:0
end_of_record
TN:
SF:src\modules\marketplace\marketplace.resolver.ts
FN:10,(anonymous_4)
FN:13,(anonymous_5)
FN:18,(anonymous_6)
FN:24,(anonymous_7)
FN:34,(anonymous_8)
FN:12,(anonymous_9)
FN:17,(anonymous_10)
FN:22,(anonymous_11)
FN:33,(anonymous_12)
FNF:9
FNH:0
FNDA:0,(anonymous_4)
FNDA:0,(anonymous_5)
FNDA:0,(anonymous_6)
FNDA:0,(anonymous_7)
FNDA:0,(anonymous_8)
FNDA:0,(anonymous_9)
FNDA:0,(anonymous_10)
FNDA:0,(anonymous_11)
FNDA:0,(anonymous_12)
DA:1,0
DA:2,0
DA:3,0
DA:4,0
DA:5,0
DA:6,0
DA:9,0
DA:10,0
DA:12,0
DA:13,0
DA:14,0
DA:17,0
DA:18,0
DA:19,0
DA:22,0
DA:24,0
DA:29,0
DA:30,0
DA:33,0
DA:34,0
DA:38,0
LF:21
LH:0
BRF:0
BRH:0
end_of_record
TN:
SF:src\modules\marketplace\marketplace.service.ts
FN:12,(anonymous_4)
FN:21,(anonymous_5)
FN:23,(anonymous_6)
FN:25,(anonymous_7)
FN:35,(anonymous_8)
FN:41,(anonymous_9)
FN:57,(anonymous_10)
FN:65,(anonymous_11)
FN:73,(anonymous_12)
FN:82,(anonymous_13)
FNF:10
FNH:9
FNDA:9,(anonymous_4)
FNDA:1,(anonymous_5)
FNDA:1,(anonymous_6)
FNDA:2,(anonymous_7)
FNDA:3,(anonymous_8)
FNDA:1,(anonymous_9)
FNDA:2,(anonymous_10)
FNDA:0,(anonymous_11)
FNDA:2,(anonymous_12)
FNDA:2,(anonymous_13)
DA:1,1
DA:2,1
DA:3,1
DA:4,1
DA:5,1
DA:7,1
DA:8,1
DA:11,1
DA:14,9
DA:16,9
DA:18,9
DA:22,1
DA:23,1
DA:24,1
DA:25,2
DA:27,1
DA:36,3
DA:37,3
DA:38,2
DA:42,1
DA:45,1
DA:47,1
DA:54,1
DA:58,2
DA:62,2
DA:66,0
DA:70,0
DA:74,2
DA:75,2
DA:76,2
DA:77,2
DA:79,2
DA:83,2
DA:84,2
DA:85,2
DA:87,2
DA:88,2
DA:89,2
LF:38
LH:36
BRDA:24,0,0,1
BRDA:24,0,1,0
BRDA:24,1,0,1
BRDA:24,1,1,1
BRDA:30,2,0,1
BRDA:30,2,1,0
BRDA:37,3,0,1
BRDA:70,4,0,0
BRDA:70,4,1,0
BRF:9
BRH:5
end_of_record
TN:
SF:src\modules\marketplace\entities\calibration-listing.entity.ts
FN:9,(anonymous_2)
FN:21,(anonymous_3)
FN:41,(anonymous_4)
FN:42,(anonymous_5)
FN:42,(anonymous_6)
FN:45,(anonymous_7)
FN:46,(anonymous_8)
FN:46,(anonymous_9)
FNF:8
FNH:0
FNDA:0,(anonymous_2)
FNDA:0,(anonymous_3)
FNDA:0,(anonymous_4)
FNDA:0,(anonymous_5)
FNDA:0,(anonymous_6)
FNDA:0,(anonymous_7)
FNDA:0,(anonymous_8)
FNDA:0,(anonymous_9)
DA:1,2
DA:2,2
DA:3,2
DA:4,2
DA:8,2
DA:9,0
DA:11,2
DA:15,2
DA:19,2
DA:21,0
DA:23,2
DA:27,2
DA:31,2
DA:35,2
DA:39,2
DA:41,0
DA:42,0
DA:43,2
DA:45,0
DA:46,0
DA:47,2
DA:51,2
DA:55,2
LF:23
LH:17
BRF:0
BRH:0
end_of_record
TN:
SF:src\modules\marketplace\entities\license.entity.ts
FN:9,(anonymous_2)
FN:21,(anonymous_3)
FN:22,(anonymous_4)
FN:22,(anonymous_5)
FN:25,(anonymous_6)
FN:26,(anonymous_7)
FNF:6
FNH:0
FNDA:0,(anonymous_2)
FNDA:0,(anonymous_3)
FNDA:0,(anonymous_4)
FNDA:0,(anonymous_5)
FNDA:0,(anonymous_6)
FNDA:0,(anonymous_7)
DA:1,2
DA:2,2
DA:3,2
DA:4,2
DA:8,2
DA:9,0
DA:11,2
DA:15,2
DA:19,2
DA:21,0
DA:22,0
DA:23,2
DA:25,0
DA:26,0
DA:27,2
DA:31,2
DA:35,2
LF:17
LH:12
BRF:0
BRH:0
end_of_record
TN:
SF:src\modules\marketplace\entities\review.entity.ts
FN:9,(anonymous_2)
FN:13,(anonymous_3)
FN:21,(anonymous_4)
FN:22,(anonymous_5)
FN:22,(anonymous_6)
FN:25,(anonymous_7)
FN:26,(anonymous_8)
FNF:7
FNH:0
FNDA:0,(anonymous_2)
FNDA:0,(anonymous_3)
FNDA:0,(anonymous_4)
FNDA:0,(anonymous_5)
FNDA:0,(anonymous_6)
FNDA:0,(anonymous_7)
FNDA:0,(anonymous_8)
DA:1,2
DA:2,2
DA:3,2
DA:4,2
DA:8,2
DA:9,0
DA:11,2
DA:13,0
DA:15,2
DA:19,2
DA:21,0
DA:22,0
DA:23,2
DA:25,0
DA:26,0
DA:27,2
DA:31,2
DA:35,2
LF:18
LH:12
BRF:0
BRH:0
end_of_record
TN:
SF:src\modules\reports\index.ts
FNF:0
FNH:0
DA:1,0
DA:2,0
DA:3,0
DA:4,0
DA:5,0
LF:5
LH:0
BRF:0
BRH:0
end_of_record
TN:
SF:src\modules\reports\reports.controller.ts
FN:21,(anonymous_4)
FN:25,(anonymous_5)
FN:33,(anonymous_6)
FN:54,(anonymous_7)
FN:62,(anonymous_8)
FN:72,(anonymous_9)
FN:81,(anonymous_10)
FNF:7
FNH:7
FNDA:9,(anonymous_4)
FNDA:1,(anonymous_5)
FNDA:4,(anonymous_6)
FNDA:1,(anonymous_7)
FNDA:1,(anonymous_8)
FNDA:1,(anonymous_9)
FNDA:1,(anonymous_10)
DA:1,1
DA:12,1
DA:13,1
DA:14,1
DA:15,1
DA:16,1
DA:20,1
DA:21,9
DA:25,1
DA:29,1
DA:33,1
DA:42,4
DA:54,1
DA:58,1
DA:62,1
DA:66,1
DA:67,1
DA:72,1
DA:76,1
DA:81,1
DA:85,1
DA:86,1
LF:22
LH:22
BRDA:39,0,0,4
BRDA:40,1,0,4
BRF:2
BRH:2
end_of_record
TN:
SF:src\modules\reports\reports.module.ts
FNF:0
FNH:0
DA:1,0
DA:2,0
DA:3,0
DA:4,0
DA:5,0
DA:6,0
DA:14,0
LF:7
LH:0
BRF:0
BRH:0
end_of_record
TN:
SF:src\modules\reports\reports.service.ts
FN:22,(anonymous_4)
FN:32,(anonymous_5)
FN:42,(anonymous_6)
FN:49,(anonymous_7)
FN:94,(anonymous_8)
FN:142,(anonymous_9)
FN:187,(anonymous_10)
FN:199,(anonymous_11)
FN:218,(anonymous_12)
FN:223,(anonymous_13)
FN:232,(anonymous_14)
FNF:11
FNH:10
FNDA:17,(anonymous_4)
FNDA:2,(anonymous_5)
FNDA:2,(anonymous_6)
FNDA:3,(anonymous_7)
FNDA:1,(anonymous_8)
FNDA:6,(anonymous_9)
FNDA:14,(anonymous_10)
FNDA:4,(anonymous_11)
FNDA:2,(anonymous_12)
FNDA:2,(anonymous_13)
FNDA:0,(anonymous_14)
DA:1,2
DA:2,2
DA:3,2
DA:4,2
DA:5,2
DA:6,2
DA:18,2
DA:24,17
DA:26,17
DA:27,17
DA:33,2
DA:39,2
DA:42,2
DA:43,2
DA:46,2
DA:50,3
DA:52,3
DA:56,3
DA:60,1
DA:61,1
DA:64,1
DA:65,1
DA:67,1
DA:77,1
DA:86,2
DA:90,2
DA:97,1
DA:151,6
DA:153,6
DA:156,6
DA:157,1
DA:160,6
DA:161,1
DA:164,6
DA:165,1
DA:168,6
DA:169,1
DA:172,6
DA:178,6
DA:188,14
DA:192,14
DA:193,6
DA:196,8
DA:200,4
DA:202,4
DA:203,2
DA:206,2
DA:207,1
DA:210,1
DA:215,1
DA:219,2
DA:220,1
DA:224,2
DA:227,1
DA:228,1
DA:229,1
DA:232,1
DA:233,0
DA:236,1
LF:59
LH:58
BRDA:26,0,0,17
BRDA:26,0,1,17
BRDA:28,1,0,17
BRDA:28,1,1,17
BRDA:151,2,0,4
BRDA:151,3,0,4
BRDA:156,4,0,1
BRDA:160,5,0,1
BRDA:164,6,0,1
BRDA:168,7,0,1
BRDA:192,8,0,6
BRDA:199,9,0,4
BRDA:202,10,0,2
BRDA:206,11,0,1
BRF:14
BRH:14
end_of_record
TN:
SF:src\modules\reports\dto\create-report.dto.ts
FNF:0
FNH:0
DA:1,1
DA:2,1
DA:4,1
DA:6,1
DA:10,1
DA:14,1
DA:17,1
DA:20,1
DA:24,1
DA:28,1
LF:10
LH:10
BRF:0
BRH:0
end_of_record
TN:
SF:src\modules\reports\dto\index.ts
FNF:0
FNH:0
DA:1,1
LF:1
LH:1
BRF:0
BRH:0
end_of_record
TN:
SF:src\modules\reports\entities\report.entity.ts
FN:10,(anonymous_2)
FN:17,(anonymous_3)
FN:30,(anonymous_4)
FN:31,(anonymous_5)
FN:51,(anonymous_6)
FN:55,(anonymous_7)
FN:75,(anonymous_8)
FN:79,(anonymous_9)
FNF:8
FNH:2
FNDA:2,(anonymous_2)
FNDA:2,(anonymous_3)
FNDA:0,(anonymous_4)
FNDA:0,(anonymous_5)
FNDA:0,(anonymous_6)
FNDA:0,(anonymous_7)
FNDA:0,(anonymous_8)
FNDA:0,(anonymous_9)
DA:1,2
DA:8,2
DA:10,2
DA:11,2
DA:12,2
DA:13,2
DA:14,2
DA:17,2
DA:18,2
DA:19,2
DA:20,2
DA:21,2
DA:24,2
DA:25,2
DA:29,2
DA:30,0
DA:31,0
DA:33,2
DA:37,2
DA:41,2
DA:45,2
DA:49,2
DA:51,0
DA:53,2
DA:55,0
DA:57,2
DA:61,2
DA:65,2
DA:69,2
DA:73,2
DA:75,0
DA:77,2
DA:79,0
DA:81,2
DA:101,2
DA:105,2
DA:109,2
DA:113,2
DA:117,2
LF:39
LH:33
BRDA:10,0,0,2
BRDA:10,0,1,2
BRDA:17,1,0,2
BRDA:17,1,1,2
BRF:4
BRH:4
end_of_record
TN:
SF:src\modules\safety-logs\index.ts
FNF:0
FNH:0
DA:1,0
DA:2,0
DA:3,0
LF:3
LH:0
BRF:0
BRH:0
end_of_record
TN:
SF:src\modules\safety-logs\safety-logs.controller.ts
FN:8,(anonymous_4)
FN:12,(anonymous_5)
FN:18,(anonymous_6)
FNF:3
FNH:3
FNDA:3,(anonymous_4)
FNDA:1,(anonymous_5)
FNDA:1,(anonymous_6)
DA:1,1
DA:2,1
DA:3,1
DA:4,1
DA:7,1
DA:8,3
DA:12,1
DA:13,1
DA:18,1
DA:19,1
LF:10
LH:10
BRF:0
BRH:0
end_of_record
TN:
SF:src\modules\safety-logs\safety-logs.module.ts
FNF:0
FNH:0
DA:1,0
DA:2,0
DA:3,0
DA:4,0
DA:5,0
DA:13,0
LF:6
LH:0
BRF:0
BRH:0
end_of_record
TN:
SF:src\modules\safety-logs\safety-logs.service.ts
FN:12,(anonymous_4)
FN:17,(anonymous_5)
FN:38,(anonymous_6)
FNF:3
FNH:3
FNDA:5,(anonymous_4)
FNDA:3,(anonymous_5)
FNDA:1,(anonymous_6)
DA:1,2
DA:2,2
DA:3,2
DA:4,2
DA:9,2
DA:10,5
DA:14,5
DA:21,3
DA:22,3
DA:23,1
DA:24,1
DA:28,2
DA:29,2
DA:30,1
DA:31,1
DA:34,1
DA:35,1
DA:39,1
DA:44,1
DA:45,1
DA:46,1
LF:21
LH:21
BRDA:22,0,0,1
BRDA:29,1,0,1
BRF:2
BRH:2
end_of_record
TN:
SF:src\modules\safety-logs\dto\safety-event.dto.ts
FNF:0
FNH:0
DA:1,1
DA:3,1
DA:5,1
DA:8,1
DA:12,1
DA:15,1
DA:19,1
DA:23,1
LF:8
LH:8
BRF:0
BRH:0
end_of_record
TN:
SF:src\modules\safety-logs\dto\validate-flash.dto.ts
FNF:0
FNH:0
DA:1,1
DA:3,1
DA:5,1
DA:9,1
LF:4
LH:4
BRF:0
BRH:0
end_of_record
TN:
SF:src\modules\safety-logs\entities\safety-log.entity.ts
FN:7,(anonymous_2)
FN:20,(anonymous_3)
FN:37,(anonymous_4)
FNF:3
FNH:0
FNDA:0,(anonymous_2)
FNDA:0,(anonymous_3)
FNDA:0,(anonymous_4)
DA:1,2
DA:2,2
DA:6,2
DA:7,0
DA:9,2
DA:13,2
DA:18,2
DA:20,0
DA:22,2
DA:26,2
DA:30,2
DA:34,2
DA:37,0
DA:38,2
LF:14
LH:11
BRF:0
BRH:0
end_of_record
TN:
SF:src\modules\tuning\afr.service.ts
FN:11,(anonymous_1)
FNF:1
FNH:1
FNDA:3,(anonymous_1)
DA:2,2
DA:5,2
DA:12,3
DA:14,3
DA:15,48
DA:17,48
DA:19,48
DA:21,768
DA:23,768
DA:25,768
DA:28,144
DA:29,624
DA:31,288
DA:34,336
DA:38,768
DA:40,48
DA:43,3
LF:17
LH:17
BRDA:11,0,0,3
BRDA:11,1,0,3
BRDA:25,2,0,144
BRDA:25,2,1,624
BRDA:29,3,0,288
BRDA:29,3,1,336
BRF:6
BRH:6
end_of_record
TN:
SF:src\modules\tuning\tuning.controller.ts
FN:9,(anonymous_4)
FN:16,(anonymous_5)
FN:21,(anonymous_6)
FNF:3
FNH:3
FNDA:4,(anonymous_4)
FNDA:1,(anonymous_5)
FNDA:2,(anonymous_6)
DA:2,1
DA:3,1
DA:4,1
DA:5,1
DA:8,1
DA:10,4
DA:11,4
DA:16,1
DA:17,1
DA:21,1
DA:22,2
LF:11
LH:11
BRDA:22,0,0,2
BRDA:22,0,1,1
BRDA:22,1,0,2
BRDA:22,1,1,1
BRF:4
BRH:4
end_of_record
TN:
SF:src\modules\tuning\tuning.dto.ts
FNF:0
FNH:0
DA:2,1
DA:15,1
LF:2
LH:2
BRF:0
BRH:0
end_of_record
TN:
SF:src\modules\tuning\tuning.module.ts
FNF:0
FNH:0
DA:2,0
DA:3,0
DA:4,0
DA:5,0
DA:11,0
LF:5
LH:0
BRF:0
BRH:0
end_of_record
TN:
SF:src\modules\tuning\tuning.service.ts
FN:8,(anonymous_1)
FN:13,(anonymous_2)
FN:14,(anonymous_3)
FN:27,(anonymous_4)
FN:31,(anonymous_5)
FN:35,(anonymous_6)
FNF:6
FNH:5
FNDA:2,(anonymous_1)
FNDA:1,(anonymous_2)
FNDA:1,(anonymous_3)
FNDA:1,(anonymous_4)
FNDA:0,(anonymous_5)
FNDA:1,(anonymous_6)
DA:2,2
DA:3,2
DA:4,2
DA:8,2
DA:9,2
DA:11,2
DA:14,1
DA:17,1
DA:18,1
DA:20,1
DA:22,1
DA:24,1
DA:25,1
DA:27,1
DA:28,1
DA:31,1
DA:32,0
DA:35,1
DA:36,1
DA:37,0
DA:38,0
DA:39,0
DA:42,1
DA:43,1
DA:44,1
DA:45,0
DA:47,1
DA:50,0
DA:51,0
DA:56,1
DA:57,1
LF:31
LH:24
BRDA:18,0,0,1
BRDA:18,0,1,0
BRDA:36,1,0,0
BRDA:44,2,0,0
BRDA:44,2,1,1
BRF:5
BRH:2
end_of_record
TN:
SF:src\modules\vehicles\index.ts
FNF:0
FNH:0
DA:1,0
DA:2,0
DA:3,0
DA:4,0
DA:5,0
LF:5
LH:0
BRF:0
BRH:0
end_of_record
TN:
SF:src\modules\vehicles\vehicles.controller.ts
FN:22,(anonymous_4)
FN:26,(anonymous_5)
FN:34,(anonymous_6)
FN:60,(anonymous_7)
FN:65,(anonymous_8)
FN:73,(anonymous_9)
FN:82,(anonymous_10)
FN:92,(anonymous_11)
FN:102,(anonymous_12)
FNF:9
FNH:9
FNDA:9,(anonymous_4)
FNDA:1,(anonymous_5)
FNDA:2,(anonymous_6)
FNDA:1,(anonymous_7)
FNDA:1,(anonymous_8)
FNDA:1,(anonymous_9)
FNDA:1,(anonymous_10)
FNDA:1,(anonymous_11)
FNDA:1,(anonymous_12)
DA:1,1
DA:13,1
DA:14,1
DA:16,1
DA:17,1
DA:21,1
DA:22,9
DA:26,1
DA:30,1
DA:34,1
DA:45,2
DA:60,1
DA:61,1
DA:65,1
DA:69,1
DA:73,1
DA:77,1
DA:82,1
DA:87,1
DA:92,1
DA:97,1
DA:102,1
DA:106,1
DA:107,1
LF:24
LH:24
BRDA:42,0,0,2
BRDA:43,1,0,2
BRF:2
BRH:2
end_of_record
TN:
SF:src\modules\vehicles\vehicles.module.ts
FNF:0
FNH:0
DA:1,0
DA:2,0
DA:3,0
DA:4,0
DA:5,0
DA:6,0
DA:7,0
DA:15,0
LF:8
LH:0
BRF:0
BRH:0
end_of_record
TN:
SF:src\modules\vehicles\vehicles.resolver.ts
FN:11,(anonymous_4)
FN:14,(anonymous_5)
FN:17,(anonymous_6)
FN:20,(anonymous_7)
FN:23,(anonymous_8)
FN:38,(anonymous_9)
FN:47,(anonymous_10)
FN:50,(anonymous_11)
FN:57,(anonymous_12)
FN:60,(anonymous_13)
FN:71,(anonymous_14)
FN:59,(anonymous_15)
FN:62,(anonymous_16)
FN:70,(anonymous_17)
FN:73,(anonymous_18)
FN:54,(anonymous_19)
FNF:16
FNH:0
FNDA:0,(anonymous_4)
FNDA:0,(anonymous_5)
FNDA:0,(anonymous_6)
FNDA:0,(anonymous_7)
FNDA:0,(anonymous_8)
FNDA:0,(anonymous_9)
FNDA:0,(anonymous_10)
FNDA:0,(anonymous_11)
FNDA:0,(anonymous_12)
FNDA:0,(anonymous_13)
FNDA:0,(anonymous_14)
FNDA:0,(anonymous_15)
FNDA:0,(anonymous_16)
FNDA:0,(anonymous_17)
FNDA:0,(anonymous_18)
FNDA:0,(anonymous_19)
DA:1,0
DA:2,0
DA:3,0
DA:4,0
DA:5,0
DA:6,0
DA:7,0
DA:10,0
DA:11,0
DA:12,0
DA:14,0
DA:15,0
DA:17,0
DA:18,0
DA:20,0
DA:21,0
DA:23,0
DA:24,0
DA:28,0
DA:30,0
DA:33,0
DA:36,0
DA:38,0
DA:39,0
DA:42,0
DA:45,0
DA:47,0
DA:48,0
DA:50,0
DA:51,0
DA:54,0
DA:56,0
DA:57,0
DA:59,0
DA:60,0
DA:62,0
DA:64,0
DA:70,0
DA:71,0
DA:73,0
DA:75,0
LF:41
LH:0
BRF:0
BRH:0
end_of_record
TN:
SF:src\modules\vehicles\vehicles.service.ts
FN:29,(anonymous_4)
FN:34,(anonymous_5)
FN:43,(anonymous_6)
FN:93,(anonymous_7)
FN:105,(anonymous_8)
FN:111,(anonymous_9)
FN:119,(anonymous_10)
FN:127,(anonymous_11)
FN:135,(anonymous_12)
FN:140,(anonymous_13)
FNF:10
FNH:10
FNDA:19,(anonymous_4)
FNDA:2,(anonymous_5)
FNDA:6,(anonymous_6)
FNDA:9,(anonymous_7)
FNDA:2,(anonymous_8)
FNDA:2,(anonymous_9)
FNDA:1,(anonymous_10)
FNDA:2,(anonymous_11)
FNDA:1,(anonymous_12)
FNDA:1,(anonymous_13)
DA:1,2
DA:2,2
DA:3,2
DA:4,2
DA:28,2
DA:31,19
DA:35,2
DA:40,2
DA:44,6
DA:46,6
DA:51,6
DA:52,0
DA:55,6
DA:56,1
DA:59,6
DA:60,1
DA:63,6
DA:64,1
DA:67,6
DA:68,1
DA:71,6
DA:72,0
DA:77,6
DA:78,6
DA:84,6
DA:94,9
DA:98,9
DA:99,4
DA:102,5
DA:106,2
DA:112,2
DA:114,1
DA:116,1
DA:120,1
DA:122,1
DA:124,1
DA:128,2
DA:131,1
DA:132,1
DA:136,1
DA:137,1
DA:146,1
DA:150,1
DA:160,1
DA:170,1
DA:181,1
LF:46
LH:44
BRDA:44,0,0,4
BRDA:44,1,0,4
BRDA:51,2,0,0
BRDA:55,3,0,1
BRDA:59,4,0,1
BRDA:63,5,0,1
BRDA:67,6,0,1
BRDA:71,7,0,0
BRDA:98,8,0,4
BRF:9
BRH:7
end_of_record
TN:
SF:src\modules\vehicles\dto\create-vehicle.dto.ts
FNF:0
FNH:0
DA:1,1
DA:11,1
DA:13,1
DA:16,1
DA:21,1
DA:24,1
DA:27,1
DA:32,1
DA:36,1
DA:40,1
DA:44,1
DA:48,1
DA:52,1
DA:56,1
DA:60,1
DA:65,1
DA:69,1
DA:73,1
DA:77,1
LF:19
LH:19
BRF:0
BRH:0
end_of_record
TN:
SF:src\modules\vehicles\dto\index.ts
FNF:0
FNH:0
DA:1,1
DA:2,1
LF:2
LH:2
BRF:0
BRH:0
end_of_record
TN:
SF:src\modules\vehicles\dto\update-vehicle.dto.ts
FNF:0
FNH:0
DA:1,1
DA:2,1
DA:4,1
LF:3
LH:3
BRF:0
BRH:0
end_of_record
TN:
SF:src\modules\vehicles\entities\vehicle.entity.ts
FN:13,(anonymous_2)
FN:21,(anonymous_3)
FN:123,(anonymous_4)
FN:39,(anonymous_5)
FN:63,(anonymous_6)
FN:75,(anonymous_7)
FN:79,(anonymous_8)
FN:83,(anonymous_9)
FN:87,(anonymous_10)
FN:95,(anonymous_11)
FNF:10
FNH:2
FNDA:2,(anonymous_2)
FNDA:2,(anonymous_3)
FNDA:0,(anonymous_4)
FNDA:0,(anonymous_5)
FNDA:0,(anonymous_6)
FNDA:0,(anonymous_7)
FNDA:0,(anonymous_8)
FNDA:0,(anonymous_9)
FNDA:0,(anonymous_10)
FNDA:0,(anonymous_11)
DA:1,2
DA:11,2
DA:13,2
DA:14,2
DA:15,2
DA:16,2
DA:17,2
DA:18,2
DA:21,2
DA:22,2
DA:23,2
DA:24,2
DA:25,2
DA:28,2
DA:32,2
DA:38,2
DA:39,0
DA:41,2
DA:45,2
DA:49,2
DA:53,2
DA:57,2
DA:61,2
DA:63,0
DA:65,2
DA:69,2
DA:73,2
DA:75,0
DA:77,2
DA:79,0
DA:81,2
DA:83,0
DA:85,2
DA:87,0
DA:89,2
DA:93,2
DA:95,0
DA:97,2
DA:101,2
DA:105,2
DA:109,2
DA:113,2
DA:117,2
DA:121,2
DA:123,2
DA:125,0
LF:46
LH:38
BRDA:13,0,0,2
BRDA:13,0,1,2
BRDA:21,1,0,2
BRDA:21,1,1,2
BRDA:125,2,0,0
BRDA:125,2,1,0
BRF:6
BRH:4
end_of_record
TN:
SF:src\modules\wiki-fix\knowledge-graph.service.ts
FN:11,(anonymous_4)
FN:18,(anonymous_5)
FN:22,(anonymous_6)
FN:69,(anonymous_7)
FN:75,(anonymous_8)
FN:84,(anonymous_9)
FN:101,(anonymous_10)
FNF:7
FNH:5
FNDA:4,(anonymous_4)
FNDA:2,(anonymous_5)
FNDA:2,(anonymous_6)
FNDA:0,(anonymous_7)
FNDA:0,(anonymous_8)
FNDA:1,(anonymous_9)
FNDA:7,(anonymous_10)
DA:1,1
DA:2,1
DA:3,1
DA:4,1
DA:5,1
DA:8,1
DA:9,4
DA:13,4
DA:15,4
DA:19,2
DA:23,2
DA:24,2
DA:26,1
DA:28,1
DA:34,1
DA:39,1
DA:46,1
DA:48,1
DA:49,9
DA:50,9
DA:54,1
DA:56,1
DA:58,1
DA:60,1
DA:61,1
DA:63,1
DA:64,1
DA:66,1
DA:70,0
DA:75,0
DA:76,0
DA:79,0
DA:92,1
DA:102,7
DA:103,7
DA:105,7
DA:107,7
DA:113,7
LF:38
LH:34
BRDA:24,0,0,1
BRDA:69,1,0,0
BRDA:76,2,0,0
BRDA:76,2,1,0
BRDA:105,3,0,0
BRDA:105,4,0,7
BRDA:105,4,1,7
BRF:7
BRH:3
end_of_record
TN:
SF:src\modules\wiki-fix\wiki-fix.controller.ts
FN:10,(anonymous_4)
FN:14,(anonymous_5)
FN:22,(anonymous_6)
FN:27,(anonymous_7)
FN:33,(anonymous_8)
FNF:5
FNH:5
FNDA:5,(anonymous_4)
FNDA:1,(anonymous_5)
FNDA:1,(anonymous_6)
FNDA:1,(anonymous_7)
FNDA:1,(anonymous_8)
DA:1,1
DA:2,1
DA:3,1
DA:5,1
DA:6,1
DA:9,1
DA:10,5
DA:14,1
DA:18,1
DA:22,1
DA:23,1
DA:27,1
DA:28,1
DA:33,1
DA:34,1
LF:15
LH:15
BRF:0
BRH:0
end_of_record
TN:
SF:src\modules\wiki-fix\wiki-fix.module.ts
FNF:0
FNH:0
DA:1,0
DA:2,0
DA:3,0
DA:4,0
DA:5,0
DA:6,0
DA:7,0
DA:8,0
DA:9,0
DA:10,0
DA:18,0
LF:11
LH:0
BRF:0
BRH:0
end_of_record
TN:
SF:src\modules\wiki-fix\wiki-fix.resolver.ts
FN:8,(anonymous_4)
FN:11,(anonymous_5)
FN:16,(anonymous_6)
FN:21,(anonymous_7)
FN:10,(anonymous_8)
FN:15,(anonymous_9)
FN:16,(anonymous_10)
FN:20,(anonymous_11)
FN:22,(anonymous_12)
FN:23,(anonymous_13)
FN:24,(anonymous_14)
FNF:11
FNH:0
FNDA:0,(anonymous_4)
FNDA:0,(anonymous_5)
FNDA:0,(anonymous_6)
FNDA:0,(anonymous_7)
FNDA:0,(anonymous_8)
FNDA:0,(anonymous_9)
FNDA:0,(anonymous_10)
FNDA:0,(anonymous_11)
FNDA:0,(anonymous_12)
FNDA:0,(anonymous_13)
FNDA:0,(anonymous_14)
DA:1,0
DA:2,0
DA:3,0
DA:4,0
DA:7,0
DA:8,0
DA:10,0
DA:11,0
DA:12,0
DA:15,0
DA:16,0
DA:17,0
DA:20,0
DA:21,0
DA:22,0
DA:23,0
DA:24,0
DA:26,0
LF:18
LH:0
BRF:0
BRH:0
end_of_record
TN:
SF:src\modules\wiki-fix\wiki-fix.service.ts
FN:10,(anonymous_4)
FN:17,(anonymous_5)
FN:25,(anonymous_6)
FN:55,(anonymous_7)
FN:64,(anonymous_8)
FNF:5
FNH:5
FNDA:7,(anonymous_4)
FNDA:1,(anonymous_5)
FNDA:3,(anonymous_6)
FNDA:3,(anonymous_7)
FNDA:1,(anonymous_8)
DA:1,2
DA:2,2
DA:3,2
DA:4,2
DA:5,2
DA:9,2
DA:12,7
DA:14,7
DA:18,1
DA:22,1
DA:26,3
DA:27,3
DA:29,3
DA:33,3
DA:34,1
DA:37,3
DA:38,1
DA:41,3
DA:47,3
DA:56,3
DA:60,3
DA:61,2
DA:65,1
DA:66,1
DA:67,1
LF:25
LH:25
BRDA:26,0,0,2
BRDA:26,1,0,2
BRDA:33,2,0,1
BRDA:37,3,0,1
BRDA:60,4,0,1
BRF:5
BRH:5
end_of_record
TN:
SF:src\modules\wiki-fix\dto\wiki-fix.dto.ts
FNF:0
FNH:0
DA:1,1
DA:3,1
DA:6,1
DA:10,1
DA:15,1
DA:18,1
DA:21,1
DA:25,1
DA:28,1
DA:31,1
LF:10
LH:10
BRF:0
BRH:0
end_of_record
TN:
SF:src\modules\wiki-fix\entities\knowledge-edge.entity.ts
FN:5,(anonymous_2)
FN:18,(anonymous_3)
FN:22,(anonymous_4)
FN:23,(anonymous_5)
FN:23,(anonymous_6)
FN:26,(anonymous_7)
FN:27,(anonymous_8)
FN:27,(anonymous_9)
FN:30,(anonymous_10)
FNF:9
FNH:1
FNDA:1,(anonymous_2)
FNDA:0,(anonymous_3)
FNDA:0,(anonymous_4)
FNDA:0,(anonymous_5)
FNDA:0,(anonymous_6)
FNDA:0,(anonymous_7)
FNDA:0,(anonymous_8)
FNDA:0,(anonymous_9)
FNDA:0,(anonymous_10)
DA:1,1
DA:2,1
DA:3,1
DA:5,1
DA:6,1
DA:7,1
DA:8,1
DA:9,1
DA:10,1
DA:13,1
DA:17,1
DA:18,0
DA:20,1
DA:22,0
DA:23,0
DA:24,1
DA:26,0
DA:27,0
DA:28,1
DA:30,0
DA:32,1
DA:36,1
LF:22
LH:16
BRDA:5,0,0,1
BRDA:5,0,1,1
BRF:2
BRH:2
end_of_record
TN:
SF:src\modules\wiki-fix\entities\knowledge-node.entity.ts
FN:5,(anonymous_2)
FN:18,(anonymous_3)
FN:26,(anonymous_4)
FN:34,(anonymous_5)
FN:38,(anonymous_6)
FN:42,(anonymous_7)
FNF:6
FNH:1
FNDA:1,(anonymous_2)
FNDA:0,(anonymous_3)
FNDA:0,(anonymous_4)
FNDA:0,(anonymous_5)
FNDA:0,(anonymous_6)
FNDA:0,(anonymous_7)
DA:1,1
DA:2,1
DA:5,1
DA:6,1
DA:7,1
DA:8,1
DA:9,1
DA:10,1
DA:13,1
DA:17,1
DA:18,0
DA:20,1
DA:24,1
DA:26,0
DA:28,1
DA:32,1
DA:34,0
DA:36,1
DA:38,0
DA:40,1
DA:42,0
DA:44,1
DA:48,1
DA:52,1
LF:24
LH:19
BRDA:5,0,0,1
BRDA:5,0,1,1
BRF:2
BRH:2
end_of_record
TN:
SF:src\modules\wiki-fix\entities\repair-pattern.entity.ts
FN:8,(anonymous_2)
FN:16,(anonymous_3)
FN:25,(anonymous_4)
FN:29,(anonymous_5)
FN:33,(anonymous_6)
FNF:5
FNH:0
FNDA:0,(anonymous_2)
FNDA:0,(anonymous_3)
FNDA:0,(anonymous_4)
FNDA:0,(anonymous_5)
FNDA:0,(anonymous_6)
DA:1,2
DA:2,2
DA:3,2
DA:7,2
DA:8,0
DA:10,2
DA:14,2
DA:16,0
DA:19,2
DA:23,2
DA:25,0
DA:27,2
DA:29,0
DA:31,2
DA:33,0
DA:35,2
LF:16
LH:11
BRF:0
BRH:0
end_of_record
TN:
SF:src\modules\wiki-fix\entities\wiki-post.entity.ts
FN:9,(anonymous_2)
FN:21,(anonymous_3)
FN:25,(anonymous_4)
FN:29,(anonymous_5)
FN:37,(anonymous_6)
FN:38,(anonymous_7)
FN:42,(anonymous_8)
FNF:7
FNH:0
FNDA:0,(anonymous_2)
FNDA:0,(anonymous_3)
FNDA:0,(anonymous_4)
FNDA:0,(anonymous_5)
FNDA:0,(anonymous_6)
FNDA:0,(anonymous_7)
FNDA:0,(anonymous_8)
DA:1,2
DA:2,2
DA:3,2
DA:4,2
DA:8,2
DA:9,0
DA:11,2
DA:15,2
DA:19,2
DA:21,0
DA:23,2
DA:25,0
DA:27,2
DA:29,0
DA:31,2
DA:35,2
DA:37,0
DA:38,0
DA:40,2
DA:42,0
DA:44,2
DA:48,2
DA:52,2
LF:23
LH:16
BRF:0
BRH:0
end_of_record
