  Determining projects to restore...
  All projects are up-to-date for restore.
  HOPE.Core -> C:\Users\Test\Documents\H.O.P.E\src\desktop\HOPE.Core\bin\Debug\net8.0-windows\HOPE.Core.dll
  HOPE.Desktop -> C:\Users\Test\Documents\H.O.P.E\src\desktop\HOPE.Desktop\bin\Debug\net8.0-windows\HOPE.Desktop.dll
C:\Users\Test\Documents\H.O.P.E\src\desktop\HOPE.Desktop.Tests\CloudSafetyServiceTests.cs(10,39): warning CS8618: Non-nullable field '_handler' must contain a non-null value when exiting constructor. Consider adding the 'required' modifier or declaring the field as nullable. [C:\Users\Test\Documents\H.O.P.E\src\desktop\HOPE.Desktop.Tests\HOPE.Desktop.Tests.csproj]
C:\Users\Test\Documents\H.O.P.E\src\desktop\HOPE.Desktop.Tests\CloudSafetyServiceTests.cs(11,32): warning CS8618: Non-nullable field '_service' must contain a non-null value when exiting constructor. Consider adding the 'required' modifier or declaring the field as nullable. [C:\Users\Test\Documents\H.O.P.E\src\desktop\HOPE.Desktop.Tests\HOPE.Desktop.Tests.csproj]
C:\Users\Test\Documents\H.O.P.E\src\desktop\HOPE.Desktop.Tests\Services\Security\CalibrationLedgerServiceTests.cs(33,70): warning CS8600: Converting null literal or possible null value to non-nullable type. [C:\Users\Test\Documents\H.O.P.E\src\desktop\HOPE.Desktop.Tests\HOPE.Desktop.Tests.csproj]
C:\Users\Test\Documents\H.O.P.E\src\desktop\HOPE.Desktop.Tests\Services\Community\WikiFixServiceTests.cs(68,54): warning CS8602: Dereference of a possibly null reference. [C:\Users\Test\Documents\H.O.P.E\src\desktop\HOPE.Desktop.Tests\HOPE.Desktop.Tests.csproj]
C:\Users\Test\Documents\H.O.P.E\src\desktop\HOPE.Desktop.Tests\ViewModels\DTCViewModelTests.cs(30,26): error CS1729: 'DTCViewModel' does not contain a constructor that takes 4 arguments [C:\Users\Test\Documents\H.O.P.E\src\desktop\HOPE.Desktop.Tests\HOPE.Desktop.Tests.csproj]
C:\Users\Test\Documents\H.O.P.E\src\desktop\HOPE.Desktop.Tests\ViewModels\DashboardViewModelTests.cs(89,71): warning CS8625: Cannot convert null literal to non-nullable reference type. [C:\Users\Test\Documents\H.O.P.E\src\desktop\HOPE.Desktop.Tests\HOPE.Desktop.Tests.csproj]
C:\Users\Test\Documents\H.O.P.E\src\desktop\HOPE.Desktop.Tests\ViewModels\LoginViewModelTests.cs(25,38): error CS0246: The type or namespace name 'UserLoggedInEvent' could not be found (are you missing a using directive or an assembly reference?) [C:\Users\Test\Documents\H.O.P.E\src\desktop\HOPE.Desktop.Tests\HOPE.Desktop.Tests.csproj]
C:\Users\Test\Documents\H.O.P.E\src\desktop\HOPE.Desktop.Tests\ViewModels\LoginViewModelTests.cs(26,58): error CS0246: The type or namespace name 'UserLoggedInEvent' could not be found (are you missing a using directive or an assembly reference?) [C:\Users\Test\Documents\H.O.P.E\src\desktop\HOPE.Desktop.Tests\HOPE.Desktop.Tests.csproj]
C:\Users\Test\Documents\H.O.P.E\src\desktop\HOPE.Desktop.Tests\ViewModels\MultiViewEditorViewModelTests.cs(119,26): warning CS8604: Possible null reference argument for parameter 'source' in 'int Enumerable.Count<double>(IEnumerable<double> source)'. [C:\Users\Test\Documents\H.O.P.E\src\desktop\HOPE.Desktop.Tests\HOPE.Desktop.Tests.csproj]

Build FAILED.

C:\Users\Test\Documents\H.O.P.E\src\desktop\HOPE.Desktop.Tests\CloudSafetyServiceTests.cs(10,39): warning CS8618: Non-nullable field '_handler' must contain a non-null value when exiting constructor. Consider adding the 'required' modifier or declaring the field as nullable. [C:\Users\Test\Documents\H.O.P.E\src\desktop\HOPE.Desktop.Tests\HOPE.Desktop.Tests.csproj]
C:\Users\Test\Documents\H.O.P.E\src\desktop\HOPE.Desktop.Tests\CloudSafetyServiceTests.cs(11,32): warning CS8618: Non-nullable field '_service' must contain a non-null value when exiting constructor. Consider adding the 'required' modifier or declaring the field as nullable. [C:\Users\Test\Documents\H.O.P.E\src\desktop\HOPE.Desktop.Tests\HOPE.Desktop.Tests.csproj]
C:\Users\Test\Documents\H.O.P.E\src\desktop\HOPE.Desktop.Tests\Services\Security\CalibrationLedgerServiceTests.cs(33,70): warning CS8600: Converting null literal or possible null value to non-nullable type. [C:\Users\Test\Documents\H.O.P.E\src\desktop\HOPE.Desktop.Tests\HOPE.Desktop.Tests.csproj]
C:\Users\Test\Documents\H.O.P.E\src\desktop\HOPE.Desktop.Tests\Services\Community\WikiFixServiceTests.cs(68,54): warning CS8602: Dereference of a possibly null reference. [C:\Users\Test\Documents\H.O.P.E\src\desktop\HOPE.Desktop.Tests\HOPE.Desktop.Tests.csproj]
C:\Users\Test\Documents\H.O.P.E\src\desktop\HOPE.Desktop.Tests\ViewModels\DashboardViewModelTests.cs(89,71): warning CS8625: Cannot convert null literal to non-nullable reference type. [C:\Users\Test\Documents\H.O.P.E\src\desktop\HOPE.Desktop.Tests\HOPE.Desktop.Tests.csproj]
C:\Users\Test\Documents\H.O.P.E\src\desktop\HOPE.Desktop.Tests\ViewModels\MultiViewEditorViewModelTests.cs(119,26): warning CS8604: Possible null reference argument for parameter 'source' in 'int Enumerable.Count<double>(IEnumerable<double> source)'. [C:\Users\Test\Documents\H.O.P.E\src\desktop\HOPE.Desktop.Tests\HOPE.Desktop.Tests.csproj]
C:\Users\Test\Documents\H.O.P.E\src\desktop\HOPE.Desktop.Tests\ViewModels\DTCViewModelTests.cs(30,26): error CS1729: 'DTCViewModel' does not contain a constructor that takes 4 arguments [C:\Users\Test\Documents\H.O.P.E\src\desktop\HOPE.Desktop.Tests\HOPE.Desktop.Tests.csproj]
C:\Users\Test\Documents\H.O.P.E\src\desktop\HOPE.Desktop.Tests\ViewModels\LoginViewModelTests.cs(25,38): error CS0246: The type or namespace name 'UserLoggedInEvent' could not be found (are you missing a using directive or an assembly reference?) [C:\Users\Test\Documents\H.O.P.E\src\desktop\HOPE.Desktop.Tests\HOPE.Desktop.Tests.csproj]
C:\Users\Test\Documents\H.O.P.E\src\desktop\HOPE.Desktop.Tests\ViewModels\LoginViewModelTests.cs(26,58): error CS0246: The type or namespace name 'UserLoggedInEvent' could not be found (are you missing a using directive or an assembly reference?) [C:\Users\Test\Documents\H.O.P.E\src\desktop\HOPE.Desktop.Tests\HOPE.Desktop.Tests.csproj]
    6 Warning(s)
    3 Error(s)

Time Elapsed 00:00:05.84
