  Determining projects to restore...
  All projects are up-to-date for restore.
  HOPE.Core -> C:\Users\Test\Documents\H.O.P.E\src\desktop\HOPE.Core\bin\Debug\net8.0-windows\HOPE.Core.dll
  HOPE.Desktop -> C:\Users\Test\Documents\H.O.P.E\src\desktop\HOPE.Desktop\bin\Debug\net8.0-windows\HOPE.Desktop.dll
C:\Users\Test\Documents\H.O.P.E\src\desktop\HOPE.Desktop.Tests\CalibrationRepositoryTests.cs(13,25): error CS0103: The name 'Path' does not exist in the current context [C:\Users\Test\Documents\H.O.P.E\src\desktop\HOPE.Desktop.Tests\HOPE.Desktop.Tests.csproj]
C:\Users\Test\Documents\H.O.P.E\src\desktop\HOPE.Desktop.Tests\CalibrationRepositoryTests.cs(13,38): error CS0103: The name 'Path' does not exist in the current context [C:\Users\Test\Documents\H.O.P.E\src\desktop\HOPE.Desktop.Tests\HOPE.Desktop.Tests.csproj]
C:\Users\Test\Documents\H.O.P.E\src\desktop\HOPE.Desktop.Tests\CalibrationRepositoryTests.cs(20,13): error CS0103: The name 'Directory' does not exist in the current context [C:\Users\Test\Documents\H.O.P.E\src\desktop\HOPE.Desktop.Tests\HOPE.Desktop.Tests.csproj]
C:\Users\Test\Documents\H.O.P.E\src\desktop\HOPE.Desktop.Tests\CalibrationRepositoryTests.cs(22,13): error CS0103: The name 'Directory' does not exist in the current context [C:\Users\Test\Documents\H.O.P.E\src\desktop\HOPE.Desktop.Tests\HOPE.Desktop.Tests.csproj]
C:\Users\Test\Documents\H.O.P.E\src\desktop\HOPE.Desktop.Tests\CalibrationRepositoryTests.cs(33,21): error CS0103: The name 'Directory' does not exist in the current context [C:\Users\Test\Documents\H.O.P.E\src\desktop\HOPE.Desktop.Tests\HOPE.Desktop.Tests.csproj]
C:\Users\Test\Documents\H.O.P.E\src\desktop\HOPE.Desktop.Tests\CalibrationRepositoryTests.cs(34,21): error CS0103: The name 'Directory' does not exist in the current context [C:\Users\Test\Documents\H.O.P.E\src\desktop\HOPE.Desktop.Tests\HOPE.Desktop.Tests.csproj]
C:\Users\Test\Documents\H.O.P.E\src\desktop\HOPE.Desktop.Tests\CalibrationRepositoryTests.cs(34,38): error CS0103: The name 'Path' does not exist in the current context [C:\Users\Test\Documents\H.O.P.E\src\desktop\HOPE.Desktop.Tests\HOPE.Desktop.Tests.csproj]
C:\Users\Test\Documents\H.O.P.E\src\desktop\HOPE.Desktop.Tests\CalibrationRepositoryTests.cs(35,21): error CS0103: The name 'Directory' does not exist in the current context [C:\Users\Test\Documents\H.O.P.E\src\desktop\HOPE.Desktop.Tests\HOPE.Desktop.Tests.csproj]
C:\Users\Test\Documents\H.O.P.E\src\desktop\HOPE.Desktop.Tests\CalibrationRepositoryTests.cs(35,38): error CS0103: The name 'Path' does not exist in the current context [C:\Users\Test\Documents\H.O.P.E\src\desktop\HOPE.Desktop.Tests\HOPE.Desktop.Tests.csproj]
C:\Users\Test\Documents\H.O.P.E\src\desktop\HOPE.Desktop.Tests\CalibrationRepositoryTests.cs(36,21): error CS0103: The name 'Directory' does not exist in the current context [C:\Users\Test\Documents\H.O.P.E\src\desktop\HOPE.Desktop.Tests\HOPE.Desktop.Tests.csproj]
C:\Users\Test\Documents\H.O.P.E\src\desktop\HOPE.Desktop.Tests\CalibrationRepositoryTests.cs(36,38): error CS0103: The name 'Path' does not exist in the current context [C:\Users\Test\Documents\H.O.P.E\src\desktop\HOPE.Desktop.Tests\HOPE.Desktop.Tests.csproj]
C:\Users\Test\Documents\H.O.P.E\src\desktop\HOPE.Desktop.Tests\CalibrationRepositoryTests.cs(37,21): error CS0103: The name 'File' does not exist in the current context [C:\Users\Test\Documents\H.O.P.E\src\desktop\HOPE.Desktop.Tests\HOPE.Desktop.Tests.csproj]
C:\Users\Test\Documents\H.O.P.E\src\desktop\HOPE.Desktop.Tests\CalibrationRepositoryTests.cs(37,33): error CS0103: The name 'Path' does not exist in the current context [C:\Users\Test\Documents\H.O.P.E\src\desktop\HOPE.Desktop.Tests\HOPE.Desktop.Tests.csproj]
C:\Users\Test\Documents\H.O.P.E\src\desktop\HOPE.Desktop.Tests\CalibrationRepositoryTests.cs(38,21): error CS0103: The name 'File' does not exist in the current context [C:\Users\Test\Documents\H.O.P.E\src\desktop\HOPE.Desktop.Tests\HOPE.Desktop.Tests.csproj]
C:\Users\Test\Documents\H.O.P.E\src\desktop\HOPE.Desktop.Tests\CalibrationRepositoryTests.cs(38,33): error CS0103: The name 'Path' does not exist in the current context [C:\Users\Test\Documents\H.O.P.E\src\desktop\HOPE.Desktop.Tests\HOPE.Desktop.Tests.csproj]
C:\Users\Test\Documents\H.O.P.E\src\desktop\HOPE.Desktop.Tests\CalibrationRepositoryTests.cs(52,27): error CS0103: The name 'Path' does not exist in the current context [C:\Users\Test\Documents\H.O.P.E\src\desktop\HOPE.Desktop.Tests\HOPE.Desktop.Tests.csproj]
C:\Users\Test\Documents\H.O.P.E\src\desktop\HOPE.Desktop.Tests\CalibrationRepositoryTests.cs(53,21): error CS0103: The name 'File' does not exist in the current context [C:\Users\Test\Documents\H.O.P.E\src\desktop\HOPE.Desktop.Tests\HOPE.Desktop.Tests.csproj]
C:\Users\Test\Documents\H.O.P.E\src\desktop\HOPE.Desktop.Tests\CalibrationRepositoryTests.cs(72,27): error CS0103: The name 'Path' does not exist in the current context [C:\Users\Test\Documents\H.O.P.E\src\desktop\HOPE.Desktop.Tests\HOPE.Desktop.Tests.csproj]
C:\Users\Test\Documents\H.O.P.E\src\desktop\HOPE.Desktop.Tests\CalibrationRepositoryTests.cs(73,22): error CS0103: The name 'File' does not exist in the current context [C:\Users\Test\Documents\H.O.P.E\src\desktop\HOPE.Desktop.Tests\HOPE.Desktop.Tests.csproj]
C:\Users\Test\Documents\H.O.P.E\src\desktop\HOPE.Desktop.Tests\CalibrationRepositoryTests.cs(189,23): error CS0103: The name 'Path' does not exist in the current context [C:\Users\Test\Documents\H.O.P.E\src\desktop\HOPE.Desktop.Tests\HOPE.Desktop.Tests.csproj]
C:\Users\Test\Documents\H.O.P.E\src\desktop\HOPE.Desktop.Tests\CalibrationRepositoryTests.cs(190,21): error CS0103: The name 'File' does not exist in the current context [C:\Users\Test\Documents\H.O.P.E\src\desktop\HOPE.Desktop.Tests\HOPE.Desktop.Tests.csproj]
C:\Users\Test\Documents\H.O.P.E\src\desktop\HOPE.Desktop.Tests\CalibrationRepositoryTests.cs(199,26): error CS0103: The name 'Path' does not exist in the current context [C:\Users\Test\Documents\H.O.P.E\src\desktop\HOPE.Desktop.Tests\HOPE.Desktop.Tests.csproj]
C:\Users\Test\Documents\H.O.P.E\src\desktop\HOPE.Desktop.Tests\CalibrationRepositoryTests.cs(205,21): error CS0103: The name 'File' does not exist in the current context [C:\Users\Test\Documents\H.O.P.E\src\desktop\HOPE.Desktop.Tests\HOPE.Desktop.Tests.csproj]
C:\Users\Test\Documents\H.O.P.E\src\desktop\HOPE.Desktop.Tests\CalibrationRepositoryTests.cs(206,34): error CS0103: The name 'File' does not exist in the current context [C:\Users\Test\Documents\H.O.P.E\src\desktop\HOPE.Desktop.Tests\HOPE.Desktop.Tests.csproj]
C:\Users\Test\Documents\H.O.P.E\src\desktop\HOPE.Desktop.Tests\CalibrationRepositoryTests.cs(283,32): error CS0246: The type or namespace name 'MemoryStream' could not be found (are you missing a using directive or an assembly reference?) [C:\Users\Test\Documents\H.O.P.E\src\desktop\HOPE.Desktop.Tests\HOPE.Desktop.Tests.csproj]
C:\Users\Test\Documents\H.O.P.E\src\desktop\HOPE.Desktop.Tests\UdsProtocolServiceTests.cs(380,79): warning xUnit1031: Test methods should not use blocking task operations, as they can cause deadlocks. Use an async test method and await instead. (https://xunit.net/xunit.analyzers/rules/xUnit1031) [C:\Users\Test\Documents\H.O.P.E\src\desktop\HOPE.Desktop.Tests\HOPE.Desktop.Tests.csproj]

Build FAILED.

C:\Users\Test\Documents\H.O.P.E\src\desktop\HOPE.Desktop.Tests\UdsProtocolServiceTests.cs(380,79): warning xUnit1031: Test methods should not use blocking task operations, as they can cause deadlocks. Use an async test method and await instead. (https://xunit.net/xunit.analyzers/rules/xUnit1031) [C:\Users\Test\Documents\H.O.P.E\src\desktop\HOPE.Desktop.Tests\HOPE.Desktop.Tests.csproj]
C:\Users\Test\Documents\H.O.P.E\src\desktop\HOPE.Desktop.Tests\CalibrationRepositoryTests.cs(13,25): error CS0103: The name 'Path' does not exist in the current context [C:\Users\Test\Documents\H.O.P.E\src\desktop\HOPE.Desktop.Tests\HOPE.Desktop.Tests.csproj]
C:\Users\Test\Documents\H.O.P.E\src\desktop\HOPE.Desktop.Tests\CalibrationRepositoryTests.cs(13,38): error CS0103: The name 'Path' does not exist in the current context [C:\Users\Test\Documents\H.O.P.E\src\desktop\HOPE.Desktop.Tests\HOPE.Desktop.Tests.csproj]
C:\Users\Test\Documents\H.O.P.E\src\desktop\HOPE.Desktop.Tests\CalibrationRepositoryTests.cs(20,13): error CS0103: The name 'Directory' does not exist in the current context [C:\Users\Test\Documents\H.O.P.E\src\desktop\HOPE.Desktop.Tests\HOPE.Desktop.Tests.csproj]
C:\Users\Test\Documents\H.O.P.E\src\desktop\HOPE.Desktop.Tests\CalibrationRepositoryTests.cs(22,13): error CS0103: The name 'Directory' does not exist in the current context [C:\Users\Test\Documents\H.O.P.E\src\desktop\HOPE.Desktop.Tests\HOPE.Desktop.Tests.csproj]
C:\Users\Test\Documents\H.O.P.E\src\desktop\HOPE.Desktop.Tests\CalibrationRepositoryTests.cs(33,21): error CS0103: The name 'Directory' does not exist in the current context [C:\Users\Test\Documents\H.O.P.E\src\desktop\HOPE.Desktop.Tests\HOPE.Desktop.Tests.csproj]
C:\Users\Test\Documents\H.O.P.E\src\desktop\HOPE.Desktop.Tests\CalibrationRepositoryTests.cs(34,21): error CS0103: The name 'Directory' does not exist in the current context [C:\Users\Test\Documents\H.O.P.E\src\desktop\HOPE.Desktop.Tests\HOPE.Desktop.Tests.csproj]
C:\Users\Test\Documents\H.O.P.E\src\desktop\HOPE.Desktop.Tests\CalibrationRepositoryTests.cs(34,38): error CS0103: The name 'Path' does not exist in the current context [C:\Users\Test\Documents\H.O.P.E\src\desktop\HOPE.Desktop.Tests\HOPE.Desktop.Tests.csproj]
C:\Users\Test\Documents\H.O.P.E\src\desktop\HOPE.Desktop.Tests\CalibrationRepositoryTests.cs(35,21): error CS0103: The name 'Directory' does not exist in the current context [C:\Users\Test\Documents\H.O.P.E\src\desktop\HOPE.Desktop.Tests\HOPE.Desktop.Tests.csproj]
C:\Users\Test\Documents\H.O.P.E\src\desktop\HOPE.Desktop.Tests\CalibrationRepositoryTests.cs(35,38): error CS0103: The name 'Path' does not exist in the current context [C:\Users\Test\Documents\H.O.P.E\src\desktop\HOPE.Desktop.Tests\HOPE.Desktop.Tests.csproj]
C:\Users\Test\Documents\H.O.P.E\src\desktop\HOPE.Desktop.Tests\CalibrationRepositoryTests.cs(36,21): error CS0103: The name 'Directory' does not exist in the current context [C:\Users\Test\Documents\H.O.P.E\src\desktop\HOPE.Desktop.Tests\HOPE.Desktop.Tests.csproj]
C:\Users\Test\Documents\H.O.P.E\src\desktop\HOPE.Desktop.Tests\CalibrationRepositoryTests.cs(36,38): error CS0103: The name 'Path' does not exist in the current context [C:\Users\Test\Documents\H.O.P.E\src\desktop\HOPE.Desktop.Tests\HOPE.Desktop.Tests.csproj]
C:\Users\Test\Documents\H.O.P.E\src\desktop\HOPE.Desktop.Tests\CalibrationRepositoryTests.cs(37,21): error CS0103: The name 'File' does not exist in the current context [C:\Users\Test\Documents\H.O.P.E\src\desktop\HOPE.Desktop.Tests\HOPE.Desktop.Tests.csproj]
C:\Users\Test\Documents\H.O.P.E\src\desktop\HOPE.Desktop.Tests\CalibrationRepositoryTests.cs(37,33): error CS0103: The name 'Path' does not exist in the current context [C:\Users\Test\Documents\H.O.P.E\src\desktop\HOPE.Desktop.Tests\HOPE.Desktop.Tests.csproj]
C:\Users\Test\Documents\H.O.P.E\src\desktop\HOPE.Desktop.Tests\CalibrationRepositoryTests.cs(38,21): error CS0103: The name 'File' does not exist in the current context [C:\Users\Test\Documents\H.O.P.E\src\desktop\HOPE.Desktop.Tests\HOPE.Desktop.Tests.csproj]
C:\Users\Test\Documents\H.O.P.E\src\desktop\HOPE.Desktop.Tests\CalibrationRepositoryTests.cs(38,33): error CS0103: The name 'Path' does not exist in the current context [C:\Users\Test\Documents\H.O.P.E\src\desktop\HOPE.Desktop.Tests\HOPE.Desktop.Tests.csproj]
C:\Users\Test\Documents\H.O.P.E\src\desktop\HOPE.Desktop.Tests\CalibrationRepositoryTests.cs(52,27): error CS0103: The name 'Path' does not exist in the current context [C:\Users\Test\Documents\H.O.P.E\src\desktop\HOPE.Desktop.Tests\HOPE.Desktop.Tests.csproj]
C:\Users\Test\Documents\H.O.P.E\src\desktop\HOPE.Desktop.Tests\CalibrationRepositoryTests.cs(53,21): error CS0103: The name 'File' does not exist in the current context [C:\Users\Test\Documents\H.O.P.E\src\desktop\HOPE.Desktop.Tests\HOPE.Desktop.Tests.csproj]
C:\Users\Test\Documents\H.O.P.E\src\desktop\HOPE.Desktop.Tests\CalibrationRepositoryTests.cs(72,27): error CS0103: The name 'Path' does not exist in the current context [C:\Users\Test\Documents\H.O.P.E\src\desktop\HOPE.Desktop.Tests\HOPE.Desktop.Tests.csproj]
C:\Users\Test\Documents\H.O.P.E\src\desktop\HOPE.Desktop.Tests\CalibrationRepositoryTests.cs(73,22): error CS0103: The name 'File' does not exist in the current context [C:\Users\Test\Documents\H.O.P.E\src\desktop\HOPE.Desktop.Tests\HOPE.Desktop.Tests.csproj]
C:\Users\Test\Documents\H.O.P.E\src\desktop\HOPE.Desktop.Tests\CalibrationRepositoryTests.cs(189,23): error CS0103: The name 'Path' does not exist in the current context [C:\Users\Test\Documents\H.O.P.E\src\desktop\HOPE.Desktop.Tests\HOPE.Desktop.Tests.csproj]
C:\Users\Test\Documents\H.O.P.E\src\desktop\HOPE.Desktop.Tests\CalibrationRepositoryTests.cs(190,21): error CS0103: The name 'File' does not exist in the current context [C:\Users\Test\Documents\H.O.P.E\src\desktop\HOPE.Desktop.Tests\HOPE.Desktop.Tests.csproj]
C:\Users\Test\Documents\H.O.P.E\src\desktop\HOPE.Desktop.Tests\CalibrationRepositoryTests.cs(199,26): error CS0103: The name 'Path' does not exist in the current context [C:\Users\Test\Documents\H.O.P.E\src\desktop\HOPE.Desktop.Tests\HOPE.Desktop.Tests.csproj]
C:\Users\Test\Documents\H.O.P.E\src\desktop\HOPE.Desktop.Tests\CalibrationRepositoryTests.cs(205,21): error CS0103: The name 'File' does not exist in the current context [C:\Users\Test\Documents\H.O.P.E\src\desktop\HOPE.Desktop.Tests\HOPE.Desktop.Tests.csproj]
C:\Users\Test\Documents\H.O.P.E\src\desktop\HOPE.Desktop.Tests\CalibrationRepositoryTests.cs(206,34): error CS0103: The name 'File' does not exist in the current context [C:\Users\Test\Documents\H.O.P.E\src\desktop\HOPE.Desktop.Tests\HOPE.Desktop.Tests.csproj]
C:\Users\Test\Documents\H.O.P.E\src\desktop\HOPE.Desktop.Tests\CalibrationRepositoryTests.cs(283,32): error CS0246: The type or namespace name 'MemoryStream' could not be found (are you missing a using directive or an assembly reference?) [C:\Users\Test\Documents\H.O.P.E\src\desktop\HOPE.Desktop.Tests\HOPE.Desktop.Tests.csproj]
    1 Warning(s)
    25 Error(s)

Time Elapsed 00:00:02.59
